
############# Inductive Bias Learning for Dynamical Systems #############

Jax version: 0.4.23
Available devices: [cuda(id=0)]
No training. Loading data and results from: ./
WARNING: You did not provide a dataloader id. A new one has been generated: 094402
WARNING: Note that this id used to distuinguish between adaptations to different environments.
WARNING: batch_size must be between 0 and nb_trajs_per_env. Setting batch_size to maximum.
WARNING: You did not provide a dataloader id. A new one has been generated: 094402
WARNING: Note that this id used to distuinguish between adaptations to different environments.
WARNING: batch_size must be between 0 and nb_trajs_per_env. Setting batch_size to maximum.


Total number of parameters in the model: 308240 


WARNING: No key provided for the context initialization. Initializing at 0.

No training, loading model and results from ./ folder ...

WARNING: You did not provide a dataloader id. A new one has been generated: 094403
WARNING: Note that this id used to distuinguish between adaptations to different environments.
WARNING: batch_size must be between 0 and nb_trajs_per_env. Setting batch_size to maximum.
WARNING: No key provided, using time as seed
==  Begining in-domain testing ... ==
    Number of training environments: 9
    Final length of the training trajectories: 20
    Length of the testing trajectories: 20
Test Score (In-Domain): 4.933634e-05


############# Inductive Bias Learning for Dynamical Systems #############

Jax version: 0.4.23
Available devices: [cuda(id=0)]
Running this script in ipython (Jupyter) session ? False
=== Parsed arguments to generate data ===
 Split: adapt
 Savepath: ./adapt/
 Seed: 6078


############# Inductive Bias Learning for Dynamical Systems #############

Jax version: 0.4.23
Available devices: [cuda(id=0)]
Running this script in ipython (Jupyter) session ? False
=== Parsed arguments to generate data ===
 Split: adapt_test
 Savepath: ./adapt/
 Seed: 6078

WARNING: batch_size must be between 0 and nb_trajs_per_env. Setting batch_size to maximum.
WARNING: batch_size must be between 0 and nb_trajs_per_env. Setting batch_size to maximum.

==================== Sequential adaptation ====================


=== Beginning sequential adaptation ... ===
    Number of examples in a batch: 1
    Number of train steps per epoch: 1
    Number of training epochs: 1500
    Total number of training steps: 1500

Adapting to environment 0 ...
WARNING: You are demanding a shuffled dataset but did not provide any keys for that.
WARNING: No key provided, using time as seed
WARNING: batch_size must be between 0 and nb_trajs_per_env. Setting batch_size to maximum.
WARNING: No key provided for the context initialization. Initializing at 0.
WARNING: No key provided, using time as seed

Compiling function "train_step" for context ...
Shapes of elements in a batch: (1, 1, 20, 2) (20,)
    Epoch:     0     LossContext: 0.03221798
    Epoch:     1     LossContext: 0.01772809
    Epoch:     2     LossContext: 0.00521899
    Epoch:     3     LossContext: 0.00003906
    Epoch:   100     LossContext: 0.00001883
    Epoch:   200     LossContext: 0.00001791
    Epoch:   300     LossContext: 0.00001730
    Epoch:   400     LossContext: 0.00001663
    Epoch:   500     LossContext: 0.00001595
    Epoch:   600     LossContext: 0.00001562
    Epoch:   700     LossContext: 0.00001529
    Epoch:   800     LossContext: 0.00001500
    Epoch:   900     LossContext: 0.00001473
    Epoch:  1000     LossContext: 0.00001449
    Epoch:  1100     LossContext: 0.00001438
    Epoch:  1200     LossContext: 0.00001429
    Epoch:  1300     LossContext: 0.00001419
    Epoch:  1400     LossContext: 0.00001411
    Epoch:  1499     LossContext: 0.00001403

Gradient descent adaptation time: 0 hours 0 mins 33 secs

Adapting to environment 1 ...
WARNING: You are demanding a shuffled dataset but did not provide any keys for that.
WARNING: No key provided, using time as seed
WARNING: batch_size must be between 0 and nb_trajs_per_env. Setting batch_size to maximum.
WARNING: No key provided for the context initialization. Initializing at 0.
WARNING: No key provided, using time as seed
    Epoch:     0     LossContext: 0.10841507
    Epoch:     1     LossContext: 0.07055600
    Epoch:     2     LossContext: 0.03635643
    Epoch:     3     LossContext: 0.01035666
    Epoch:   100     LossContext: 0.00004460
    Epoch:   200     LossContext: 0.00004523
    Epoch:   300     LossContext: 0.00004611
    Epoch:   400     LossContext: 0.00004529
    Epoch:   500     LossContext: 0.00004065
    Epoch:   600     LossContext: 0.00004435
    Epoch:   700     LossContext: 0.00004460
    Epoch:   800     LossContext: 0.00004460
    Epoch:   900     LossContext: 0.00004101
    Epoch:  1000     LossContext: 0.00004628
    Epoch:  1100     LossContext: 0.00003972
    Epoch:  1200     LossContext: 0.00003978
    Epoch:  1300     LossContext: 0.00003994
    Epoch:  1400     LossContext: 0.00003984
    Epoch:  1499     LossContext: 0.00004123

Gradient descent adaptation time: 0 hours 0 mins 26 secs

Adapting to environment 2 ...
WARNING: You are demanding a shuffled dataset but did not provide any keys for that.
WARNING: No key provided, using time as seed
WARNING: batch_size must be between 0 and nb_trajs_per_env. Setting batch_size to maximum.
WARNING: No key provided for the context initialization. Initializing at 0.
WARNING: No key provided, using time as seed
    Epoch:     0     LossContext: 0.04921756
    Epoch:     1     LossContext: 0.02800222
    Epoch:     2     LossContext: 0.01434794
    Epoch:     3     LossContext: 0.00639855
    Epoch:   100     LossContext: 0.00003431
    Epoch:   200     LossContext: 0.00003210
    Epoch:   300     LossContext: 0.00003094
    Epoch:   400     LossContext: 0.00002979
    Epoch:   500     LossContext: 0.00002872
    Epoch:   600     LossContext: 0.00002825
    Epoch:   700     LossContext: 0.00002779
    Epoch:   800     LossContext: 0.00002753
    Epoch:   900     LossContext: 0.00002708
    Epoch:  1000     LossContext: 0.00002673
    Epoch:  1100     LossContext: 0.00002632
    Epoch:  1200     LossContext: 0.00002619
    Epoch:  1300     LossContext: 0.00002603
    Epoch:  1400     LossContext: 0.00002605
    Epoch:  1499     LossContext: 0.00002587

Gradient descent adaptation time: 0 hours 0 mins 29 secs

Adapting to environment 3 ...
WARNING: You are demanding a shuffled dataset but did not provide any keys for that.
WARNING: No key provided, using time as seed
WARNING: batch_size must be between 0 and nb_trajs_per_env. Setting batch_size to maximum.
WARNING: No key provided for the context initialization. Initializing at 0.
WARNING: No key provided, using time as seed
    Epoch:     0     LossContext: 0.01903964
    Epoch:     1     LossContext: 0.00884721
    Epoch:     2     LossContext: 0.00431289
    Epoch:     3     LossContext: 0.00245946
    Epoch:   100     LossContext: 0.00002846
    Epoch:   200     LossContext: 0.00002769
    Epoch:   300     LossContext: 0.00002755
    Epoch:   400     LossContext: 0.00002747
    Epoch:   500     LossContext: 0.00002723
    Epoch:   600     LossContext: 0.00002713
    Epoch:   700     LossContext: 0.00002702
    Epoch:   800     LossContext: 0.00002692
    Epoch:   900     LossContext: 0.00002677
    Epoch:  1000     LossContext: 0.00002663
    Epoch:  1100     LossContext: 0.00002655
    Epoch:  1200     LossContext: 0.00002648
    Epoch:  1300     LossContext: 0.00002640
    Epoch:  1400     LossContext: 0.00002629
    Epoch:  1499     LossContext: 0.00002622

Gradient descent adaptation time: 0 hours 0 mins 28 secs
WARNING: No key provided for the context initialization. Initializing at 0.

Saving adaptation parameters into ./adapt/ folder with id 170846 ...

==  Begining out-of-distribution testing ... ==
    Number of training environments: 9
    Number of adaptation environments: 4
    Final length of the training trajectories: 20
    Length of the testing trajectories: 20
Test Score (OOD): 6.0242553e-05


==================== Batch adaptation ====================

WARNING: No key provided for the context initialization. Initializing at 0.


=== Beginning adaptation ... ===
    Number of examples in a batch: 1
    Number of train steps per epoch: 1
    Number of training epochs: 1500
    Total number of training steps: 1500
WARNING: No key provided, using time as seed

Compiling function "train_step" for context ...
Shapes of elements in a batch: (4, 1, 20, 2) (20,)
    Epoch:     0     LossContext: 0.05225178
    Epoch:     1     LossContext: 0.03131736
    Epoch:     2     LossContext: 0.01517743
    Epoch:     3     LossContext: 0.00487504
    Epoch:   100     LossContext: 0.00004947
    Epoch:   200     LossContext: 0.00004269
    Epoch:   300     LossContext: 0.00004303
    Epoch:   400     LossContext: 0.00003905
    Epoch:   500     LossContext: 0.00003752
    Epoch:   600     LossContext: 0.00003685
    Epoch:   700     LossContext: 0.00003610
    Epoch:   800     LossContext: 0.00003551
    Epoch:   900     LossContext: 0.00003764
    Epoch:  1000     LossContext: 0.00004287
    Epoch:  1100     LossContext: 0.00003555
    Epoch:  1200     LossContext: 0.00003455
    Epoch:  1300     LossContext: 0.00003465
    Epoch:  1400     LossContext: 0.00003453
    Epoch:  1499     LossContext: 0.00003351

Total gradient descent adaptation time: 0 hours 1 mins 12 secs
Environment weights at the end of the adaptation: [0.25 0.25 0.25 0.25]

Saving adaptation parameters into ./adapt/ folder with id 170846 ...

==  Begining out-of-distribution testing ... ==
    Number of training environments: 9
    Number of adaptation environments: 4
    Final length of the training trajectories: 20
    Length of the testing trajectories: 20
Test Score (OOD): 5.828382e-05


 ================================== ||||| DONE ||||| ==================================  

