Running this script in ipython (Jupyter) session ? False
=== Parsed arguments to generate data ===
 Split: adapt_huge
 Savepath: ./runs/16022024-161301/adapt/
 Seed: 8104


############# Inductive Bias Learning for Dynamical Systems #############

Jax version: 0.4.23
Available devices: [cuda(id=0)]
No training. Loading data and results from: ./runs/16022024-161301/
WARNING: You did not provide a dataloader id. A new one has been generated: 185256
WARNING: Note that this id used to distuinguish between adaptations to different environments.


Total number of parameters in the model: 319506 


WARNING: No key provided for the context initialization. Initializing at 0.

No training, loading model and results from ./runs/16022024-161301/ folder ...

WARNING: You did not provide a dataloader id. A new one has been generated: 185257
WARNING: Note that this id used to distuinguish between adaptations to different environments.
WARNING: batch_size must be between 0 and nb_trajs_per_env. Setting batch_size to maximum.
WARNING: No key provided, using time as seed
==  Begining in-domain testing ... ==
    Number of training environments: 9
    Final length of the training trajectories: 5
    Length of the testing trajectories: 20
Test Score (In-Domain): 5.9835886e-05

==  Begining in-domain visualisation ... ==
    Environment id: 0
    Trajectory id: 1
    Final length of the training trajectories: 5
    Length of the testing trajectories: 20
Testing finished. Figure saved in: ./runs/16022024-161301/results_in_domain.png
WARNING: batch_size must be between 0 and nb_trajs_per_env. Setting batch_size to maximum.
save_id: 170846

No adaptation, loading adaptation parameters from ./runs/16022024-161301/adapt/ folder with id: 170846 ...

WARNING: No key provided for the context initialization. Initializing at 0.
==  Begining out-of-distribution testing ... ==
    Number of training environments: 9
    Number of adaptation environments: 4
    Final length of the training trajectories: 5
    Length of the testing trajectories: 20
Test Score (OOD): 4.925985e-05

==  Begining out-of-distribution visualisation ... ==
    Environment id: 3
    Trajectory id: 0
    Final length of the training trajectories: 5
    Length of the testing trajectories: 20
Testing finished. Figure saved in: ./runs/16022024-161301/adapt/results_ood.png
WARNING: batch_size must be between 0 and nb_trajs_per_env. Setting batch_size to maximum.
WARNING: No key provided for the context initialization. Initializing at 0.


=== Beginning adaptation ... ===
    Number of examples in a batch: 1
    Number of train steps per epoch: 1
    Number of training epochs: 24000
    Total number of training steps: 24000
WARNING: No key provided, using time as seed

Compiling function "train_step" for context ...
Shapes of elements in a batch: (4, 1, 20, 2) (20,)
    Epoch:     0     LossContext: 2.00185800
    Epoch:     1     LossContext: 1.99399769
    Epoch:     2     LossContext: 1.98910177
    Epoch:     3     LossContext: 1.97694814
    Epoch:  1000     LossContext: 0.19567932
    Epoch:  2000     LossContext: 0.12733695
    Epoch:  3000     LossContext: 0.10914860
    Epoch:  4000     LossContext: 0.09886017
    Epoch:  5000     LossContext: 0.08846124
    Epoch:  6000     LossContext: 0.08036166
    Epoch:  7000     LossContext: 0.07456353
    Epoch:  8000     LossContext: 0.06873414
    Epoch:  9000     LossContext: 0.06871495
    Epoch: 10000     LossContext: 0.06745659
    Epoch: 11000     LossContext: 0.06842413
    Epoch: 12000     LossContext: 0.06669667
    Epoch: 13000     LossContext: 0.06646918
    Epoch: 14000     LossContext: 0.06654723
    Epoch: 15000     LossContext: 0.06541377
    Epoch: 16000     LossContext: 0.06625982
    Epoch: 17000     LossContext: 0.06538546
    Epoch: 18000     LossContext: 0.06532001
    Epoch: 19000     LossContext: 0.06451593
    Epoch: 20000     LossContext: 0.06581067
    Epoch: 21000     LossContext: 0.06464531
    Epoch: 22000     LossContext: 0.06517278
    Epoch: 23000     LossContext: 0.06540310
    Epoch: 23999     LossContext: 0.06437790

Total gradient descent adaptation time: 0 hours 19 mins 2 secs
Environment weights at the end of the adaptation: [0.25 0.25 0.25 0.25]

Saving adaptation parameters into ./runs/16022024-161301/adapt/ folder with id 090142 ...

==  Begining out-of-distribution testing ... ==
    Number of training environments: 9
    Number of adaptation environments: 4
    Final length of the training trajectories: 5
    Length of the testing trajectories: 20
Test Score (OOD): 11.730269

==  Begining out-of-distribution visualisation ... ==
    Environment id: 2
    Trajectory id: 0
    Final length of the training trajectories: 5
    Length of the testing trajectories: 20
Testing finished. Figure saved in: ./runs/16022024-161301/adapt/results_ood_huge.png
[ 2.5007687  8.84316    5.8873353 29.689814 ]
