
############# Inductive Bias Learning for Dynamical Systems #############

Jax version: 0.4.14
Available devices: [gpu(id=0)]
Running this script in ipython (Jupyter) session ? False
=== Parsed arguments to generate data ===
 Split: adapt
 Savepath: ./runs/31032024-164433/adapt/
 Seed: 6078


############# Inductive Bias Learning for Dynamical Systems #############

Jax version: 0.4.14
Available devices: [gpu(id=0)]
Running this script in ipython (Jupyter) session ? False
=== Parsed arguments to generate data ===
 Split: adapt_test
 Savepath: ./runs/31032024-164433/adapt/
 Seed: 6078


############# Inductive Bias Learning for Dynamical Systems #############

Jax version: 0.4.14
Available devices: [gpu(id=0)]
No training. Loading data and results from: ./runs/31032024-164433/
WARNING: You did not provide a dataloader id. A new one has been generated: 201842
WARNING: Note that this id used to distuinguish between adaptations to different environments.
WARNING: batch_size must be between 0 and nb_trajs_per_env. Setting batch_size to maximum.
WARNING: You did not provide a dataloader id. A new one has been generated: 201842
WARNING: Note that this id used to distuinguish between adaptations to different environments.
WARNING: batch_size must be between 0 and nb_trajs_per_env. Setting batch_size to maximum.


Total number of parameters in the model: 528570 


WARNING: No key provided for the context initialization. Initializing at 0.

No training, loading model and results from ./runs/31032024-164433/ folder ...

WARNING: You did not provide a dataloader id. A new one has been generated: 201845
WARNING: Note that this id used to distuinguish between adaptations to different environments.
WARNING: batch_size must be between 0 and nb_trajs_per_env. Setting batch_size to maximum.
WARNING: No key provided, using time as seed
==  Begining in-domain testing ... ==
    Number of training environments: 4
    Final length of the training trajectories: 10
    Length of the testing trajectories: 10
Test Score (In-Domain): 0.05054422

==  Begining in-domain visualisation ... ==
    Environment id: 2
    Trajectory id: 15
    Visualized dimensions: (0, 1)
    Final length of the training trajectories: 10
    Length of the testing trajectories: 10
Testing finished. Figure saved in: ./runs/31032024-164433/results_in_domain.png
==  Begining in-domain 2D visualisation ... ==
    Environment id: 2
    Trajectory id: 26
    Length of the testing trajectories: 10
Testing finished. Figure saved in: ./runs/31032024-164433/results_2D_ind.png
==  Begining in-domain 2D visualisation ... ==
    Environment id: 0
    Trajectory id: 0
    Length of the testing trajectories: 10
Testing finished. Figure saved in: ./runs/31032024-164433/results_2D_ind_train.png
WARNING: batch_size must be between 0 and nb_trajs_per_env. Setting batch_size to maximum.
WARNING: batch_size must be between 0 and nb_trajs_per_env. Setting batch_size to maximum.


=== Beginning sequential adaptation ... ===
    Number of examples in a batch: 1
    Number of train steps per epoch: 1
    Number of training epochs: 1
    Total number of training steps: 1

Adapting to environment 0 ...
WARNING: You are demanding a shuffled dataset but did not provide any keys for that.
WARNING: No key provided, using time as seed
WARNING: batch_size must be between 0 and nb_trajs_per_env. Setting batch_size to maximum.
WARNING: No key provided for the context initialization. Initializing at 0.
WARNING: No key provided, using time as seed

Compiling function "train_step" for context ...
Shapes of elements in a batch: (1, 1, 10, 2048) (10,)
    Epoch:     0     LossContext: 0.32533672

Gradient descent adaptation time: 0 hours 0 mins 10 secs

Adapting to environment 1 ...
WARNING: You are demanding a shuffled dataset but did not provide any keys for that.
WARNING: No key provided, using time as seed
WARNING: batch_size must be between 0 and nb_trajs_per_env. Setting batch_size to maximum.
WARNING: No key provided for the context initialization. Initializing at 0.
WARNING: No key provided, using time as seed
    Epoch:     0     LossContext: 0.39745590

Gradient descent adaptation time: 0 hours 0 mins 1 secs

Adapting to environment 2 ...
WARNING: You are demanding a shuffled dataset but did not provide any keys for that.
WARNING: No key provided, using time as seed
WARNING: batch_size must be between 0 and nb_trajs_per_env. Setting batch_size to maximum.
WARNING: No key provided for the context initialization. Initializing at 0.
WARNING: No key provided, using time as seed
    Epoch:     0     LossContext: 0.30747986

Gradient descent adaptation time: 0 hours 0 mins 1 secs

Adapting to environment 3 ...
WARNING: You are demanding a shuffled dataset but did not provide any keys for that.
WARNING: No key provided, using time as seed
WARNING: batch_size must be between 0 and nb_trajs_per_env. Setting batch_size to maximum.
WARNING: No key provided for the context initialization. Initializing at 0.
WARNING: No key provided, using time as seed
    Epoch:     0     LossContext: 0.38092920

Gradient descent adaptation time: 0 hours 0 mins 1 secs
WARNING: No key provided for the context initialization. Initializing at 0.

Saving adaptation parameters into ./runs/31032024-164433/adapt/ folder with id 170846 ...

==  Begining out-of-distribution testing ... ==
    Number of training environments: 4
    Number of adaptation environments: 4
    Final length of the training trajectories: 10
    Length of the testing trajectories: 10
Test Score (OOD): 0.38852042

