
############# Inductive Bias Learning for Dynamical Systems #############

Jax version: 0.4.19
Available devices: [cuda(id=0)]
No training. Loading data and results from: ./runs/08032024-110732/
WARNING: You did not provide a dataloader id. A new one has been generated: 075905
WARNING: Note that this id used to distuinguish between adaptations to different environments.
WARNING: batch_size must be between 0 and nb_trajs_per_env. Setting batch_size to maximum.
WARNING: You did not provide a dataloader id. A new one has been generated: 075905
WARNING: Note that this id used to distuinguish between adaptations to different environments.
WARNING: batch_size must be between 0 and nb_trajs_per_env. Setting batch_size to maximum.


Total number of parameters in the model: 399300 


WARNING: No key provided for the context initialization. Initializing at 0.

No training, loading model and results from ./runs/08032024-110732/ folder ...

WARNING: You did not provide a dataloader id. A new one has been generated: 075907
WARNING: Note that this id used to distuinguish between adaptations to different environments.
WARNING: batch_size must be between 0 and nb_trajs_per_env. Setting batch_size to maximum.
WARNING: No key provided, using time as seed
==  Begining in-domain testing ... ==
    Number of training environments: 9
    Final length of the training trajectories: 20
    Length of the testing trajectories: 20
Test Score (In-Domain): 8.238962e-06


############# Inductive Bias Learning for Dynamical Systems #############

Jax version: 0.4.19
Available devices: [cuda(id=0)]
Running this script in ipython (Jupyter) session ? False
=== Parsed arguments to generate data ===
 Split: adapt
 Savepath: ./runs/08032024-110732/adapt/
 Seed: 6078

==  Begining in-domain visualisation ... ==
    Environment id: 8
    Trajectory id: 17
    Visualized dimensions: (0, 1)
    Final length of the training trajectories: 20
    Length of the testing trajectories: 20
Testing finished. Figure saved in: ./runs/08032024-110732/results_in_domain.png
WARNING: batch_size must be between 0 and nb_trajs_per_env. Setting batch_size to maximum.
WARNING: No key provided for the context initialization. Initializing at 0.


=== Beginning adaptation ... ===
    Number of examples in a batch: 1
    Number of train steps per epoch: 1
    Number of training epochs: 5000
    Total number of training steps: 5000
WARNING: No key provided, using time as seed

Compiling function "train_step" for context ...
Shapes of elements in a batch: (4, 1, 20, 2) (20,)
    Epoch:     0     LossContext: 0.03254382
    Epoch:     1     LossContext: 0.01375012
    Epoch:     2     LossContext: 0.00415282
    Epoch:     3     LossContext: 0.00219300
    Epoch:    10     LossContext: 0.00236003
    Epoch:    20     LossContext: 0.00052313
    Epoch:    30     LossContext: 0.00051602
    Epoch:    40     LossContext: 0.00025106
    Epoch:    50     LossContext: 0.00010473
    Epoch:    60     LossContext: 0.00007835
    Epoch:    70     LossContext: 0.00006327
    Epoch:    80     LossContext: 0.00005221
    Epoch:    90     LossContext: 0.00004673
    Epoch:   100     LossContext: 0.00004197
    Epoch:   110     LossContext: 0.00003868
    Epoch:   120     LossContext: 0.00003612
    Epoch:   130     LossContext: 0.00003415
    Epoch:   140     LossContext: 0.00003255
    Epoch:   150     LossContext: 0.00003133
    Epoch:   160     LossContext: 0.00003031
    Epoch:   170     LossContext: 0.00002947
    Epoch:   180     LossContext: 0.00002876
    Epoch:   190     LossContext: 0.00002820
    Epoch:   200     LossContext: 0.00002769
    Epoch:   210     LossContext: 0.00002724
    Epoch:   220     LossContext: 0.00002691
    Epoch:   230     LossContext: 0.00002657
    Epoch:   240     LossContext: 0.00002626
    Epoch:   250     LossContext: 0.00002602
    Epoch:   260     LossContext: 0.00002580
    Epoch:   270     LossContext: 0.00002557
    Epoch:   280     LossContext: 0.00002541
    Epoch:   290     LossContext: 0.00002522
    Epoch:   300     LossContext: 0.00002508
    Epoch:   310     LossContext: 0.00002492
    Epoch:   320     LossContext: 0.00002479
    Epoch:   330     LossContext: 0.00002464
    Epoch:   340     LossContext: 0.00002452
    Epoch:   350     LossContext: 0.00002440
    Epoch:   360     LossContext: 0.00002429
    Epoch:   370     LossContext: 0.00002417
    Epoch:   380     LossContext: 0.00002406
    Epoch:   390     LossContext: 0.00002395
    Epoch:   400     LossContext: 0.00002384
    Epoch:   410     LossContext: 0.00002374
    Epoch:   420     LossContext: 0.00002365
    Epoch:   430     LossContext: 0.00002355
    Epoch:   440     LossContext: 0.00002344
    Epoch:   450     LossContext: 0.00002336
    Epoch:   460     LossContext: 0.00002326
    Epoch:   470     LossContext: 0.00002315
    Epoch:   480     LossContext: 0.00002308
    Epoch:   490     LossContext: 0.00002299
    Epoch:   500     LossContext: 0.00002292
    Epoch:   510     LossContext: 0.00002281
    Epoch:   520     LossContext: 0.00002272
    Epoch:   530     LossContext: 0.00002264
    Epoch:   540     LossContext: 0.00002256
    Epoch:   550     LossContext: 0.00002247
    Epoch:   560     LossContext: 0.00002239
    Epoch:   570     LossContext: 0.00002265
    Epoch:   580     LossContext: 0.00004302
    Epoch:   590     LossContext: 0.00002408
    Epoch:   600     LossContext: 0.00002448
    Epoch:   610     LossContext: 0.00002200
    Epoch:   620     LossContext: 0.00002227
    Epoch:   630     LossContext: 0.00002200
    Epoch:   640     LossContext: 0.00002183
    Epoch:   650     LossContext: 0.00002168
    Epoch:   660     LossContext: 0.00002173
    Epoch:   670     LossContext: 0.00002155
    Epoch:   680     LossContext: 0.00002147
    Epoch:   690     LossContext: 0.00002182
    Epoch:   700     LossContext: 0.00005455
    Epoch:   710     LossContext: 0.00002242
    Epoch:   720     LossContext: 0.00002134
    Epoch:   730     LossContext: 0.00002172
    Epoch:   740     LossContext: 0.00002159
    Epoch:   750     LossContext: 0.00002103
    Epoch:   760     LossContext: 0.00002102
    Epoch:   770     LossContext: 0.00002087
    Epoch:   780     LossContext: 0.00002082
    Epoch:   790     LossContext: 0.00002075
    Epoch:   800     LossContext: 0.00002074
    Epoch:   810     LossContext: 0.00002072
    Epoch:   820     LossContext: 0.00002065
    Epoch:   830     LossContext: 0.00002058
    Epoch:   840     LossContext: 0.00002217
    Epoch:   850     LossContext: 0.00003701
    Epoch:   860     LossContext: 0.00002425
    Epoch:   870     LossContext: 0.00002047
    Epoch:   880     LossContext: 0.00002024
    Epoch:   890     LossContext: 0.00002019
    Epoch:   900     LossContext: 0.00002018
    Epoch:   910     LossContext: 0.00002011
    Epoch:   920     LossContext: 0.00002012
    Epoch:   930     LossContext: 0.00002211
    Epoch:   940     LossContext: 0.00003075
    Epoch:   950     LossContext: 0.00002284
    Epoch:   960     LossContext: 0.00002054
    Epoch:   970     LossContext: 0.00001978
    Epoch:   980     LossContext: 0.00002028
    Epoch:   990     LossContext: 0.00001974
    Epoch:  1000     LossContext: 0.00002077
    Epoch:  1010     LossContext: 0.00003255
    Epoch:  1020     LossContext: 0.00002223
    Epoch:  1030     LossContext: 0.00002072
    Epoch:  1040     LossContext: 0.00001984
    Epoch:  1050     LossContext: 0.00001941
    Epoch:  1060     LossContext: 0.00001978
    Epoch:  1070     LossContext: 0.00001950
    Epoch:  1080     LossContext: 0.00001960
    Epoch:  1090     LossContext: 0.00002503
    Epoch:  1100     LossContext: 0.00002230
    Epoch:  1110     LossContext: 0.00002145
    Epoch:  1120     LossContext: 0.00002021
    Epoch:  1130     LossContext: 0.00001958
    Epoch:  1140     LossContext: 0.00001901
    Epoch:  1150     LossContext: 0.00001991
    Epoch:  1160     LossContext: 0.00002168
    Epoch:  1170     LossContext: 0.00002282
    Epoch:  1180     LossContext: 0.00001889
    Epoch:  1190     LossContext: 0.00001989
    Epoch:  1200     LossContext: 0.00002545
    Epoch:  1210     LossContext: 0.00001915
    Epoch:  1220     LossContext: 0.00002049
    Epoch:  1230     LossContext: 0.00001867
    Epoch:  1240     LossContext: 0.00001947
    Epoch:  1250     LossContext: 0.00002165
    Epoch:  1260     LossContext: 0.00002331
    Epoch:  1270     LossContext: 0.00001865
    Epoch:  1280     LossContext: 0.00002053
    Epoch:  1290     LossContext: 0.00001916
    Epoch:  1300     LossContext: 0.00001865
    Epoch:  1310     LossContext: 0.00001847
    Epoch:  1320     LossContext: 0.00001837
    Epoch:  1330     LossContext: 0.00001833
    Epoch:  1340     LossContext: 0.00001830
    Epoch:  1350     LossContext: 0.00001828
    Epoch:  1360     LossContext: 0.00001827
    Epoch:  1370     LossContext: 0.00001825
    Epoch:  1380     LossContext: 0.00001824
    Epoch:  1390     LossContext: 0.00001821
    Epoch:  1400     LossContext: 0.00001820
    Epoch:  1410     LossContext: 0.00001818
    Epoch:  1420     LossContext: 0.00001816
    Epoch:  1430     LossContext: 0.00001815
    Epoch:  1440     LossContext: 0.00001813
    Epoch:  1450     LossContext: 0.00001811
    Epoch:  1460     LossContext: 0.00001809
    Epoch:  1470     LossContext: 0.00001807
    Epoch:  1480     LossContext: 0.00001806
    Epoch:  1490     LossContext: 0.00001804
    Epoch:  1500     LossContext: 0.00001802
    Epoch:  1510     LossContext: 0.00001801
    Epoch:  1520     LossContext: 0.00001798
    Epoch:  1530     LossContext: 0.00001796
    Epoch:  1540     LossContext: 0.00001795
    Epoch:  1550     LossContext: 0.00001793
    Epoch:  1560     LossContext: 0.00001791
    Epoch:  1570     LossContext: 0.00001789
    Epoch:  1580     LossContext: 0.00001787
    Epoch:  1590     LossContext: 0.00001786
    Epoch:  1600     LossContext: 0.00001785
    Epoch:  1610     LossContext: 0.00001783
    Epoch:  1620     LossContext: 0.00001780
    Epoch:  1630     LossContext: 0.00001780
    Epoch:  1640     LossContext: 0.00001778
    Epoch:  1650     LossContext: 0.00001776
    Epoch:  1660     LossContext: 0.00001774
    Epoch:  1670     LossContext: 0.00001773
    Epoch:  1680     LossContext: 0.00001771
    Epoch:  1690     LossContext: 0.00001769
    Epoch:  1700     LossContext: 0.00001767
    Epoch:  1710     LossContext: 0.00001765
    Epoch:  1720     LossContext: 0.00001764
    Epoch:  1730     LossContext: 0.00001762
    Epoch:  1740     LossContext: 0.00001760
    Epoch:  1750     LossContext: 0.00001759
    Epoch:  1760     LossContext: 0.00001757
    Epoch:  1770     LossContext: 0.00001756
    Epoch:  1780     LossContext: 0.00001754
    Epoch:  1790     LossContext: 0.00001752
    Epoch:  1800     LossContext: 0.00001751
    Epoch:  1810     LossContext: 0.00001749
    Epoch:  1820     LossContext: 0.00001748
    Epoch:  1830     LossContext: 0.00001747
    Epoch:  1840     LossContext: 0.00001744
    Epoch:  1850     LossContext: 0.00001742
    Epoch:  1860     LossContext: 0.00001741
    Epoch:  1870     LossContext: 0.00001739
    Epoch:  1880     LossContext: 0.00001738
    Epoch:  1890     LossContext: 0.00001736
    Epoch:  1900     LossContext: 0.00001735
    Epoch:  1910     LossContext: 0.00001734
    Epoch:  1920     LossContext: 0.00001732
    Epoch:  1930     LossContext: 0.00001731
    Epoch:  1940     LossContext: 0.00001728
    Epoch:  1950     LossContext: 0.00001727
    Epoch:  1960     LossContext: 0.00001725
    Epoch:  1970     LossContext: 0.00001723
    Epoch:  1980     LossContext: 0.00001722
    Epoch:  1990     LossContext: 0.00001721
    Epoch:  2000     LossContext: 0.00001719
    Epoch:  2010     LossContext: 0.00001717
    Epoch:  2020     LossContext: 0.00001716
    Epoch:  2030     LossContext: 0.00001715
    Epoch:  2040     LossContext: 0.00001713
    Epoch:  2050     LossContext: 0.00001711
    Epoch:  2060     LossContext: 0.00001710
    Epoch:  2070     LossContext: 0.00001710
    Epoch:  2080     LossContext: 0.00001707
    Epoch:  2090     LossContext: 0.00001706
    Epoch:  2100     LossContext: 0.00001705
    Epoch:  2110     LossContext: 0.00001703
    Epoch:  2120     LossContext: 0.00001701
    Epoch:  2130     LossContext: 0.00001700
    Epoch:  2140     LossContext: 0.00001698
    Epoch:  2150     LossContext: 0.00001698
    Epoch:  2160     LossContext: 0.00001695
    Epoch:  2170     LossContext: 0.00001694
    Epoch:  2180     LossContext: 0.00001693
    Epoch:  2190     LossContext: 0.00001691
    Epoch:  2200     LossContext: 0.00001689
    Epoch:  2210     LossContext: 0.00001688
    Epoch:  2220     LossContext: 0.00001686
    Epoch:  2230     LossContext: 0.00001685
    Epoch:  2240     LossContext: 0.00001685
    Epoch:  2250     LossContext: 0.00001683
    Epoch:  2260     LossContext: 0.00001682
    Epoch:  2270     LossContext: 0.00001680
    Epoch:  2280     LossContext: 0.00001678
    Epoch:  2290     LossContext: 0.00001676
    Epoch:  2300     LossContext: 0.00001675
    Epoch:  2310     LossContext: 0.00001674
    Epoch:  2320     LossContext: 0.00001673
    Epoch:  2330     LossContext: 0.00001671
    Epoch:  2340     LossContext: 0.00001669
    Epoch:  2350     LossContext: 0.00001669
    Epoch:  2360     LossContext: 0.00001668
    Epoch:  2370     LossContext: 0.00001666
    Epoch:  2380     LossContext: 0.00001664
    Epoch:  2390     LossContext: 0.00001663
    Epoch:  2400     LossContext: 0.00001666
    Epoch:  2410     LossContext: 0.00001661
    Epoch:  2420     LossContext: 0.00001663
    Epoch:  2430     LossContext: 0.00001658
    Epoch:  2440     LossContext: 0.00001656
    Epoch:  2450     LossContext: 0.00001665
    Epoch:  2460     LossContext: 0.00001773
    Epoch:  2470     LossContext: 0.00001738
    Epoch:  2480     LossContext: 0.00001681
    Epoch:  2490     LossContext: 0.00001683
    Epoch:  2500     LossContext: 0.00001654
    Epoch:  2510     LossContext: 0.00001648
    Epoch:  2520     LossContext: 0.00001690
    Epoch:  2530     LossContext: 0.00002111
    Epoch:  2540     LossContext: 0.00001723
    Epoch:  2550     LossContext: 0.00001654
    Epoch:  2560     LossContext: 0.00001640
    Epoch:  2570     LossContext: 0.00001638
    Epoch:  2580     LossContext: 0.00001638
    Epoch:  2590     LossContext: 0.00001637
    Epoch:  2600     LossContext: 0.00001636
    Epoch:  2610     LossContext: 0.00001636
    Epoch:  2620     LossContext: 0.00001636
    Epoch:  2630     LossContext: 0.00001634
    Epoch:  2640     LossContext: 0.00001634
    Epoch:  2650     LossContext: 0.00001633
    Epoch:  2660     LossContext: 0.00001632
    Epoch:  2670     LossContext: 0.00001632
    Epoch:  2680     LossContext: 0.00001631
    Epoch:  2690     LossContext: 0.00001631
    Epoch:  2700     LossContext: 0.00001630
    Epoch:  2710     LossContext: 0.00001630
    Epoch:  2720     LossContext: 0.00001628
    Epoch:  2730     LossContext: 0.00001627
    Epoch:  2740     LossContext: 0.00001627
    Epoch:  2750     LossContext: 0.00001627
    Epoch:  2760     LossContext: 0.00001626
    Epoch:  2770     LossContext: 0.00001625
    Epoch:  2780     LossContext: 0.00001624
    Epoch:  2790     LossContext: 0.00001624
    Epoch:  2800     LossContext: 0.00001623
    Epoch:  2810     LossContext: 0.00001623
    Epoch:  2820     LossContext: 0.00001622
    Epoch:  2830     LossContext: 0.00001621
    Epoch:  2840     LossContext: 0.00001620
    Epoch:  2850     LossContext: 0.00001620
    Epoch:  2860     LossContext: 0.00001619
    Epoch:  2870     LossContext: 0.00001618
    Epoch:  2880     LossContext: 0.00001618
    Epoch:  2890     LossContext: 0.00001618
    Epoch:  2900     LossContext: 0.00001617
    Epoch:  2910     LossContext: 0.00001616
    Epoch:  2920     LossContext: 0.00001615
    Epoch:  2930     LossContext: 0.00001615
    Epoch:  2940     LossContext: 0.00001614
    Epoch:  2950     LossContext: 0.00001614
    Epoch:  2960     LossContext: 0.00001613
    Epoch:  2970     LossContext: 0.00001612
    Epoch:  2980     LossContext: 0.00001612
    Epoch:  2990     LossContext: 0.00001611
    Epoch:  3000     LossContext: 0.00001611
    Epoch:  3010     LossContext: 0.00001609
    Epoch:  3020     LossContext: 0.00001608
    Epoch:  3030     LossContext: 0.00001608
    Epoch:  3040     LossContext: 0.00001607
    Epoch:  3050     LossContext: 0.00001607
    Epoch:  3060     LossContext: 0.00001606
    Epoch:  3070     LossContext: 0.00001604
    Epoch:  3080     LossContext: 0.00001605
    Epoch:  3090     LossContext: 0.00001604
    Epoch:  3100     LossContext: 0.00001603
    Epoch:  3110     LossContext: 0.00001602
    Epoch:  3120     LossContext: 0.00001602
    Epoch:  3130     LossContext: 0.00001601
    Epoch:  3140     LossContext: 0.00001601
    Epoch:  3150     LossContext: 0.00001599
    Epoch:  3160     LossContext: 0.00001599
    Epoch:  3170     LossContext: 0.00001599
    Epoch:  3180     LossContext: 0.00001598
    Epoch:  3190     LossContext: 0.00001598
    Epoch:  3200     LossContext: 0.00001597
    Epoch:  3210     LossContext: 0.00001597
    Epoch:  3220     LossContext: 0.00001596
    Epoch:  3230     LossContext: 0.00001595
    Epoch:  3240     LossContext: 0.00001595
    Epoch:  3250     LossContext: 0.00001594
    Epoch:  3260     LossContext: 0.00001593
    Epoch:  3270     LossContext: 0.00001592
    Epoch:  3280     LossContext: 0.00001591
    Epoch:  3290     LossContext: 0.00001591
    Epoch:  3300     LossContext: 0.00001590
    Epoch:  3310     LossContext: 0.00001589
    Epoch:  3320     LossContext: 0.00001589
    Epoch:  3330     LossContext: 0.00001588
    Epoch:  3340     LossContext: 0.00001588
    Epoch:  3350     LossContext: 0.00001588
    Epoch:  3360     LossContext: 0.00001586
    Epoch:  3370     LossContext: 0.00001586
    Epoch:  3380     LossContext: 0.00001585
    Epoch:  3390     LossContext: 0.00001584
    Epoch:  3400     LossContext: 0.00001583
    Epoch:  3410     LossContext: 0.00001583
    Epoch:  3420     LossContext: 0.00001582
    Epoch:  3430     LossContext: 0.00001582
    Epoch:  3440     LossContext: 0.00001580
    Epoch:  3450     LossContext: 0.00001580
    Epoch:  3460     LossContext: 0.00001580
    Epoch:  3470     LossContext: 0.00001579
    Epoch:  3480     LossContext: 0.00001579
    Epoch:  3490     LossContext: 0.00001578
    Epoch:  3500     LossContext: 0.00001577
    Epoch:  3510     LossContext: 0.00001577
    Epoch:  3520     LossContext: 0.00001576
    Epoch:  3530     LossContext: 0.00001576
    Epoch:  3540     LossContext: 0.00001574
    Epoch:  3550     LossContext: 0.00001573
    Epoch:  3560     LossContext: 0.00001574
    Epoch:  3570     LossContext: 0.00001573
    Epoch:  3580     LossContext: 0.00001572
    Epoch:  3590     LossContext: 0.00001571
    Epoch:  3600     LossContext: 0.00001571
    Epoch:  3610     LossContext: 0.00001570
    Epoch:  3620     LossContext: 0.00001570
    Epoch:  3630     LossContext: 0.00001569
    Epoch:  3640     LossContext: 0.00001568
    Epoch:  3650     LossContext: 0.00001567
    Epoch:  3660     LossContext: 0.00001567
    Epoch:  3670     LossContext: 0.00001567
    Epoch:  3680     LossContext: 0.00001566
    Epoch:  3690     LossContext: 0.00001564
    Epoch:  3700     LossContext: 0.00001564
    Epoch:  3710     LossContext: 0.00001564
    Epoch:  3720     LossContext: 0.00001564
    Epoch:  3730     LossContext: 0.00001563
    Epoch:  3740     LossContext: 0.00001562
    Epoch:  3750     LossContext: 0.00001561
    Epoch:  3760     LossContext: 0.00001561
    Epoch:  3770     LossContext: 0.00001561
    Epoch:  3780     LossContext: 0.00001560
    Epoch:  3790     LossContext: 0.00001559
    Epoch:  3800     LossContext: 0.00001558
    Epoch:  3810     LossContext: 0.00001557
    Epoch:  3820     LossContext: 0.00001557
    Epoch:  3830     LossContext: 0.00001556
    Epoch:  3840     LossContext: 0.00001555
    Epoch:  3850     LossContext: 0.00001556
    Epoch:  3860     LossContext: 0.00001557
    Epoch:  3870     LossContext: 0.00001556
    Epoch:  3880     LossContext: 0.00001553
    Epoch:  3890     LossContext: 0.00001554
    Epoch:  3900     LossContext: 0.00001553
    Epoch:  3910     LossContext: 0.00001553
    Epoch:  3920     LossContext: 0.00001551
    Epoch:  3930     LossContext: 0.00001573
    Epoch:  3940     LossContext: 0.00001550
    Epoch:  3950     LossContext: 0.00001561
    Epoch:  3960     LossContext: 0.00001562
    Epoch:  3970     LossContext: 0.00001556
    Epoch:  3980     LossContext: 0.00001555
    Epoch:  3990     LossContext: 0.00001558
    Epoch:  4000     LossContext: 0.00001578
    Epoch:  4010     LossContext: 0.00001546
    Epoch:  4020     LossContext: 0.00001550
    Epoch:  4030     LossContext: 0.00001575
    Epoch:  4040     LossContext: 0.00001547
    Epoch:  4050     LossContext: 0.00001544
    Epoch:  4060     LossContext: 0.00001548
    Epoch:  4070     LossContext: 0.00001552
    Epoch:  4080     LossContext: 0.00001594
    Epoch:  4090     LossContext: 0.00001540
    Epoch:  4100     LossContext: 0.00001552
    Epoch:  4110     LossContext: 0.00001538
    Epoch:  4120     LossContext: 0.00001539
    Epoch:  4130     LossContext: 0.00001572
    Epoch:  4140     LossContext: 0.00001556
    Epoch:  4150     LossContext: 0.00001555
    Epoch:  4160     LossContext: 0.00001535
    Epoch:  4170     LossContext: 0.00001551
    Epoch:  4180     LossContext: 0.00001549
    Epoch:  4190     LossContext: 0.00001551
    Epoch:  4200     LossContext: 0.00001559
    Epoch:  4210     LossContext: 0.00001577
    Epoch:  4220     LossContext: 0.00001543
    Epoch:  4230     LossContext: 0.00001531
    Epoch:  4240     LossContext: 0.00001538
    Epoch:  4250     LossContext: 0.00001530
    Epoch:  4260     LossContext: 0.00001575
    Epoch:  4270     LossContext: 0.00001529
    Epoch:  4280     LossContext: 0.00001537
    Epoch:  4290     LossContext: 0.00001537
    Epoch:  4300     LossContext: 0.00001553
    Epoch:  4310     LossContext: 0.00001527
    Epoch:  4320     LossContext: 0.00001540
    Epoch:  4330     LossContext: 0.00001532
    Epoch:  4340     LossContext: 0.00001534
    Epoch:  4350     LossContext: 0.00001582
    Epoch:  4360     LossContext: 0.00001533
    Epoch:  4370     LossContext: 0.00001524
    Epoch:  4380     LossContext: 0.00001550
    Epoch:  4390     LossContext: 0.00001521
    Epoch:  4400     LossContext: 0.00001533
    Epoch:  4410     LossContext: 0.00001546
    Epoch:  4420     LossContext: 0.00001522
    Epoch:  4430     LossContext: 0.00001522
    Epoch:  4440     LossContext: 0.00001618
    Epoch:  4450     LossContext: 0.00001554
    Epoch:  4460     LossContext: 0.00001534
    Epoch:  4470     LossContext: 0.00001515
    Epoch:  4480     LossContext: 0.00001520
    Epoch:  4490     LossContext: 0.00001527
    Epoch:  4500     LossContext: 0.00001520
    Epoch:  4510     LossContext: 0.00001523
    Epoch:  4520     LossContext: 0.00001514
    Epoch:  4530     LossContext: 0.00001535
    Epoch:  4540     LossContext: 0.00001669
    Epoch:  4550     LossContext: 0.00001603
    Epoch:  4560     LossContext: 0.00001531
    Epoch:  4570     LossContext: 0.00001516
    Epoch:  4580     LossContext: 0.00001509
    Epoch:  4590     LossContext: 0.00001510
    Epoch:  4600     LossContext: 0.00001524
    Epoch:  4610     LossContext: 0.00001528
    Epoch:  4620     LossContext: 0.00001518
    Epoch:  4630     LossContext: 0.00001513
    Epoch:  4640     LossContext: 0.00001577
    Epoch:  4650     LossContext: 0.00001529
    Epoch:  4660     LossContext: 0.00001511
    Epoch:  4670     LossContext: 0.00001515
    Epoch:  4680     LossContext: 0.00001541
    Epoch:  4690     LossContext: 0.00001509
    Epoch:  4700     LossContext: 0.00001529
    Epoch:  4710     LossContext: 0.00001526
    Epoch:  4720     LossContext: 0.00001514
    Epoch:  4730     LossContext: 0.00001547
    Epoch:  4740     LossContext: 0.00001528
    Epoch:  4750     LossContext: 0.00001519
    Epoch:  4760     LossContext: 0.00001556
    Epoch:  4770     LossContext: 0.00001502
    Epoch:  4780     LossContext: 0.00001524
    Epoch:  4790     LossContext: 0.00001511
    Epoch:  4800     LossContext: 0.00001519
    Epoch:  4810     LossContext: 0.00001497
    Epoch:  4820     LossContext: 0.00001515
    Epoch:  4830     LossContext: 0.00001526
    Epoch:  4840     LossContext: 0.00001551
    Epoch:  4850     LossContext: 0.00001546
    Epoch:  4860     LossContext: 0.00001509
    Epoch:  4870     LossContext: 0.00001519
    Epoch:  4880     LossContext: 0.00001491
    Epoch:  4890     LossContext: 0.00001492
    Epoch:  4900     LossContext: 0.00001509
    Epoch:  4910     LossContext: 0.00001527
    Epoch:  4920     LossContext: 0.00001544
    Epoch:  4930     LossContext: 0.00001500
    Epoch:  4940     LossContext: 0.00001496
    Epoch:  4950     LossContext: 0.00001490
    Epoch:  4960     LossContext: 0.00001526
    Epoch:  4970     LossContext: 0.00001514
    Epoch:  4980     LossContext: 0.00001514
    Epoch:  4990     LossContext: 0.00001528
    Epoch:  4999     LossContext: 0.00001490

Total gradient descent adaptation time: 0 hours 9 mins 55 secs
Environment weights at the end of the adaptation: [0.25 0.25 0.25 0.25]

Saving adaptation parameters into ./runs/08032024-110732/adapt/ folder with id 170846 ...

==  Begining out-of-distribution testing ... ==
    Number of training environments: 9
    Number of adaptation environments: 4
    Final length of the training trajectories: 20
    Length of the testing trajectories: 20
Test Score (OOD): 5.789707e-06

==  Begining out-of-distribution visualisation ... ==
    Environment id: 0
    Trajectory id: 0
    Visualized dimensions: (0, 1)
    Final length of the training trajectories: 20
    Length of the testing trajectories: 20
Testing finished. Figure saved in: ./runs/08032024-110732/adapt/results_ood.png

Full evaluation of the model on 10 random seeds


############# Inductive Bias Learning for Dynamical Systems #############

Jax version: 0.4.19
Available devices: [cuda(id=0)]

############# Inductive Bias Learning for Dynamical Systems #############

Jax version: 0.4.19
Available devices: [cuda(id=0)]

############# Inductive Bias Learning for Dynamical Systems #############

Jax version: 0.4.19
Available devices: [cuda(id=0)]

############# Inductive Bias Learning for Dynamical Systems #############

Jax version: 0.4.19
Available devices: [cuda(id=0)]

############# Inductive Bias Learning for Dynamical Systems #############

Jax version: 0.4.19
Available devices: [cuda(id=0)]

############# Inductive Bias Learning for Dynamical Systems #############

Jax version: 0.4.19
Available devices: [cuda(id=0)]

############# Inductive Bias Learning for Dynamical Systems #############

Jax version: 0.4.19
Available devices: [cuda(id=0)]

############# Inductive Bias Learning for Dynamical Systems #############

Jax version: 0.4.19
Available devices: [cuda(id=0)]

############# Inductive Bias Learning for Dynamical Systems #############

Jax version: 0.4.19
Available devices: [cuda(id=0)]

############# Inductive Bias Learning for Dynamical Systems #############

Jax version: 0.4.19
Available devices: [cuda(id=0)]

############# Inductive Bias Learning for Dynamical Systems #############

Jax version: 0.4.19
Available devices: [cuda(id=0)]

############# Inductive Bias Learning for Dynamical Systems #############

Jax version: 0.4.19
Available devices: [cuda(id=0)]

############# Inductive Bias Learning for Dynamical Systems #############

Jax version: 0.4.19
Available devices: [cuda(id=0)]

############# Inductive Bias Learning for Dynamical Systems #############

Jax version: 0.4.19
Available devices: [cuda(id=0)]

############# Inductive Bias Learning for Dynamical Systems #############

Jax version: 0.4.19
Available devices: [cuda(id=0)]

############# Inductive Bias Learning for Dynamical Systems #############

Jax version: 0.4.19
Available devices: [cuda(id=0)]

############# Inductive Bias Learning for Dynamical Systems #############

Jax version: 0.4.19
Available devices: [cuda(id=0)]

############# Inductive Bias Learning for Dynamical Systems #############

Jax version: 0.4.19
Available devices: [cuda(id=0)]

############# Inductive Bias Learning for Dynamical Systems #############

Jax version: 0.4.19
Available devices: [cuda(id=0)]

############# Inductive Bias Learning for Dynamical Systems #############

Jax version: 0.4.19
Available devices: [cuda(id=0)]


Mean and std of the scores across various datasets

