
############# Neural Context Flow #############

Jax version: 0.4.28
Available devices: [cuda(id=0)]
Running this script in ipython (Jupyter) session ? False
=== Parsed arguments to generate data ===
 Split: train
 Savepath: ./runs/03082024-142030/
 Seed: 2026


############# Neural Context Flow #############

Jax version: 0.4.28
Available devices: [cuda(id=0)]
Running this script in ipython (Jupyter) session ? False
=== Parsed arguments to generate data ===
 Split: test
 Savepath: ./runs/03082024-142030/
 Seed: 4052


############# Neural Context Flow #############

Jax version: 0.4.28
Available devices: [cuda(id=0)]
Completed copied scripts 
WARNING: You did not provide a dataloader id. A new one has been generated: 142048
WARNING: Note that this id used to distuinguish between adaptations to different environments.
WARNING: batch_size must be between 0 and nb_trajs_per_env. Setting batch_size to maximum.
WARNING: You did not provide a dataloader id. A new one has been generated: 142048
WARNING: Note that this id used to distuinguish between adaptations to different environments.
WARNING: batch_size must be between 0 and nb_trajs_per_env. Setting batch_size to maximum.


Total number of parameters in the model: 308240 


WARNING: No key provided for the context initialization. Initializing at 0.
WARNING: No key provided, using time as seed


=== Beginning training with proximal alternating minimization ... ===
    Number of examples in a batch: 4
    Maximum number of steps per inner minimization: 25
    Maximum number of outer minimizations: 500
    Maximum total number of training steps: 12500

Compiling function "train_step" for neural ode ...
Shapes of elements in a batch: (9, 4, 20, 2) (20,)

Compiling function "train_step" for context ...
Shapes of elements in a batch: (9, 4, 20, 2) (20,)
    Outer Step:     0      LossTrajs: 1.81051505     ContextsNorm: 0.00000000     ValIndCrit: 1.60136437
        Saving best model so far ...
        -NbInnerStepsNode:    1
        -NbInnerStepsCxt:    1
        -InnerToleranceNode: 1.00e-09
        -InnerToleranceCtx:  1.00e-08
        -DiffNode: 1.70e-04
        -DiffCxt:  inf
    Outer Step:     1      LossTrajs: 0.29423645     ContextsNorm: 0.00415361     ValIndCrit: 0.32763669
        Saving best model so far ...
        -NbInnerStepsNode:   25
        -NbInnerStepsCxt:   25
        -InnerToleranceNode: 1.00e-09
        -InnerToleranceCtx:  1.00e-08
        -DiffNode: 6.71e-04
        -DiffCxt:  6.97e-04
    Outer Step:     2      LossTrajs: 0.22721182     ContextsNorm: 0.01076830     ValIndCrit: 0.24935065
        Saving best model so far ...
        -NbInnerStepsNode:   25
        -NbInnerStepsCxt:   25
        -InnerToleranceNode: 1.00e-09
        -InnerToleranceCtx:  1.00e-08
        -DiffNode: 1.74e-04
        -DiffCxt:  3.70e-04
    Outer Step:     3      LossTrajs: 0.15538236     ContextsNorm: 0.01019523     ValIndCrit: 0.16828819
        Saving best model so far ...
        -NbInnerStepsNode:   25
        -NbInnerStepsCxt:   25
        -InnerToleranceNode: 1.00e-09
        -InnerToleranceCtx:  1.00e-08
        -DiffNode: 1.90e-05
        -DiffCxt:  1.07e-04
    Outer Step:    10      LossTrajs: 0.00705150     ContextsNorm: 0.01256276     ValIndCrit: 0.00923638
        Saving best model so far ...
        -NbInnerStepsNode:   25
        -NbInnerStepsCxt:   25
        -InnerToleranceNode: 1.00e-09
        -InnerToleranceCtx:  1.00e-08
        -DiffNode: 1.59e-06
        -DiffCxt:  4.08e-06
    Outer Step:    20      LossTrajs: 0.00127405     ContextsNorm: 0.01346515     ValIndCrit: 0.00248821
        Saving best model so far ...
        -NbInnerStepsNode:   25
        -NbInnerStepsCxt:   25
        -InnerToleranceNode: 1.00e-09
        -InnerToleranceCtx:  1.00e-08
        -DiffNode: 1.54e-07
        -DiffCxt:  1.01e-06
    Outer Step:    30      LossTrajs: 0.00045950     ContextsNorm: 0.01349064     ValIndCrit: 0.00090079
        Saving best model so far ...
        -NbInnerStepsNode:   25
        -NbInnerStepsCxt:   25
        -InnerToleranceNode: 1.00e-09
        -InnerToleranceCtx:  1.00e-08
        -DiffNode: 1.77e-07
        -DiffCxt:  6.11e-07
    Outer Step:    40      LossTrajs: 0.00027318     ContextsNorm: 0.01378444     ValIndCrit: 0.00044382
        Saving best model so far ...
        -NbInnerStepsNode:   25
        -NbInnerStepsCxt:   25
        -InnerToleranceNode: 1.00e-09
        -InnerToleranceCtx:  1.00e-08
        -DiffNode: 2.59e-06
        -DiffCxt:  1.23e-05
    Outer Step:    50      LossTrajs: 0.00012486     ContextsNorm: 0.01430090     ValIndCrit: 0.00026210
        Saving best model so far ...
        -NbInnerStepsNode:   25
        -NbInnerStepsCxt:   25
        -InnerToleranceNode: 1.00e-09
        -InnerToleranceCtx:  1.00e-08
        -DiffNode: 2.77e-08
        -DiffCxt:  1.42e-07
    Outer Step:    60      LossTrajs: 0.00008112     ContextsNorm: 0.01468756     ValIndCrit: 0.00017013
        Saving best model so far ...
        -NbInnerStepsNode:   25
        -NbInnerStepsCxt:   25
        -InnerToleranceNode: 1.00e-09
        -InnerToleranceCtx:  1.00e-08
        -DiffNode: 3.14e-08
        -DiffCxt:  4.08e-07
    Outer Step:    70      LossTrajs: 0.00006424     ContextsNorm: 0.01469618     ValIndCrit: 0.00013478
        Saving best model so far ...
        -NbInnerStepsNode:   25
        -NbInnerStepsCxt:   25
        -InnerToleranceNode: 1.00e-09
        -InnerToleranceCtx:  1.00e-08
        -DiffNode: 8.17e-08
        -DiffCxt:  1.55e-07
    Outer Step:    80      LossTrajs: 0.00005143     ContextsNorm: 0.01521194     ValIndCrit: 0.00011828
        Saving best model so far ...
        -NbInnerStepsNode:   25
        -NbInnerStepsCxt:   25
        -InnerToleranceNode: 1.00e-09
        -InnerToleranceCtx:  1.00e-08
        -DiffNode: 2.05e-09
        -DiffCxt:  4.52e-08
    Outer Step:    90      LossTrajs: 0.00004316     ContextsNorm: 0.01532036     ValIndCrit: 0.00009688
        Saving best model so far ...
        -NbInnerStepsNode:   25
        -NbInnerStepsCxt:   25
        -InnerToleranceNode: 1.00e-09
        -InnerToleranceCtx:  1.00e-08
        -DiffNode: 2.15e-09
        -DiffCxt:  2.94e-08
    Outer Step:   100      LossTrajs: 0.00007541     ContextsNorm: 0.01535930     ValIndCrit: 0.00009963
        -NbInnerStepsNode:   25
        -NbInnerStepsCxt:   25
        -InnerToleranceNode: 1.00e-09
        -InnerToleranceCtx:  1.00e-08
        -DiffNode: 6.83e-07
        -DiffCxt:  2.73e-06
    Outer Step:   110      LossTrajs: 0.00003560     ContextsNorm: 0.01522163     ValIndCrit: 0.00008105
        Saving best model so far ...
        -NbInnerStepsNode:   25
        -NbInnerStepsCxt:   25
        -InnerToleranceNode: 1.00e-09
        -InnerToleranceCtx:  1.00e-08
        -DiffNode: 3.08e-08
        -DiffCxt:  6.55e-08
    Outer Step:   120      LossTrajs: 0.00003614     ContextsNorm: 0.01547987     ValIndCrit: 0.00007253
        Saving best model so far ...
        -NbInnerStepsNode:   25
        -NbInnerStepsCxt:   25
        -InnerToleranceNode: 1.00e-09
        -InnerToleranceCtx:  1.00e-08
        -DiffNode: 7.83e-08
        -DiffCxt:  3.21e-07
    Outer Step:   130      LossTrajs: 0.00006242     ContextsNorm: 0.01591475     ValIndCrit: 0.00007204
        Saving best model so far ...
        -NbInnerStepsNode:   25
        -NbInnerStepsCxt:   25
        -InnerToleranceNode: 1.00e-09
        -InnerToleranceCtx:  1.00e-08
        -DiffNode: 5.74e-07
        -DiffCxt:  1.14e-06
    Outer Step:   140      LossTrajs: 0.00003856     ContextsNorm: 0.01594225     ValIndCrit: 0.00005953
        Saving best model so far ...
        -NbInnerStepsNode:   25
        -NbInnerStepsCxt:   25
        -InnerToleranceNode: 1.00e-09
        -InnerToleranceCtx:  1.00e-08
        -DiffNode: 3.63e-07
        -DiffCxt:  1.73e-06
    Outer Step:   150      LossTrajs: 0.00003446     ContextsNorm: 0.01589035     ValIndCrit: 0.00005892
        Saving best model so far ...
        -NbInnerStepsNode:   25
        -NbInnerStepsCxt:   25
        -InnerToleranceNode: 1.00e-09
        -InnerToleranceCtx:  1.00e-08
        -DiffNode: 1.63e-07
        -DiffCxt:  5.62e-07
    Outer Step:   160      LossTrajs: 0.00004422     ContextsNorm: 0.01577129     ValIndCrit: 0.00006674
        -NbInnerStepsNode:   25
        -NbInnerStepsCxt:   25
        -InnerToleranceNode: 1.00e-09
        -InnerToleranceCtx:  1.00e-08
        -DiffNode: 5.10e-07
        -DiffCxt:  3.58e-06
    Outer Step:   170      LossTrajs: 0.00003300     ContextsNorm: 0.01572355     ValIndCrit: 0.00006075
        -NbInnerStepsNode:   25
        -NbInnerStepsCxt:   25
        -InnerToleranceNode: 1.00e-09
        -InnerToleranceCtx:  1.00e-08
        -DiffNode: 1.36e-07
        -DiffCxt:  1.50e-06
    Outer Step:   180      LossTrajs: 0.00007900     ContextsNorm: 0.01611050     ValIndCrit: 0.00006521
        -NbInnerStepsNode:   25
        -NbInnerStepsCxt:   25
        -InnerToleranceNode: 1.00e-09
        -InnerToleranceCtx:  1.00e-08
        -DiffNode: 1.19e-06
        -DiffCxt:  1.09e-05
    Outer Step:   190      LossTrajs: 0.00002748     ContextsNorm: 0.01595181     ValIndCrit: 0.00005395
        Saving best model so far ...
        -NbInnerStepsNode:   25
        -NbInnerStepsCxt:   25
        -InnerToleranceNode: 1.00e-09
        -InnerToleranceCtx:  1.00e-08
        -DiffNode: 4.12e-08
        -DiffCxt:  4.33e-07
    Outer Step:   200      LossTrajs: 0.00010750     ContextsNorm: 0.01575936     ValIndCrit: 0.00006977
        -NbInnerStepsNode:   25
        -NbInnerStepsCxt:   25
        -InnerToleranceNode: 1.00e-09
        -InnerToleranceCtx:  1.00e-08
        -DiffNode: 2.00e-06
        -DiffCxt:  1.59e-05
    Outer Step:   210      LossTrajs: 0.00007403     ContextsNorm: 0.01596919     ValIndCrit: 0.00006334
        -NbInnerStepsNode:   25
        -NbInnerStepsCxt:   25
        -InnerToleranceNode: 1.00e-09
        -InnerToleranceCtx:  1.00e-08
        -DiffNode: 8.55e-07
        -DiffCxt:  1.52e-06
    Outer Step:   220      LossTrajs: 0.00005883     ContextsNorm: 0.01577600     ValIndCrit: 0.00005557
        -NbInnerStepsNode:   25
        -NbInnerStepsCxt:   25
        -InnerToleranceNode: 1.00e-09
        -InnerToleranceCtx:  1.00e-08
        -DiffNode: 1.06e-06
        -DiffCxt:  9.15e-06
    Outer Step:   230      LossTrajs: 0.00005718     ContextsNorm: 0.01564663     ValIndCrit: 0.00006459
        -NbInnerStepsNode:   25
        -NbInnerStepsCxt:   25
        -InnerToleranceNode: 1.00e-09
        -InnerToleranceCtx:  1.00e-08
        -DiffNode: 1.20e-06
        -DiffCxt:  6.39e-06
    Outer Step:   240      LossTrajs: 0.00047755     ContextsNorm: 0.01456202     ValIndCrit: 0.00019567
        -NbInnerStepsNode:   25
        -NbInnerStepsCxt:   25
        -InnerToleranceNode: 1.00e-09
        -InnerToleranceCtx:  1.00e-08
        -DiffNode: 2.53e-05
        -DiffCxt:  8.26e-05
    Outer Step:   250      LossTrajs: 0.00002771     ContextsNorm: 0.01459081     ValIndCrit: 0.00004688
        Saving best model so far ...
        -NbInnerStepsNode:   25
        -NbInnerStepsCxt:   25
        -InnerToleranceNode: 1.00e-09
        -InnerToleranceCtx:  1.00e-08
        -DiffNode: 3.46e-07
        -DiffCxt:  2.09e-06
    Outer Step:   260      LossTrajs: 0.00002991     ContextsNorm: 0.01450608     ValIndCrit: 0.00004788
        -NbInnerStepsNode:   25
        -NbInnerStepsCxt:   25
        -InnerToleranceNode: 1.00e-09
        -InnerToleranceCtx:  1.00e-08
        -DiffNode: 2.20e-07
        -DiffCxt:  3.54e-06
    Outer Step:   270      LossTrajs: 0.00004231     ContextsNorm: 0.01434010     ValIndCrit: 0.00004483
        Saving best model so far ...
        -NbInnerStepsNode:   25
        -NbInnerStepsCxt:   25
        -InnerToleranceNode: 1.00e-09
        -InnerToleranceCtx:  1.00e-08
        -DiffNode: 3.38e-07
        -DiffCxt:  2.70e-06
    Outer Step:   280      LossTrajs: 0.00002924     ContextsNorm: 0.01417364     ValIndCrit: 0.00004278
        Saving best model so far ...
        -NbInnerStepsNode:   25
        -NbInnerStepsCxt:   25
        -InnerToleranceNode: 1.00e-09
        -InnerToleranceCtx:  1.00e-08
        -DiffNode: 6.53e-08
        -DiffCxt:  6.79e-07
    Outer Step:   290      LossTrajs: 0.00004505     ContextsNorm: 0.01498596     ValIndCrit: 0.00004562
        -NbInnerStepsNode:   25
        -NbInnerStepsCxt:   25
        -InnerToleranceNode: 1.00e-09
        -InnerToleranceCtx:  1.00e-08
        -DiffNode: 5.82e-07
        -DiffCxt:  5.48e-06
    Outer Step:   300      LossTrajs: 0.00003146     ContextsNorm: 0.01561676     ValIndCrit: 0.00006472
        -NbInnerStepsNode:   25
        -NbInnerStepsCxt:   25
        -InnerToleranceNode: 1.00e-09
        -InnerToleranceCtx:  1.00e-08
        -DiffNode: 1.37e-07
        -DiffCxt:  5.09e-07
    Outer Step:   310      LossTrajs: 0.00002234     ContextsNorm: 0.01559200     ValIndCrit: 0.00004615
        -NbInnerStepsNode:    4
        -NbInnerStepsCxt:   25
        -InnerToleranceNode: 1.00e-09
        -InnerToleranceCtx:  1.00e-08
        -DiffNode: 9.60e-10
        -DiffCxt:  3.81e-08
    Outer Step:   320      LossTrajs: 0.00002339     ContextsNorm: 0.01539377     ValIndCrit: 0.00004299
        -NbInnerStepsNode:   25
        -NbInnerStepsCxt:   25
        -InnerToleranceNode: 1.00e-09
        -InnerToleranceCtx:  1.00e-08
        -DiffNode: 6.86e-08
        -DiffCxt:  4.82e-07
    Outer Step:   330      LossTrajs: 0.00012603     ContextsNorm: 0.01564870     ValIndCrit: 0.00006855
        -NbInnerStepsNode:   25
        -NbInnerStepsCxt:   25
        -InnerToleranceNode: 1.00e-09
        -InnerToleranceCtx:  1.00e-08
        -DiffNode: 3.77e-06
        -DiffCxt:  1.83e-05
    Outer Step:   340      LossTrajs: 0.00002492     ContextsNorm: 0.01636012     ValIndCrit: 0.00004255
        Saving best model so far ...
        -NbInnerStepsNode:   25
        -NbInnerStepsCxt:   25
        -InnerToleranceNode: 1.00e-09
        -InnerToleranceCtx:  1.00e-08
        -DiffNode: 5.77e-08
        -DiffCxt:  3.15e-07
    Outer Step:   350      LossTrajs: 0.00005490     ContextsNorm: 0.01603904     ValIndCrit: 0.00004138
        Saving best model so far ...
        -NbInnerStepsNode:   25
        -NbInnerStepsCxt:   25
        -InnerToleranceNode: 1.00e-09
        -InnerToleranceCtx:  1.00e-08
        -DiffNode: 1.19e-06
        -DiffCxt:  6.23e-06
    Outer Step:   360      LossTrajs: 0.00002284     ContextsNorm: 0.01614610     ValIndCrit: 0.00004319
        -NbInnerStepsNode:   25
        -NbInnerStepsCxt:   25
        -InnerToleranceNode: 1.00e-09
        -InnerToleranceCtx:  1.00e-08
        -DiffNode: 1.01e-07
        -DiffCxt:  1.51e-06
    Outer Step:   370      LossTrajs: 0.00004322     ContextsNorm: 0.01588168     ValIndCrit: 0.00004215
        -NbInnerStepsNode:   25
        -NbInnerStepsCxt:   25
        -InnerToleranceNode: 1.00e-09
        -InnerToleranceCtx:  1.00e-08
        -DiffNode: 4.04e-07
        -DiffCxt:  2.80e-06
    Outer Step:   380      LossTrajs: 0.00002574     ContextsNorm: 0.01592524     ValIndCrit: 0.00004492
        -NbInnerStepsNode:   25
        -NbInnerStepsCxt:   25
        -InnerToleranceNode: 1.00e-09
        -InnerToleranceCtx:  1.00e-08
        -DiffNode: 5.39e-07
        -DiffCxt:  7.19e-06
    Outer Step:   390      LossTrajs: 0.00002721     ContextsNorm: 0.01568162     ValIndCrit: 0.00004072
        Saving best model so far ...
        -NbInnerStepsNode:   25
        -NbInnerStepsCxt:   25
        -InnerToleranceNode: 1.00e-09
        -InnerToleranceCtx:  1.00e-08
        -DiffNode: 1.73e-07
        -DiffCxt:  1.80e-06
    Outer Step:   400      LossTrajs: 0.00012575     ContextsNorm: 0.01529817     ValIndCrit: 0.00006516
        -NbInnerStepsNode:   25
        -NbInnerStepsCxt:   25
        -InnerToleranceNode: 1.00e-09
        -InnerToleranceCtx:  1.00e-08
        -DiffNode: 3.44e-06
        -DiffCxt:  4.22e-05
    Outer Step:   410      LossTrajs: 0.00002666     ContextsNorm: 0.01555854     ValIndCrit: 0.00003945
        Saving best model so far ...
        -NbInnerStepsNode:   25
        -NbInnerStepsCxt:   25
        -InnerToleranceNode: 1.00e-09
        -InnerToleranceCtx:  1.00e-08
        -DiffNode: 3.54e-07
        -DiffCxt:  2.08e-06
    Outer Step:   420      LossTrajs: 0.00002512     ContextsNorm: 0.01562027     ValIndCrit: 0.00003977
        -NbInnerStepsNode:   25
        -NbInnerStepsCxt:   25
        -InnerToleranceNode: 1.00e-09
        -InnerToleranceCtx:  1.00e-08
        -DiffNode: 1.35e-07
        -DiffCxt:  1.34e-06
    Outer Step:   430      LossTrajs: 0.00004942     ContextsNorm: 0.01556100     ValIndCrit: 0.00004760
        -NbInnerStepsNode:   25
        -NbInnerStepsCxt:   25
        -InnerToleranceNode: 1.00e-09
        -InnerToleranceCtx:  1.00e-08
        -DiffNode: 5.16e-07
        -DiffCxt:  3.32e-06
    Outer Step:   440      LossTrajs: 0.00011641     ContextsNorm: 0.01517626     ValIndCrit: 0.00005337
        -NbInnerStepsNode:   25
        -NbInnerStepsCxt:   25
        -InnerToleranceNode: 1.00e-09
        -InnerToleranceCtx:  1.00e-08
        -DiffNode: 4.70e-06
        -DiffCxt:  2.01e-05
    Outer Step:   450      LossTrajs: 0.00002751     ContextsNorm: 0.01528336     ValIndCrit: 0.00003916
        Saving best model so far ...
        -NbInnerStepsNode:   25
        -NbInnerStepsCxt:   25
        -InnerToleranceNode: 1.00e-09
        -InnerToleranceCtx:  1.00e-08
        -DiffNode: 3.66e-07
        -DiffCxt:  4.19e-06
    Outer Step:   460      LossTrajs: 0.00002018     ContextsNorm: 0.01550013     ValIndCrit: 0.00003656
        Saving best model so far ...
        -NbInnerStepsNode:   25
        -NbInnerStepsCxt:   25
        -InnerToleranceNode: 1.00e-09
        -InnerToleranceCtx:  1.00e-08
        -DiffNode: 1.75e-08
        -DiffCxt:  2.23e-07
    Outer Step:   470      LossTrajs: 0.00003085     ContextsNorm: 0.01562771     ValIndCrit: 0.00004800
        -NbInnerStepsNode:   25
        -NbInnerStepsCxt:   25
        -InnerToleranceNode: 1.00e-09
        -InnerToleranceCtx:  1.00e-08
        -DiffNode: 4.91e-07
        -DiffCxt:  2.22e-06
    Outer Step:   480      LossTrajs: 0.00003302     ContextsNorm: 0.01525978     ValIndCrit: 0.00003974
        -NbInnerStepsNode:   25
        -NbInnerStepsCxt:   25
        -InnerToleranceNode: 1.00e-09
        -InnerToleranceCtx:  1.00e-08
        -DiffNode: 2.74e-07
        -DiffCxt:  2.71e-06
    Outer Step:   490      LossTrajs: 0.00004132     ContextsNorm: 0.01505913     ValIndCrit: 0.00003700
        -NbInnerStepsNode:   25
        -NbInnerStepsCxt:   25
        -InnerToleranceNode: 1.00e-09
        -InnerToleranceCtx:  1.00e-08
        -DiffNode: 1.14e-06
        -DiffCxt:  4.35e-06
    Outer Step:   499      LossTrajs: 0.00002838     ContextsNorm: 0.01473378     ValIndCrit: 0.00004007
        -NbInnerStepsNode:   25
        -NbInnerStepsCxt:   25
        -InnerToleranceNode: 1.00e-09
        -InnerToleranceCtx:  1.00e-08
        -DiffNode: 6.57e-07
        -DiffCxt:  5.89e-06

Total gradient descent training time: 2 hours 3 mins 40 secs
Environment weights at the end of the training: [0.11111111 0.11111111 0.11111111 0.11111111 0.11111111 0.11111111
 0.11111111 0.11111111 0.11111111]
WARNING: You did not provide a dataloader id. A new one has been generated: 162430
WARNING: Note that this id used to distuinguish between adaptations to different environments.
WARNING: batch_size must be between 0 and nb_trajs_per_env. Setting batch_size to maximum.
WARNING: No key provided, using time as seed
==  Begining in-domain testing ... ==
    Number of training environments: 9
    Final length of the training trajectories: 20
    Length of the testing trajectories: 20
Test Score (In-Domain): 3.655587e-05


############# Neural Context Flow #############

Jax version: 0.4.28
Available devices: [cuda(id=0)]
Running this script in ipython (Jupyter) session ? False
=== Parsed arguments to generate data ===
 Split: adapt
 Savepath: ./runs/03082024-142030/adapt/
 Seed: 6078


############# Neural Context Flow #############

Jax version: 0.4.28
Available devices: [cuda(id=0)]
Running this script in ipython (Jupyter) session ? False
=== Parsed arguments to generate data ===
 Split: adapt_test
 Savepath: ./runs/03082024-142030/adapt/
 Seed: 6078

==  Begining in-domain visualisation ... ==
    Environment id: 2
    Trajectory id: 26
    Visualized dimensions: (0, 1)
    Final length of the training trajectories: 20
    Length of the testing trajectories: 20
Testing finished. Figure saved in: ./runs/03082024-142030/results_in_domain.png
WARNING: batch_size must be between 0 and nb_trajs_per_env. Setting batch_size to maximum.
Traceback (most recent call last):
  File "/home/gb21553/Projects/NCFlow/examples/lotka-voltera/main_T2_nearest.py", line 430, in <module>
    adapt_dataloader_test = DataLoader(adapt_folder+"adapt_test_data.npz", adaptation=True, data_id="1708460", key=seed)
                            ^^^^^^^^^^^^^^^^^^^^^^^^^^^^^^^^^^^^^^^^^^^^^^^^^^^^^^^^^^^^^^^^^^^^^^^^^^^^^^^^^^^^^^^^^^^^
  File "/home/gb21553/Projects/NCFlow/examples/lotka-voltera/nodax/dataloader.py", line 12, in __init__
    raw_dat = jnp.load(dataset)
              ^^^^^^^^^^^^^^^^^
  File "/home/gb21553/miniconda3/envs/jax/lib/python3.12/site-packages/jax/_src/numpy/lax_numpy.py", line 306, in load
    out = np.load(*args, **kwargs)
          ^^^^^^^^^^^^^^^^^^^^^^^^
  File "/home/gb21553/miniconda3/envs/jax/lib/python3.12/site-packages/numpy/lib/npyio.py", line 427, in load
    fid = stack.enter_context(open(os_fspath(file), "rb"))
                              ^^^^^^^^^^^^^^^^^^^^^^^^^^^
FileNotFoundError: [Errno 2] No such file or directory: './runs/03082024-142030/adapt/adapt_test_data.npz'
