
############# Inductive Bias Learning for Dynamical Systems #############

Jax version: 0.4.14
Available devices: [gpu(id=0)]
Running this script in ipython (Jupyter) session ? False
=== Parsed arguments to generate data ===
 Split: train
 Savepath: ./runs/15032024-180946/
 Seed: 2026


############# Inductive Bias Learning for Dynamical Systems #############

Jax version: 0.4.14
Available devices: [gpu(id=0)]
Running this script in ipython (Jupyter) session ? False
=== Parsed arguments to generate data ===
 Split: test
 Savepath: ./runs/15032024-180946/
 Seed: 4052


############# Inductive Bias Learning for Dynamical Systems #############

Jax version: 0.4.14
Available devices: [gpu(id=0)]
New run folder created successfuly: ./runs/15032024-180946/
Completed copied scripts 
WARNING: You did not provide a dataloader id. A new one has been generated: 181008
WARNING: Note that this id used to distuinguish between adaptations to different environments.
WARNING: batch_size must be between 0 and nb_trajs_per_env. Setting batch_size to maximum.
WARNING: You did not provide a dataloader id. A new one has been generated: 181008
WARNING: Note that this id used to distuinguish between adaptations to different environments.
WARNING: batch_size must be between 0 and nb_trajs_per_env. Setting batch_size to maximum.


Total number of parameters in the model: 12621348 


WARNING: No key provided for the context initialization. Initializing at 0.
WARNING: No key provided, using time as seed


=== Beginning training with proximal alternating minimization ... ===
    Number of examples in a batch: 1
    Maximum number of steps per inner minimization: 20
    Maximum number of outer minimizations: 800
    Maximum total number of training steps: 16000

Compiling function "train_step" for neural ode ...
Shapes of elements in a batch: (4, 1, 10, 2048) (10,)

Compiling function "train_step" for context ...
Shapes of elements in a batch: (4, 1, 10, 2048) (10,)
    Outer Step:     0      LossTrajs: 0.08667681     ContextsNorm: 0.00000000     ValIndCrit: 0.07339388
        -NbInnerStepsNode:    1
        -NbInnerStepsCxt:    1
        -InnerToleranceNode: 8.00e-07
        -InnerToleranceCtx:  4.00e-06
        -DiffNode: 2.32e-06
        -DiffCxt:  inf
    Outer Step:     1      LossTrajs: 0.03928144     ContextsNorm: 0.00901805     ValIndCrit: 0.03747313
        -NbInnerStepsNode:   20
        -NbInnerStepsCxt:   20
        -InnerToleranceNode: 8.00e-07
        -InnerToleranceCtx:  4.00e-06
        -DiffNode: 8.62e-05
        -DiffCxt:  2.21e-03
    Outer Step:     2      LossTrajs: 0.01704775     ContextsNorm: 0.01021264     ValIndCrit: 0.04656892
        -NbInnerStepsNode:   20
        -NbInnerStepsCxt:   20
        -InnerToleranceNode: 8.00e-07
        -InnerToleranceCtx:  4.00e-06
        -DiffNode: 1.60e-04
        -DiffCxt:  2.92e-04
    Outer Step:     3      LossTrajs: 0.01530585     ContextsNorm: 0.01059876     ValIndCrit: 0.04845163
        -NbInnerStepsNode:   20
        -NbInnerStepsCxt:   20
        -InnerToleranceNode: 8.00e-07
        -InnerToleranceCtx:  4.00e-06
        -DiffNode: 4.11e-05
        -DiffCxt:  4.16e-05
    Outer Step:    10      LossTrajs: 0.01031641     ContextsNorm: 0.01059048     ValIndCrit: 0.09667873
        -NbInnerStepsNode:   20
        -NbInnerStepsCxt:   20
        -InnerToleranceNode: 8.00e-07
        -InnerToleranceCtx:  4.00e-06
        -DiffNode: 4.84e-05
        -DiffCxt:  3.18e-05
    Outer Step:    20      LossTrajs: 0.00589414     ContextsNorm: 0.01064602     ValIndCrit: 0.15782948
        -NbInnerStepsNode:   20
        -NbInnerStepsCxt:   20
        -InnerToleranceNode: 8.00e-07
        -InnerToleranceCtx:  4.00e-06
        -DiffNode: 3.01e-06
        -DiffCxt:  7.38e-06
    Outer Step:    30      LossTrajs: 0.00534273     ContextsNorm: 0.01083432     ValIndCrit: 0.17364140
        -NbInnerStepsNode:   20
        -NbInnerStepsCxt:   20
        -InnerToleranceNode: 8.00e-07
        -InnerToleranceCtx:  4.00e-06
        -DiffNode: 5.56e-06
        -DiffCxt:  7.51e-06
    Outer Step:    40      LossTrajs: 0.00514371     ContextsNorm: 0.01214264     ValIndCrit: 0.17610958
        -NbInnerStepsNode:    1
        -NbInnerStepsCxt:    1
        -InnerToleranceNode: 8.00e-07
        -InnerToleranceCtx:  4.00e-06
        -DiffNode: 7.03e-07
        -DiffCxt:  3.68e-06
    Outer Step:    50      LossTrajs: 0.00487526     ContextsNorm: 0.01223016     ValIndCrit: 0.20479152
        -NbInnerStepsNode:    1
        -NbInnerStepsCxt:    2
        -InnerToleranceNode: 8.00e-07
        -InnerToleranceCtx:  4.00e-06
        -DiffNode: 6.85e-07
        -DiffCxt:  2.53e-06
    Outer Step:    60      LossTrajs: 0.00467361     ContextsNorm: 0.01234017     ValIndCrit: 0.24842423
        -NbInnerStepsNode:   20
        -NbInnerStepsCxt:    2
        -InnerToleranceNode: 8.00e-07
        -InnerToleranceCtx:  4.00e-06
        -DiffNode: 1.28e-06
        -DiffCxt:  3.80e-06
    Outer Step:    70      LossTrajs: 0.00434014     ContextsNorm: 0.01236265     ValIndCrit: 0.30583984
        -NbInnerStepsNode:   20
        -NbInnerStepsCxt:   20
        -InnerToleranceNode: 8.00e-07
        -InnerToleranceCtx:  4.00e-06
        -DiffNode: 8.10e-06
        -DiffCxt:  2.99e-05
    Outer Step:    80      LossTrajs: 0.00375805     ContextsNorm: 0.01245936     ValIndCrit: 1011631.75000000
        -NbInnerStepsNode:   20
        -NbInnerStepsCxt:   20
        -InnerToleranceNode: 8.00e-07
        -InnerToleranceCtx:  4.00e-06
        -DiffNode: 4.36e-06
        -DiffCxt:  5.33e-06
    Outer Step:    90      LossTrajs: 0.00302706     ContextsNorm: 0.01282652     ValIndCrit: 1622000.25000000
        -NbInnerStepsNode:   20
        -NbInnerStepsCxt:    4
        -InnerToleranceNode: 8.00e-07
        -InnerToleranceCtx:  4.00e-06
        -DiffNode: 2.19e-06
        -DiffCxt:  3.49e-06
    Outer Step:   100      LossTrajs: 0.00274698     ContextsNorm: 0.01314465     ValIndCrit: 459793.18750000
        -NbInnerStepsNode:   20
        -NbInnerStepsCxt:   20
        -InnerToleranceNode: 8.00e-07
        -InnerToleranceCtx:  4.00e-06
        -DiffNode: 1.86e-06
        -DiffCxt:  7.20e-06
    Outer Step:   110      LossTrajs: 0.00256560     ContextsNorm: 0.01293964     ValIndCrit: 185149.53125000
        -NbInnerStepsNode:   20
        -NbInnerStepsCxt:    7
        -InnerToleranceNode: 8.00e-07
        -InnerToleranceCtx:  4.00e-06
        -DiffNode: 2.68e-06
        -DiffCxt:  3.13e-06
    Outer Step:   120      LossTrajs: 0.00286406     ContextsNorm: 0.01455049     ValIndCrit: 0.15458828
        -NbInnerStepsNode:   20
        -NbInnerStepsCxt:    8
        -InnerToleranceNode: 8.00e-07
        -InnerToleranceCtx:  4.00e-06
        -DiffNode: 5.44e-06
        -DiffCxt:  3.84e-06
    Outer Step:   130      LossTrajs: 0.00218153     ContextsNorm: 0.01569643     ValIndCrit: 571940.68750000
        -NbInnerStepsNode:   20
        -NbInnerStepsCxt:    2
        -InnerToleranceNode: 8.00e-07
        -InnerToleranceCtx:  4.00e-06
        -DiffNode: 1.90e-06
        -DiffCxt:  2.11e-06
    Outer Step:   140      LossTrajs: 0.00239032     ContextsNorm: 0.01586613     ValIndCrit: 7719.01562500
        -NbInnerStepsNode:   20
        -NbInnerStepsCxt:   20
        -InnerToleranceNode: 8.00e-07
        -InnerToleranceCtx:  4.00e-06
        -DiffNode: 3.08e-06
        -DiffCxt:  7.08e-06
    Outer Step:   150      LossTrajs: 0.00171704     ContextsNorm: 0.01628274     ValIndCrit: 0.14412779
        -NbInnerStepsNode:   20
        -NbInnerStepsCxt:    1
        -InnerToleranceNode: 8.00e-07
        -InnerToleranceCtx:  4.00e-06
        -DiffNode: 1.00e-06
        -DiffCxt:  2.43e-06
    Outer Step:   160      LossTrajs: 0.00157661     ContextsNorm: 0.01585213     ValIndCrit: 0.12019555
        -NbInnerStepsNode:   20
        -NbInnerStepsCxt:    1
        -InnerToleranceNode: 8.00e-07
        -InnerToleranceCtx:  4.00e-06
        -DiffNode: 9.16e-07
        -DiffCxt:  3.74e-06
    Outer Step:   170      LossTrajs: 0.00159215     ContextsNorm: 0.01673701     ValIndCrit: 0.10458432
        -NbInnerStepsNode:    6
        -NbInnerStepsCxt:    1
        -InnerToleranceNode: 8.00e-07
        -InnerToleranceCtx:  4.00e-06
        -DiffNode: 7.52e-07
        -DiffCxt:  2.57e-06
    Outer Step:   180      LossTrajs: 0.00151297     ContextsNorm: 0.01626564     ValIndCrit: 0.09785160
        -NbInnerStepsNode:   20
        -NbInnerStepsCxt:    1
        -InnerToleranceNode: 8.00e-07
        -InnerToleranceCtx:  4.00e-06
        -DiffNode: 1.66e-06
        -DiffCxt:  3.97e-06
    Outer Step:   190      LossTrajs: 0.00127724     ContextsNorm: 0.01646260     ValIndCrit: 0.09285251
        -NbInnerStepsNode:    4
        -NbInnerStepsCxt:    1
        -InnerToleranceNode: 8.00e-07
        -InnerToleranceCtx:  4.00e-06
        -DiffNode: 7.64e-07
        -DiffCxt:  2.14e-06
    Outer Step:   200      LossTrajs: 0.00128640     ContextsNorm: 0.01574843     ValIndCrit: 0.08706933
        -NbInnerStepsNode:    1
        -NbInnerStepsCxt:    1
        -InnerToleranceNode: 8.00e-07
        -InnerToleranceCtx:  4.00e-06
        -DiffNode: 7.70e-07
        -DiffCxt:  1.93e-06
    Outer Step:   210      LossTrajs: 0.00148189     ContextsNorm: 0.01590232     ValIndCrit: 0.07873599
        -NbInnerStepsNode:   20
        -NbInnerStepsCxt:   16
        -InnerToleranceNode: 8.00e-07
        -InnerToleranceCtx:  4.00e-06
        -DiffNode: 1.42e-06
        -DiffCxt:  3.56e-06
    Outer Step:   220      LossTrajs: 0.00121966     ContextsNorm: 0.01602315     ValIndCrit: 0.08300642
        -NbInnerStepsNode:    8
        -NbInnerStepsCxt:    1
        -InnerToleranceNode: 8.00e-07
        -InnerToleranceCtx:  4.00e-06
        -DiffNode: 6.80e-07
        -DiffCxt:  2.83e-06
    Outer Step:   230      LossTrajs: 0.00122062     ContextsNorm: 0.01601397     ValIndCrit: 0.08038162
        -NbInnerStepsNode:    2
        -NbInnerStepsCxt:    1
        -InnerToleranceNode: 8.00e-07
        -InnerToleranceCtx:  4.00e-06
        -DiffNode: 6.44e-07
        -DiffCxt:  9.39e-07
    Outer Step:   240      LossTrajs: 0.00120626     ContextsNorm: 0.01579649     ValIndCrit: 0.08249317
        -NbInnerStepsNode:   11
        -NbInnerStepsCxt:    1
        -InnerToleranceNode: 8.00e-07
        -InnerToleranceCtx:  4.00e-06
        -DiffNode: 6.93e-07
        -DiffCxt:  3.12e-06
    Outer Step:   250      LossTrajs: 0.00123707     ContextsNorm: 0.01545758     ValIndCrit: 0.07276651
        -NbInnerStepsNode:    3
        -NbInnerStepsCxt:    8
        -InnerToleranceNode: 8.00e-07
        -InnerToleranceCtx:  4.00e-06
        -DiffNode: 7.84e-07
        -DiffCxt:  3.20e-06
    Outer Step:   260      LossTrajs: 0.00115315     ContextsNorm: 0.01539486     ValIndCrit: 0.07853775
        -NbInnerStepsNode:   12
        -NbInnerStepsCxt:   16
        -InnerToleranceNode: 8.00e-07
        -InnerToleranceCtx:  4.00e-06
        -DiffNode: 7.71e-07
        -DiffCxt:  3.31e-06
    Outer Step:   270      LossTrajs: 0.00107237     ContextsNorm: 0.01573358     ValIndCrit: 0.07894084
        -NbInnerStepsNode:    1
        -NbInnerStepsCxt:   10
        -InnerToleranceNode: 8.00e-07
        -InnerToleranceCtx:  4.00e-06
        -DiffNode: 5.53e-07
        -DiffCxt:  3.83e-06
    Outer Step:   280      LossTrajs: 0.00108350     ContextsNorm: 0.01561858     ValIndCrit: 0.07293796
        -NbInnerStepsNode:    1
        -NbInnerStepsCxt:    3
        -InnerToleranceNode: 8.00e-07
        -InnerToleranceCtx:  4.00e-06
        -DiffNode: 5.94e-07
        -DiffCxt:  2.45e-06
    Outer Step:   290      LossTrajs: 0.00104301     ContextsNorm: 0.01540956     ValIndCrit: 0.07312731
        -NbInnerStepsNode:    1
        -NbInnerStepsCxt:    1
        -InnerToleranceNode: 8.00e-07
        -InnerToleranceCtx:  4.00e-06
        -DiffNode: 7.44e-07
        -DiffCxt:  3.14e-06
    Outer Step:   300      LossTrajs: 0.00125509     ContextsNorm: 0.01591266     ValIndCrit: 0.06257200
        -NbInnerStepsNode:   20
        -NbInnerStepsCxt:    5
        -InnerToleranceNode: 8.00e-07
        -InnerToleranceCtx:  4.00e-06
        -DiffNode: 1.26e-06
        -DiffCxt:  3.77e-06
    Outer Step:   310      LossTrajs: 0.00101534     ContextsNorm: 0.01547572     ValIndCrit: 0.06758468
        -NbInnerStepsNode:    2
        -NbInnerStepsCxt:    2
        -InnerToleranceNode: 8.00e-07
        -InnerToleranceCtx:  4.00e-06
        -DiffNode: 7.08e-07
        -DiffCxt:  2.84e-06
    Outer Step:   320      LossTrajs: 0.00097939     ContextsNorm: 0.01556129     ValIndCrit: 0.07175000
        -NbInnerStepsNode:    1
        -NbInnerStepsCxt:    6
        -InnerToleranceNode: 8.00e-07
        -InnerToleranceCtx:  4.00e-06
        -DiffNode: 7.12e-07
        -DiffCxt:  3.23e-06
    Outer Step:   330      LossTrajs: 0.00096954     ContextsNorm: 0.01533654     ValIndCrit: 0.06235439
        -NbInnerStepsNode:    1
        -NbInnerStepsCxt:    4
        -InnerToleranceNode: 8.00e-07
        -InnerToleranceCtx:  4.00e-06
        -DiffNode: 7.45e-07
        -DiffCxt:  3.57e-06
    Outer Step:   340      LossTrajs: 0.00094863     ContextsNorm: 0.01537661     ValIndCrit: 0.06419297
        -NbInnerStepsNode:    1
        -NbInnerStepsCxt:    1
        -InnerToleranceNode: 8.00e-07
        -InnerToleranceCtx:  4.00e-06
        -DiffNode: 6.15e-07
        -DiffCxt:  1.26e-06
    Outer Step:   350      LossTrajs: 0.00093071     ContextsNorm: 0.01531603     ValIndCrit: 0.06760979
        -NbInnerStepsNode:    1
        -NbInnerStepsCxt:    1
        -InnerToleranceNode: 8.00e-07
        -InnerToleranceCtx:  4.00e-06
        -DiffNode: 5.82e-07
        -DiffCxt:  2.35e-06
    Outer Step:   360      LossTrajs: 0.00093815     ContextsNorm: 0.01557008     ValIndCrit: 0.06286582
        -NbInnerStepsNode:    5
        -NbInnerStepsCxt:    1
        -InnerToleranceNode: 8.00e-07
        -InnerToleranceCtx:  4.00e-06
        -DiffNode: 7.21e-07
        -DiffCxt:  3.34e-06
    Outer Step:   370      LossTrajs: 0.00167970     ContextsNorm: 0.01574414     ValIndCrit: 0.05605138
        -NbInnerStepsNode:   20
        -NbInnerStepsCxt:   20
        -InnerToleranceNode: 8.00e-07
        -InnerToleranceCtx:  4.00e-06
        -DiffNode: 3.09e-06
        -DiffCxt:  1.84e-05
    Outer Step:   380      LossTrajs: 0.00096857     ContextsNorm: 0.01523072     ValIndCrit: 0.06225986
        -NbInnerStepsNode:   15
        -NbInnerStepsCxt:   11
        -InnerToleranceNode: 8.00e-07
        -InnerToleranceCtx:  4.00e-06
        -DiffNode: 7.73e-07
        -DiffCxt:  3.46e-06
    Outer Step:   390      LossTrajs: 0.00101143     ContextsNorm: 0.01487519     ValIndCrit: 0.05546733
        -NbInnerStepsNode:   20
        -NbInnerStepsCxt:    5
        -InnerToleranceNode: 8.00e-07
        -InnerToleranceCtx:  4.00e-06
        -DiffNode: 1.43e-06
        -DiffCxt:  3.56e-06
    Outer Step:   400      LossTrajs: 0.00085494     ContextsNorm: 0.01495039     ValIndCrit: 0.06049136
        -NbInnerStepsNode:    1
        -NbInnerStepsCxt:    1
        -InnerToleranceNode: 8.00e-07
        -InnerToleranceCtx:  4.00e-06
        -DiffNode: 7.06e-07
        -DiffCxt:  3.26e-06
    Outer Step:   410      LossTrajs: 0.00083403     ContextsNorm: 0.01555284     ValIndCrit: 0.06559990
        -NbInnerStepsNode:    1
        -NbInnerStepsCxt:   16
        -InnerToleranceNode: 8.00e-07
        -InnerToleranceCtx:  4.00e-06
        -DiffNode: 6.33e-07
        -DiffCxt:  3.84e-06
    Outer Step:   420      LossTrajs: 0.00080595     ContextsNorm: 0.01560817     ValIndCrit: 0.06196314
        -NbInnerStepsNode:    1
        -NbInnerStepsCxt:    1
        -InnerToleranceNode: 8.00e-07
        -InnerToleranceCtx:  4.00e-06
        -DiffNode: 5.28e-07
        -DiffCxt:  2.38e-06
    Outer Step:   430      LossTrajs: 0.00080927     ContextsNorm: 0.01538485     ValIndCrit: 0.06101733
        -NbInnerStepsNode:    1
        -NbInnerStepsCxt:   15
        -InnerToleranceNode: 8.00e-07
        -InnerToleranceCtx:  4.00e-06
        -DiffNode: 7.70e-07
        -DiffCxt:  3.65e-06
    Outer Step:   440      LossTrajs: 0.00078242     ContextsNorm: 0.01544240     ValIndCrit: 0.05932097
        -NbInnerStepsNode:    1
        -NbInnerStepsCxt:    3
        -InnerToleranceNode: 8.00e-07
        -InnerToleranceCtx:  4.00e-06
        -DiffNode: 6.18e-07
        -DiffCxt:  3.66e-06
    Outer Step:   450      LossTrajs: 0.00078986     ContextsNorm: 0.01580269     ValIndCrit: 0.05639371
        -NbInnerStepsNode:    1
        -NbInnerStepsCxt:    4
        -InnerToleranceNode: 8.00e-07
        -InnerToleranceCtx:  4.00e-06
        -DiffNode: 7.20e-07
        -DiffCxt:  3.87e-06
    Outer Step:   460      LossTrajs: 0.00077287     ContextsNorm: 0.01610621     ValIndCrit: 0.05760039
        -NbInnerStepsNode:    1
        -NbInnerStepsCxt:    1
        -InnerToleranceNode: 8.00e-07
        -InnerToleranceCtx:  4.00e-06
        -DiffNode: 7.85e-07
        -DiffCxt:  1.17e-06
    Outer Step:   470      LossTrajs: 0.00072206     ContextsNorm: 0.01613293     ValIndCrit: 0.06085109
        -NbInnerStepsNode:    1
        -NbInnerStepsCxt:    3
        -InnerToleranceNode: 8.00e-07
        -InnerToleranceCtx:  4.00e-06
        -DiffNode: 6.69e-07
        -DiffCxt:  3.96e-06
    Outer Step:   480      LossTrajs: 0.00077145     ContextsNorm: 0.01629878     ValIndCrit: 0.05860404
        -NbInnerStepsNode:    1
        -NbInnerStepsCxt:    9
        -InnerToleranceNode: 8.00e-07
        -InnerToleranceCtx:  4.00e-06
        -DiffNode: 6.83e-07
        -DiffCxt:  3.87e-06
    Outer Step:   490      LossTrajs: 0.00073688     ContextsNorm: 0.01579425     ValIndCrit: 0.06059667
        -NbInnerStepsNode:   11
        -NbInnerStepsCxt:   19
        -InnerToleranceNode: 8.00e-07
        -InnerToleranceCtx:  4.00e-06
        -DiffNode: 7.43e-07
        -DiffCxt:  3.63e-06
    Outer Step:   500      LossTrajs: 0.00071452     ContextsNorm: 0.01680572     ValIndCrit: 0.05698548
        -NbInnerStepsNode:    2
        -NbInnerStepsCxt:    1
        -InnerToleranceNode: 8.00e-07
        -InnerToleranceCtx:  4.00e-06
        -DiffNode: 6.39e-07
        -DiffCxt:  2.28e-06
    Outer Step:   510      LossTrajs: 0.00069903     ContextsNorm: 0.01700813     ValIndCrit: 0.06133654
        -NbInnerStepsNode:    4
        -NbInnerStepsCxt:    1
        -InnerToleranceNode: 8.00e-07
        -InnerToleranceCtx:  4.00e-06
        -DiffNode: 7.69e-07
        -DiffCxt:  3.79e-06
    Outer Step:   520      LossTrajs: 0.00064952     ContextsNorm: 0.01695672     ValIndCrit: 0.06360766
        -NbInnerStepsNode:    1
        -NbInnerStepsCxt:    1
        -InnerToleranceNode: 8.00e-07
        -InnerToleranceCtx:  4.00e-06
        -DiffNode: 6.55e-07
        -DiffCxt:  3.53e-06
    Outer Step:   530      LossTrajs: 0.00065640     ContextsNorm: 0.01692534     ValIndCrit: 0.05953813
        -NbInnerStepsNode:    1
        -NbInnerStepsCxt:    1
        -InnerToleranceNode: 8.00e-07
        -InnerToleranceCtx:  4.00e-06
        -DiffNode: 5.41e-07
        -DiffCxt:  2.79e-06
    Outer Step:   540      LossTrajs: 0.00067001     ContextsNorm: 0.01728351     ValIndCrit: 0.05461507
        -NbInnerStepsNode:    1
        -NbInnerStepsCxt:    1
        -InnerToleranceNode: 8.00e-07
        -InnerToleranceCtx:  4.00e-06
        -DiffNode: 7.81e-07
        -DiffCxt:  2.96e-06
    Outer Step:   550      LossTrajs: 0.00064055     ContextsNorm: 0.01720428     ValIndCrit: 0.05567814
        -NbInnerStepsNode:    1
        -NbInnerStepsCxt:    4
        -InnerToleranceNode: 8.00e-07
        -InnerToleranceCtx:  4.00e-06
        -DiffNode: 5.78e-07
        -DiffCxt:  3.43e-06
    Outer Step:   560      LossTrajs: 0.00064921     ContextsNorm: 0.01705168     ValIndCrit: 0.05737156
        -NbInnerStepsNode:    1
        -NbInnerStepsCxt:    3
        -InnerToleranceNode: 8.00e-07
        -InnerToleranceCtx:  4.00e-06
        -DiffNode: 7.13e-07
        -DiffCxt:  1.96e-06
    Outer Step:   570      LossTrajs: 0.00062958     ContextsNorm: 0.01692022     ValIndCrit: 0.05823521
        -NbInnerStepsNode:    1
        -NbInnerStepsCxt:    1
        -InnerToleranceNode: 8.00e-07
        -InnerToleranceCtx:  4.00e-06
        -DiffNode: 6.75e-07
        -DiffCxt:  1.41e-06
    Outer Step:   580      LossTrajs: 0.00062967     ContextsNorm: 0.01686192     ValIndCrit: 0.05735430
        -NbInnerStepsNode:    3
        -NbInnerStepsCxt:    1
        -InnerToleranceNode: 8.00e-07
        -InnerToleranceCtx:  4.00e-06
        -DiffNode: 6.36e-07
        -DiffCxt:  2.84e-06
    Outer Step:   590      LossTrajs: 0.00059196     ContextsNorm: 0.01718473     ValIndCrit: 0.05841675
        -NbInnerStepsNode:    1
        -NbInnerStepsCxt:    1
        -InnerToleranceNode: 8.00e-07
        -InnerToleranceCtx:  4.00e-06
        -DiffNode: 7.16e-07
        -DiffCxt:  2.36e-06
    Outer Step:   600      LossTrajs: 0.00063425     ContextsNorm: 0.01742307     ValIndCrit: 0.05752461
        -NbInnerStepsNode:    8
        -NbInnerStepsCxt:    1
        -InnerToleranceNode: 8.00e-07
        -InnerToleranceCtx:  4.00e-06
        -DiffNode: 7.34e-07
        -DiffCxt:  2.59e-06
    Outer Step:   610      LossTrajs: 0.00065122     ContextsNorm: 0.01654134     ValIndCrit: 0.05211130
        -NbInnerStepsNode:    1
        -NbInnerStepsCxt:    1
        -InnerToleranceNode: 8.00e-07
        -InnerToleranceCtx:  4.00e-06
        -DiffNode: 6.61e-07
        -DiffCxt:  2.07e-06
    Outer Step:   620      LossTrajs: 0.00062990     ContextsNorm: 0.01648564     ValIndCrit: 0.05353969
        -NbInnerStepsNode:    1
        -NbInnerStepsCxt:    1
        -InnerToleranceNode: 8.00e-07
        -InnerToleranceCtx:  4.00e-06
        -DiffNode: 5.08e-07
        -DiffCxt:  1.60e-06
    Outer Step:   630      LossTrajs: 0.00061956     ContextsNorm: 0.01625721     ValIndCrit: 0.05491611
        -NbInnerStepsNode:    1
        -NbInnerStepsCxt:    1
        -InnerToleranceNode: 8.00e-07
        -InnerToleranceCtx:  4.00e-06
        -DiffNode: 7.15e-07
        -DiffCxt:  3.69e-06
    Outer Step:   640      LossTrajs: 0.00059771     ContextsNorm: 0.01615049     ValIndCrit: 0.05622760
        -NbInnerStepsNode:    1
        -NbInnerStepsCxt:    4
        -InnerToleranceNode: 8.00e-07
        -InnerToleranceCtx:  4.00e-06
        -DiffNode: 6.77e-07
        -DiffCxt:  3.02e-06
    Outer Step:   650      LossTrajs: 0.00062823     ContextsNorm: 0.01584793     ValIndCrit: 0.05205145
        -NbInnerStepsNode:    1
        -NbInnerStepsCxt:    1
        -InnerToleranceNode: 8.00e-07
        -InnerToleranceCtx:  4.00e-06
        -DiffNode: 6.63e-07
        -DiffCxt:  2.71e-06
    Outer Step:   660      LossTrajs: 0.00061353     ContextsNorm: 0.01623833     ValIndCrit: 0.05465306
        -NbInnerStepsNode:    7
        -NbInnerStepsCxt:   10
        -InnerToleranceNode: 8.00e-07
        -InnerToleranceCtx:  4.00e-06
        -DiffNode: 7.02e-07
        -DiffCxt:  3.93e-06
    Outer Step:   670      LossTrajs: 0.00059696     ContextsNorm: 0.01605069     ValIndCrit: 0.05232579
        -NbInnerStepsNode:    1
        -NbInnerStepsCxt:    1
        -InnerToleranceNode: 8.00e-07
        -InnerToleranceCtx:  4.00e-06
        -DiffNode: 7.26e-07
        -DiffCxt:  3.04e-06
    Outer Step:   680      LossTrajs: 0.00057658     ContextsNorm: 0.01612140     ValIndCrit: 0.05347826
        -NbInnerStepsNode:    1
        -NbInnerStepsCxt:    1
        -InnerToleranceNode: 8.00e-07
        -InnerToleranceCtx:  4.00e-06
        -DiffNode: 7.40e-07
        -DiffCxt:  3.71e-06
    Outer Step:   690      LossTrajs: 0.00056657     ContextsNorm: 0.01612132     ValIndCrit: 0.05359583
        -NbInnerStepsNode:    8
        -NbInnerStepsCxt:    7
        -InnerToleranceNode: 8.00e-07
        -InnerToleranceCtx:  4.00e-06
        -DiffNode: 6.60e-07
        -DiffCxt:  3.79e-06
    Outer Step:   700      LossTrajs: 0.00055539     ContextsNorm: 0.01614373     ValIndCrit: 0.05435040
        -NbInnerStepsNode:    1
        -NbInnerStepsCxt:    1
        -InnerToleranceNode: 8.00e-07
        -InnerToleranceCtx:  4.00e-06
        -DiffNode: 6.18e-07
        -DiffCxt:  2.12e-06
    Outer Step:   710      LossTrajs: 0.00091825     ContextsNorm: 0.01617070     ValIndCrit: 0.04517330
        -NbInnerStepsNode:   20
        -NbInnerStepsCxt:   20
        -InnerToleranceNode: 8.00e-07
        -InnerToleranceCtx:  4.00e-06
        -DiffNode: 4.08e-06
        -DiffCxt:  1.45e-05
    Outer Step:   720      LossTrajs: 0.00056279     ContextsNorm: 0.01622213     ValIndCrit: 0.05231442
        -NbInnerStepsNode:    1
        -NbInnerStepsCxt:    1
        -InnerToleranceNode: 8.00e-07
        -InnerToleranceCtx:  4.00e-06
        -DiffNode: 5.23e-07
        -DiffCxt:  8.05e-07
    Outer Step:   730      LossTrajs: 0.00057702     ContextsNorm: 0.01614309     ValIndCrit: 0.05313075
        -NbInnerStepsNode:    1
        -NbInnerStepsCxt:    1
        -InnerToleranceNode: 8.00e-07
        -InnerToleranceCtx:  4.00e-06
        -DiffNode: 7.52e-07
        -DiffCxt:  1.90e-06
    Outer Step:   740      LossTrajs: 0.00055585     ContextsNorm: 0.01616035     ValIndCrit: 0.05285786
        -NbInnerStepsNode:    1
        -NbInnerStepsCxt:    1
        -InnerToleranceNode: 8.00e-07
        -InnerToleranceCtx:  4.00e-06
        -DiffNode: 5.66e-07
        -DiffCxt:  2.76e-06
    Outer Step:   750      LossTrajs: 0.00054740     ContextsNorm: 0.01621773     ValIndCrit: 0.05334262
        -NbInnerStepsNode:    1
        -NbInnerStepsCxt:    1
        -InnerToleranceNode: 8.00e-07
        -InnerToleranceCtx:  4.00e-06
        -DiffNode: 5.60e-07
        -DiffCxt:  3.38e-06
    Outer Step:   760      LossTrajs: 0.00054614     ContextsNorm: 0.01610923     ValIndCrit: 0.05358034
        -NbInnerStepsNode:    1
        -NbInnerStepsCxt:    1
        -InnerToleranceNode: 8.00e-07
        -InnerToleranceCtx:  4.00e-06
        -DiffNode: 6.04e-07
        -DiffCxt:  2.40e-06
    Outer Step:   770      LossTrajs: 0.00055130     ContextsNorm: 0.01663319     ValIndCrit: 0.05179522
        -NbInnerStepsNode:    6
        -NbInnerStepsCxt:    1
        -InnerToleranceNode: 8.00e-07
        -InnerToleranceCtx:  4.00e-06
        -DiffNode: 7.84e-07
        -DiffCxt:  3.54e-06
    Outer Step:   780      LossTrajs: 0.00051050     ContextsNorm: 0.01677267     ValIndCrit: 0.05475675
        -NbInnerStepsNode:    1
        -NbInnerStepsCxt:    1
        -InnerToleranceNode: 8.00e-07
        -InnerToleranceCtx:  4.00e-06
        -DiffNode: 5.07e-07
        -DiffCxt:  3.02e-06
    Outer Step:   790      LossTrajs: 0.00050940     ContextsNorm: 0.01689846     ValIndCrit: 0.05430230
        -NbInnerStepsNode:    1
        -NbInnerStepsCxt:    1
        -InnerToleranceNode: 8.00e-07
        -InnerToleranceCtx:  4.00e-06
        -DiffNode: 6.42e-07
        -DiffCxt:  2.51e-06
    Outer Step:   799      LossTrajs: 0.00055646     ContextsNorm: 0.01673016     ValIndCrit: 0.04988405
        -NbInnerStepsNode:    1
        -NbInnerStepsCxt:    1
        -InnerToleranceNode: 8.00e-07
        -InnerToleranceCtx:  4.00e-06
        -DiffNode: 7.91e-07
        -DiffCxt:  1.47e-06

Total gradient descent training time: 4 hours 9 mins 29 secs
Environment weights at the end of the training: [0.25 0.25 0.25 0.25]
WARNING: You did not provide a dataloader id. A new one has been generated: 221950
WARNING: Note that this id used to distuinguish between adaptations to different environments.
WARNING: batch_size must be between 0 and nb_trajs_per_env. Setting batch_size to maximum.
WARNING: No key provided, using time as seed
==  Begining in-domain testing ... ==
    Number of training environments: 4
    Final length of the training trajectories: 10
    Length of the testing trajectories: 10
Test Score (In-Domain): 0.04988405


############# Inductive Bias Learning for Dynamical Systems #############

Jax version: 0.4.14
Available devices: [gpu(id=0)]
Running this script in ipython (Jupyter) session ? False
=== Parsed arguments to generate data ===
 Split: adapt
 Savepath: ./runs/15032024-180946/adapt/
 Seed: 6078

==  Begining in-domain visualisation ... ==
    Environment id: 0
    Trajectory id: 2
    Visualized dimensions: (0, 1)
    Final length of the training trajectories: 10
    Length of the testing trajectories: 10
Testing finished. Figure saved in: ./runs/15032024-180946/results_in_domain.png
WARNING: batch_size must be between 0 and nb_trajs_per_env. Setting batch_size to maximum.
WARNING: No key provided for the context initialization. Initializing at 0.


=== Beginning adaptation ... ===
    Number of examples in a batch: 1
    Number of train steps per epoch: 1
    Number of training epochs: 50
    Total number of training steps: 50
WARNING: No key provided, using time as seed

Compiling function "train_step" for context ...
Shapes of elements in a batch: (1, 1, 10, 2048) (10,)
    Epoch:     0     LossContext: 0.25491807
    Epoch:     1     LossContext: 0.12357233
    Epoch:     2     LossContext: 0.08442977
    Epoch:     3     LossContext: 0.09308185
    Epoch:    10     LossContext: 0.04979599
    Epoch:    20     LossContext: 0.04175254
    Epoch:    30     LossContext: 0.03458481
    Epoch:    40     LossContext: 0.03028116
    Epoch:    49     LossContext: 0.02840244

Total gradient descent adaptation time: 0 hours 1 mins 1 secs
Environment weights at the end of the adaptation: [1.]

Saving adaptation parameters into ./runs/15032024-180946/adapt/ folder with id 170846 ...

==  Begining out-of-distribution testing ... ==
    Number of training environments: 4
    Number of adaptation environments: 1
    Final length of the training trajectories: 10
    Length of the testing trajectories: 10
Test Score (OOD): 0.028275246

==  Begining out-of-distribution visualisation ... ==
    Environment id: 0
    Trajectory id: 0
    Visualized dimensions: (0, 1)
    Final length of the training trajectories: 10
    Length of the testing trajectories: 10
Testing finished. Figure saved in: ./runs/15032024-180946/adapt/results_ood.png
==  Begining in-domain 2D visualisation ... ==
    Environment id: 1
    Trajectory id: 30
    Length of the testing trajectories: 10
Testing finished. Figure saved in: ./runs/15032024-180946/results_2D_ind.png

Full evaluation of the model on many random seeds


############# Inductive Bias Learning for Dynamical Systems #############

Jax version: 0.4.14
Available devices: [gpu(id=0)]

############# Inductive Bias Learning for Dynamical Systems #############

Jax version: 0.4.14
Available devices: [gpu(id=0)]

############# Inductive Bias Learning for Dynamical Systems #############

Jax version: 0.4.14
Available devices: [gpu(id=0)]

############# Inductive Bias Learning for Dynamical Systems #############

Jax version: 0.4.14
Available devices: [gpu(id=0)]

############# Inductive Bias Learning for Dynamical Systems #############

Jax version: 0.4.14
Available devices: [gpu(id=0)]

############# Inductive Bias Learning for Dynamical Systems #############

Jax version: 0.4.14
Available devices: [gpu(id=0)]

############# Inductive Bias Learning for Dynamical Systems #############

Jax version: 0.4.14
Available devices: [gpu(id=0)]

############# Inductive Bias Learning for Dynamical Systems #############

Jax version: 0.4.14
Available devices: [gpu(id=0)]

############# Inductive Bias Learning for Dynamical Systems #############

Jax version: 0.4.14
Available devices: [gpu(id=0)]

############# Inductive Bias Learning for Dynamical Systems #############

Jax version: 0.4.14
Available devices: [gpu(id=0)]

############# Inductive Bias Learning for Dynamical Systems #############

Jax version: 0.4.14
Available devices: [gpu(id=0)]

############# Inductive Bias Learning for Dynamical Systems #############

Jax version: 0.4.14
Available devices: [gpu(id=0)]

############# Inductive Bias Learning for Dynamical Systems #############

Jax version: 0.4.14
Available devices: [gpu(id=0)]

############# Inductive Bias Learning for Dynamical Systems #############

Jax version: 0.4.14
Available devices: [gpu(id=0)]

############# Inductive Bias Learning for Dynamical Systems #############

Jax version: 0.4.14
Available devices: [gpu(id=0)]

############# Inductive Bias Learning for Dynamical Systems #############

Jax version: 0.4.14
Available devices: [gpu(id=0)]

############# Inductive Bias Learning for Dynamical Systems #############

Jax version: 0.4.14
Available devices: [gpu(id=0)]

############# Inductive Bias Learning for Dynamical Systems #############

Jax version: 0.4.14
Available devices: [gpu(id=0)]

############# Inductive Bias Learning for Dynamical Systems #############

Jax version: 0.4.14
Available devices: [gpu(id=0)]

############# Inductive Bias Learning for Dynamical Systems #############

Jax version: 0.4.14
Available devices: [gpu(id=0)]

############# Inductive Bias Learning for Dynamical Systems #############

Jax version: 0.4.14
Available devices: [gpu(id=0)]

############# Inductive Bias Learning for Dynamical Systems #############

Jax version: 0.4.14
Available devices: [gpu(id=0)]

############# Inductive Bias Learning for Dynamical Systems #############

Jax version: 0.4.14
Available devices: [gpu(id=0)]

############# Inductive Bias Learning for Dynamical Systems #############

Jax version: 0.4.14
Available devices: [gpu(id=0)]

############# Inductive Bias Learning for Dynamical Systems #############

Jax version: 0.4.14
Available devices: [gpu(id=0)]

############# Inductive Bias Learning for Dynamical Systems #############

Jax version: 0.4.14
Available devices: [gpu(id=0)]

############# Inductive Bias Learning for Dynamical Systems #############

Jax version: 0.4.14
Available devices: [gpu(id=0)]

############# Inductive Bias Learning for Dynamical Systems #############

Jax version: 0.4.14
Available devices: [gpu(id=0)]

############# Inductive Bias Learning for Dynamical Systems #############

Jax version: 0.4.14
Available devices: [gpu(id=0)]

############# Inductive Bias Learning for Dynamical Systems #############

Jax version: 0.4.14
Available devices: [gpu(id=0)]

############# Inductive Bias Learning for Dynamical Systems #############

Jax version: 0.4.14
Available devices: [gpu(id=0)]

############# Inductive Bias Learning for Dynamical Systems #############

Jax version: 0.4.14
Available devices: [gpu(id=0)]

############# Inductive Bias Learning for Dynamical Systems #############

Jax version: 0.4.14
Available devices: [gpu(id=0)]

############# Inductive Bias Learning for Dynamical Systems #############

Jax version: 0.4.14
Available devices: [gpu(id=0)]

############# Inductive Bias Learning for Dynamical Systems #############

Jax version: 0.4.14
Available devices: [gpu(id=0)]

############# Inductive Bias Learning for Dynamical Systems #############

Jax version: 0.4.14
Available devices: [gpu(id=0)]

############# Inductive Bias Learning for Dynamical Systems #############

Jax version: 0.4.14
Available devices: [gpu(id=0)]

############# Inductive Bias Learning for Dynamical Systems #############

Jax version: 0.4.14
Available devices: [gpu(id=0)]

############# Inductive Bias Learning for Dynamical Systems #############

Jax version: 0.4.14
Available devices: [gpu(id=0)]

############# Inductive Bias Learning for Dynamical Systems #############

Jax version: 0.4.14
Available devices: [gpu(id=0)]


Mean and std of the scores across various datasets

