
############# Inductive Bias Learning for Dynamical Systems #############

Jax version: 0.4.23
Available devices: [cuda(id=0)]
Running this script in ipython (Jupyter) session ? False
=== Parsed arguments to generate data ===
 Split: train
 Savepath: ./runs/24032024-163242/
 Seed: 2026


############# Inductive Bias Learning for Dynamical Systems #############

Jax version: 0.4.23
Available devices: [cuda(id=0)]
Running this script in ipython (Jupyter) session ? False
=== Parsed arguments to generate data ===
 Split: test
 Savepath: ./runs/24032024-163242/
 Seed: 4052


############# Inductive Bias Learning for Dynamical Systems #############

Jax version: 0.4.23
Available devices: [cuda(id=0)]
Run folder created successfuly: ./runs/24032024-163242/
Completed copied scripts 
WARNING: You did not provide a dataloader id. A new one has been generated: 163245
WARNING: Note that this id used to distuinguish between adaptations to different environments.
WARNING: batch_size must be between 0 and nb_trajs_per_env. Setting batch_size to maximum.
WARNING: You did not provide a dataloader id. A new one has been generated: 163245
WARNING: Note that this id used to distuinguish between adaptations to different environments.
WARNING: batch_size must be between 0 and nb_trajs_per_env. Setting batch_size to maximum.


Total number of parameters in the model: 400525 


WARNING: No key provided for the context initialization. Initializing at 0.
WARNING: No key provided, using time as seed


=== Beginning training with proximal alternating minimization ... ===
    Number of examples in a batch: 32
    Maximum number of steps per inner minimization: 10
    Maximum number of outer minimizations: 2000
    Maximum total number of training steps: 20000

Compiling function "train_step" for neural ode ...
Shapes of elements in a batch: (9, 32, 20, 7) (20,)

Compiling function "train_step" for context ...
Shapes of elements in a batch: (9, 32, 20, 7) (20,)
    Outer Step:     0      LossTrajs: 0.32995838     ContextsNorm: 0.00000000     ValIndCrit: 0.27415872
        -NbInnerStepsNode:    1
        -NbInnerStepsCxt:    1
        -InnerToleranceNode: 4.00e-07
        -InnerToleranceCtx:  2.00e-06
        -DiffNode: 3.05e-04
        -DiffCxt:  inf
    Outer Step:     1      LossTrajs: 0.25573602     ContextsNorm: 0.00864132     ValIndCrit: 0.22296029
        -NbInnerStepsNode:   10
        -NbInnerStepsCxt:   10
        -InnerToleranceNode: 4.00e-07
        -InnerToleranceCtx:  2.00e-06
        -DiffNode: 5.02e-04
        -DiffCxt:  1.01e-02
    Outer Step:     2      LossTrajs: 0.20808727     ContextsNorm: 0.01433276     ValIndCrit: 0.21295919
        -NbInnerStepsNode:   10
        -NbInnerStepsCxt:   10
        -InnerToleranceNode: 4.00e-07
        -InnerToleranceCtx:  2.00e-06
        -DiffNode: 1.66e-04
        -DiffCxt:  6.47e-04
    Outer Step:     3      LossTrajs: 0.18553270     ContextsNorm: 0.01538478     ValIndCrit: 0.19816603
        -NbInnerStepsNode:   10
        -NbInnerStepsCxt:   10
        -InnerToleranceNode: 4.00e-07
        -InnerToleranceCtx:  2.00e-06
        -DiffNode: 5.53e-05
        -DiffCxt:  1.80e-04
    Outer Step:    10      LossTrajs: 0.04571985     ContextsNorm: 0.02068734     ValIndCrit: 0.04920870
        -NbInnerStepsNode:   10
        -NbInnerStepsCxt:   10
        -InnerToleranceNode: 4.00e-07
        -InnerToleranceCtx:  2.00e-06
        -DiffNode: 8.85e-05
        -DiffCxt:  3.25e-04
    Outer Step:    20      LossTrajs: 0.01434228     ContextsNorm: 0.01843424     ValIndCrit: 0.01993359
        -NbInnerStepsNode:   10
        -NbInnerStepsCxt:   10
        -InnerToleranceNode: 4.00e-07
        -InnerToleranceCtx:  2.00e-06
        -DiffNode: 2.95e-06
        -DiffCxt:  4.92e-05
    Outer Step:    30      LossTrajs: 0.00886848     ContextsNorm: 0.01845817     ValIndCrit: 0.01273069
        -NbInnerStepsNode:   10
        -NbInnerStepsCxt:   10
        -InnerToleranceNode: 4.00e-07
        -InnerToleranceCtx:  2.00e-06
        -DiffNode: 6.78e-06
        -DiffCxt:  1.16e-04
    Outer Step:    40      LossTrajs: 0.00577246     ContextsNorm: 0.01926468     ValIndCrit: 0.00991738
        -NbInnerStepsNode:   10
        -NbInnerStepsCxt:   10
        -InnerToleranceNode: 4.00e-07
        -InnerToleranceCtx:  2.00e-06
        -DiffNode: 6.62e-06
        -DiffCxt:  1.03e-04
    Outer Step:    50      LossTrajs: 0.00415956     ContextsNorm: 0.02208951     ValIndCrit: 0.00780406
        -NbInnerStepsNode:   10
        -NbInnerStepsCxt:   10
        -InnerToleranceNode: 4.00e-07
        -InnerToleranceCtx:  2.00e-06
        -DiffNode: 4.11e-06
        -DiffCxt:  5.49e-05
    Outer Step:    60      LossTrajs: 0.00383837     ContextsNorm: 0.02388918     ValIndCrit: 0.00732920
        -NbInnerStepsNode:   10
        -NbInnerStepsCxt:   10
        -InnerToleranceNode: 4.00e-07
        -InnerToleranceCtx:  2.00e-06
        -DiffNode: 6.03e-06
        -DiffCxt:  3.65e-05
    Outer Step:    70      LossTrajs: 0.00331917     ContextsNorm: 0.02577165     ValIndCrit: 0.00684832
        -NbInnerStepsNode:   10
        -NbInnerStepsCxt:   10
        -InnerToleranceNode: 4.00e-07
        -InnerToleranceCtx:  2.00e-06
        -DiffNode: 3.36e-06
        -DiffCxt:  1.74e-05
    Outer Step:    80      LossTrajs: 0.00286372     ContextsNorm: 0.02419809     ValIndCrit: 0.00670892
        -NbInnerStepsNode:   10
        -NbInnerStepsCxt:   10
        -InnerToleranceNode: 4.00e-07
        -InnerToleranceCtx:  2.00e-06
        -DiffNode: 8.92e-07
        -DiffCxt:  1.17e-05
    Outer Step:    90      LossTrajs: 0.00274742     ContextsNorm: 0.02517363     ValIndCrit: 0.00695491
        -NbInnerStepsNode:   10
        -NbInnerStepsCxt:   10
        -InnerToleranceNode: 4.00e-07
        -InnerToleranceCtx:  2.00e-06
        -DiffNode: 6.20e-06
        -DiffCxt:  9.51e-05
    Outer Step:   100      LossTrajs: 0.00243181     ContextsNorm: 0.02501638     ValIndCrit: 0.00646941
        -NbInnerStepsNode:    1
        -NbInnerStepsCxt:   10
        -InnerToleranceNode: 4.00e-07
        -InnerToleranceCtx:  2.00e-06
        -DiffNode: 3.81e-07
        -DiffCxt:  3.60e-06
    Outer Step:   110      LossTrajs: 0.00244408     ContextsNorm: 0.02530708     ValIndCrit: 0.00671223
        -NbInnerStepsNode:   10
        -NbInnerStepsCxt:   10
        -InnerToleranceNode: 4.00e-07
        -InnerToleranceCtx:  2.00e-06
        -DiffNode: 1.79e-06
        -DiffCxt:  1.26e-05
    Outer Step:   120      LossTrajs: 0.00312605     ContextsNorm: 0.02413685     ValIndCrit: 0.00677317
        -NbInnerStepsNode:   10
        -NbInnerStepsCxt:   10
        -InnerToleranceNode: 4.00e-07
        -InnerToleranceCtx:  2.00e-06
        -DiffNode: 8.49e-06
        -DiffCxt:  1.83e-05
    Outer Step:   130      LossTrajs: 0.00200272     ContextsNorm: 0.02493081     ValIndCrit: 0.00607997
        -NbInnerStepsNode:    1
        -NbInnerStepsCxt:   10
        -InnerToleranceNode: 4.00e-07
        -InnerToleranceCtx:  2.00e-06
        -DiffNode: 3.99e-07
        -DiffCxt:  2.93e-06
    Outer Step:   140      LossTrajs: 0.00264731     ContextsNorm: 0.02443775     ValIndCrit: 0.00681380
        -NbInnerStepsNode:   10
        -NbInnerStepsCxt:   10
        -InnerToleranceNode: 4.00e-07
        -InnerToleranceCtx:  2.00e-06
        -DiffNode: 5.61e-06
        -DiffCxt:  1.81e-05
    Outer Step:   150      LossTrajs: 0.00181832     ContextsNorm: 0.02399291     ValIndCrit: 0.00577516
        -NbInnerStepsNode:    2
        -NbInnerStepsCxt:   10
        -InnerToleranceNode: 4.00e-07
        -InnerToleranceCtx:  2.00e-06
        -DiffNode: 3.37e-07
        -DiffCxt:  7.05e-06
    Outer Step:   160      LossTrajs: 0.00174046     ContextsNorm: 0.02354203     ValIndCrit: 0.00585456
        -NbInnerStepsNode:    1
        -NbInnerStepsCxt:   10
        -InnerToleranceNode: 4.00e-07
        -InnerToleranceCtx:  2.00e-06
        -DiffNode: 1.82e-07
        -DiffCxt:  3.18e-06
    Outer Step:   170      LossTrajs: 0.00173882     ContextsNorm: 0.02340509     ValIndCrit: 0.00616977
        -NbInnerStepsNode:    1
        -NbInnerStepsCxt:    9
        -InnerToleranceNode: 4.00e-07
        -InnerToleranceCtx:  2.00e-06
        -DiffNode: 2.72e-07
        -DiffCxt:  1.74e-06
    Outer Step:   180      LossTrajs: 0.00170133     ContextsNorm: 0.02341305     ValIndCrit: 0.00585297
        -NbInnerStepsNode:    1
        -NbInnerStepsCxt:   10
        -InnerToleranceNode: 4.00e-07
        -InnerToleranceCtx:  2.00e-06
        -DiffNode: 3.45e-07
        -DiffCxt:  1.76e-06
    Outer Step:   190      LossTrajs: 0.00172935     ContextsNorm: 0.02227733     ValIndCrit: 0.00652079
        -NbInnerStepsNode:   10
        -NbInnerStepsCxt:   10
        -InnerToleranceNode: 4.00e-07
        -InnerToleranceCtx:  2.00e-06
        -DiffNode: 1.73e-06
        -DiffCxt:  9.23e-06
    Outer Step:   200      LossTrajs: 0.00158072     ContextsNorm: 0.02249478     ValIndCrit: 0.00541538
        -NbInnerStepsNode:    1
        -NbInnerStepsCxt:   10
        -InnerToleranceNode: 4.00e-07
        -InnerToleranceCtx:  2.00e-06
        -DiffNode: 2.58e-07
        -DiffCxt:  3.42e-06
    Outer Step:   210      LossTrajs: 0.00154962     ContextsNorm: 0.02217739     ValIndCrit: 0.00537924
        -NbInnerStepsNode:    1
        -NbInnerStepsCxt:    6
        -InnerToleranceNode: 4.00e-07
        -InnerToleranceCtx:  2.00e-06
        -DiffNode: 2.44e-07
        -DiffCxt:  1.81e-06
    Outer Step:   220      LossTrajs: 0.00152071     ContextsNorm: 0.02172455     ValIndCrit: 0.00527139
        -NbInnerStepsNode:    1
        -NbInnerStepsCxt:   10
        -InnerToleranceNode: 4.00e-07
        -InnerToleranceCtx:  2.00e-06
        -DiffNode: 2.34e-07
        -DiffCxt:  2.73e-06
    Outer Step:   230      LossTrajs: 0.00150564     ContextsNorm: 0.02144800     ValIndCrit: 0.00531988
        -NbInnerStepsNode:    1
        -NbInnerStepsCxt:   10
        -InnerToleranceNode: 4.00e-07
        -InnerToleranceCtx:  2.00e-06
        -DiffNode: 1.52e-07
        -DiffCxt:  3.11e-06
    Outer Step:   240      LossTrajs: 0.00145580     ContextsNorm: 0.02255019     ValIndCrit: 0.00524098
        -NbInnerStepsNode:    1
        -NbInnerStepsCxt:   10
        -InnerToleranceNode: 4.00e-07
        -InnerToleranceCtx:  2.00e-06
        -DiffNode: 2.78e-07
        -DiffCxt:  5.50e-06
    Outer Step:   250      LossTrajs: 0.00144170     ContextsNorm: 0.02241084     ValIndCrit: 0.00511533
        -NbInnerStepsNode:    1
        -NbInnerStepsCxt:   10
        -InnerToleranceNode: 4.00e-07
        -InnerToleranceCtx:  2.00e-06
        -DiffNode: 3.53e-07
        -DiffCxt:  7.29e-06
    Outer Step:   260      LossTrajs: 0.00146317     ContextsNorm: 0.02299953     ValIndCrit: 0.00512927
        -NbInnerStepsNode:    7
        -NbInnerStepsCxt:   10
        -InnerToleranceNode: 4.00e-07
        -InnerToleranceCtx:  2.00e-06
        -DiffNode: 3.85e-07
        -DiffCxt:  3.76e-06
    Outer Step:   270      LossTrajs: 0.00133156     ContextsNorm: 0.02244144     ValIndCrit: 0.00502321
        -NbInnerStepsNode:    1
        -NbInnerStepsCxt:   10
        -InnerToleranceNode: 4.00e-07
        -InnerToleranceCtx:  2.00e-06
        -DiffNode: 3.98e-07
        -DiffCxt:  4.89e-06
    Outer Step:   280      LossTrajs: 0.00130038     ContextsNorm: 0.02194350     ValIndCrit: 0.00496693
        -NbInnerStepsNode:    1
        -NbInnerStepsCxt:   10
        -InnerToleranceNode: 4.00e-07
        -InnerToleranceCtx:  2.00e-06
        -DiffNode: 1.57e-07
        -DiffCxt:  3.47e-06
    Outer Step:   290      LossTrajs: 0.00128085     ContextsNorm: 0.02170083     ValIndCrit: 0.00492553
        -NbInnerStepsNode:    1
        -NbInnerStepsCxt:    1
        -InnerToleranceNode: 4.00e-07
        -InnerToleranceCtx:  2.00e-06
        -DiffNode: 1.08e-07
        -DiffCxt:  1.87e-06
    Outer Step:   300      LossTrajs: 0.00128046     ContextsNorm: 0.02125843     ValIndCrit: 0.00488414
        -NbInnerStepsNode:    1
        -NbInnerStepsCxt:   10
        -InnerToleranceNode: 4.00e-07
        -InnerToleranceCtx:  2.00e-06
        -DiffNode: 3.44e-07
        -DiffCxt:  1.14e-05
    Outer Step:   310      LossTrajs: 0.00125914     ContextsNorm: 0.02071097     ValIndCrit: 0.00484475
        -NbInnerStepsNode:    1
        -NbInnerStepsCxt:   10
        -InnerToleranceNode: 4.00e-07
        -InnerToleranceCtx:  2.00e-06
        -DiffNode: 3.03e-07
        -DiffCxt:  4.96e-06
    Outer Step:   320      LossTrajs: 0.00123809     ContextsNorm: 0.02101511     ValIndCrit: 0.00479543
        -NbInnerStepsNode:    3
        -NbInnerStepsCxt:   10
        -InnerToleranceNode: 4.00e-07
        -InnerToleranceCtx:  2.00e-06
        -DiffNode: 3.78e-07
        -DiffCxt:  1.17e-05
    Outer Step:   330      LossTrajs: 0.00119128     ContextsNorm: 0.02220932     ValIndCrit: 0.00455318
        -NbInnerStepsNode:   10
        -NbInnerStepsCxt:   10
        -InnerToleranceNode: 4.00e-07
        -InnerToleranceCtx:  2.00e-06
        -DiffNode: 7.34e-07
        -DiffCxt:  1.99e-05
    Outer Step:   340      LossTrajs: 0.00113461     ContextsNorm: 0.02270326     ValIndCrit: 0.00463815
        -NbInnerStepsNode:    2
        -NbInnerStepsCxt:   10
        -InnerToleranceNode: 4.00e-07
        -InnerToleranceCtx:  2.00e-06
        -DiffNode: 3.28e-07
        -DiffCxt:  5.56e-06
    Outer Step:   350      LossTrajs: 0.00106846     ContextsNorm: 0.02238622     ValIndCrit: 0.00442656
        -NbInnerStepsNode:    1
        -NbInnerStepsCxt:   10
        -InnerToleranceNode: 4.00e-07
        -InnerToleranceCtx:  2.00e-06
        -DiffNode: 2.63e-07
        -DiffCxt:  4.73e-06
    Outer Step:   360      LossTrajs: 0.00125751     ContextsNorm: 0.02076647     ValIndCrit: 0.00465198
        -NbInnerStepsNode:   10
        -NbInnerStepsCxt:   10
        -InnerToleranceNode: 4.00e-07
        -InnerToleranceCtx:  2.00e-06
        -DiffNode: 1.80e-06
        -DiffCxt:  4.01e-05
    Outer Step:   370      LossTrajs: 0.00102896     ContextsNorm: 0.02112943     ValIndCrit: 0.00432058
        -NbInnerStepsNode:    1
        -NbInnerStepsCxt:   10
        -InnerToleranceNode: 4.00e-07
        -InnerToleranceCtx:  2.00e-06
        -DiffNode: 3.55e-07
        -DiffCxt:  7.58e-06
    Outer Step:   380      LossTrajs: 0.00105702     ContextsNorm: 0.02267777     ValIndCrit: 0.00387600
        -NbInnerStepsNode:   10
        -NbInnerStepsCxt:   10
        -InnerToleranceNode: 4.00e-07
        -InnerToleranceCtx:  2.00e-06
        -DiffNode: 7.00e-07
        -DiffCxt:  2.09e-05
    Outer Step:   390      LossTrajs: 0.00099922     ContextsNorm: 0.02485443     ValIndCrit: 0.00406889
        -NbInnerStepsNode:    1
        -NbInnerStepsCxt:   10
        -InnerToleranceNode: 4.00e-07
        -InnerToleranceCtx:  2.00e-06
        -DiffNode: 2.85e-07
        -DiffCxt:  4.54e-06
    Outer Step:   400      LossTrajs: 0.00096753     ContextsNorm: 0.02405882     ValIndCrit: 0.00380974
        -NbInnerStepsNode:    1
        -NbInnerStepsCxt:   10
        -InnerToleranceNode: 4.00e-07
        -InnerToleranceCtx:  2.00e-06
        -DiffNode: 2.44e-07
        -DiffCxt:  5.04e-06
    Outer Step:   410      LossTrajs: 0.00098520     ContextsNorm: 0.02408029     ValIndCrit: 0.00379472
        -NbInnerStepsNode:   10
        -NbInnerStepsCxt:   10
        -InnerToleranceNode: 4.00e-07
        -InnerToleranceCtx:  2.00e-06
        -DiffNode: 6.59e-07
        -DiffCxt:  1.05e-05
    Outer Step:   420      LossTrajs: 0.00093647     ContextsNorm: 0.02388284     ValIndCrit: 0.00369534
        -NbInnerStepsNode:    1
        -NbInnerStepsCxt:   10
        -InnerToleranceNode: 4.00e-07
        -InnerToleranceCtx:  2.00e-06
        -DiffNode: 3.93e-07
        -DiffCxt:  3.97e-06
    Outer Step:   430      LossTrajs: 0.00091007     ContextsNorm: 0.02351136     ValIndCrit: 0.00368468
        -NbInnerStepsNode:    1
        -NbInnerStepsCxt:   10
        -InnerToleranceNode: 4.00e-07
        -InnerToleranceCtx:  2.00e-06
        -DiffNode: 1.42e-07
        -DiffCxt:  2.50e-06
    Outer Step:   440      LossTrajs: 0.00295447     ContextsNorm: 0.02620574     ValIndCrit: 0.00528256
        -NbInnerStepsNode:   10
        -NbInnerStepsCxt:   10
        -InnerToleranceNode: 4.00e-07
        -InnerToleranceCtx:  2.00e-06
        -DiffNode: 1.33e-05
        -DiffCxt:  1.56e-04
    Outer Step:   450      LossTrajs: 0.00092337     ContextsNorm: 0.02593872     ValIndCrit: 0.00375460
        -NbInnerStepsNode:    1
        -NbInnerStepsCxt:    9
        -InnerToleranceNode: 4.00e-07
        -InnerToleranceCtx:  2.00e-06
        -DiffNode: 2.12e-07
        -DiffCxt:  1.83e-06
    Outer Step:   460      LossTrajs: 0.00090630     ContextsNorm: 0.02580217     ValIndCrit: 0.00373039
        -NbInnerStepsNode:    1
        -NbInnerStepsCxt:    1
        -InnerToleranceNode: 4.00e-07
        -InnerToleranceCtx:  2.00e-06
        -DiffNode: 1.27e-07
        -DiffCxt:  8.41e-07
    Outer Step:   470      LossTrajs: 0.00089190     ContextsNorm: 0.02572070     ValIndCrit: 0.00367534
        -NbInnerStepsNode:    1
        -NbInnerStepsCxt:    1
        -InnerToleranceNode: 4.00e-07
        -InnerToleranceCtx:  2.00e-06
        -DiffNode: 1.23e-07
        -DiffCxt:  1.88e-06
    Outer Step:   480      LossTrajs: 0.00089181     ContextsNorm: 0.02540649     ValIndCrit: 0.00367372
        -NbInnerStepsNode:    1
        -NbInnerStepsCxt:    1
        -InnerToleranceNode: 4.00e-07
        -InnerToleranceCtx:  2.00e-06
        -DiffNode: 8.85e-08
        -DiffCxt:  1.57e-06
    Outer Step:   490      LossTrajs: 0.00086920     ContextsNorm: 0.02523947     ValIndCrit: 0.00365722
        -NbInnerStepsNode:    1
        -NbInnerStepsCxt:   10
        -InnerToleranceNode: 4.00e-07
        -InnerToleranceCtx:  2.00e-06
        -DiffNode: 3.15e-07
        -DiffCxt:  2.38e-06
    Outer Step:   500      LossTrajs: 0.00086547     ContextsNorm: 0.02540250     ValIndCrit: 0.00367555
        -NbInnerStepsNode:    1
        -NbInnerStepsCxt:   10
        -InnerToleranceNode: 4.00e-07
        -InnerToleranceCtx:  2.00e-06
        -DiffNode: 2.28e-07
        -DiffCxt:  2.71e-06
    Outer Step:   510      LossTrajs: 0.00086678     ContextsNorm: 0.02488230     ValIndCrit: 0.00367594
        -NbInnerStepsNode:    1
        -NbInnerStepsCxt:   10
        -InnerToleranceNode: 4.00e-07
        -InnerToleranceCtx:  2.00e-06
        -DiffNode: 3.87e-07
        -DiffCxt:  4.47e-06
    Outer Step:   520      LossTrajs: 0.00087069     ContextsNorm: 0.02477336     ValIndCrit: 0.00371019
        -NbInnerStepsNode:    1
        -NbInnerStepsCxt:    7
        -InnerToleranceNode: 4.00e-07
        -InnerToleranceCtx:  2.00e-06
        -DiffNode: 2.51e-07
        -DiffCxt:  1.78e-06
    Outer Step:   530      LossTrajs: 0.00086058     ContextsNorm: 0.02614866     ValIndCrit: 0.00362372
        -NbInnerStepsNode:    1
        -NbInnerStepsCxt:   10
        -InnerToleranceNode: 4.00e-07
        -InnerToleranceCtx:  2.00e-06
        -DiffNode: 2.34e-07
        -DiffCxt:  3.55e-06
    Outer Step:   540      LossTrajs: 0.00087437     ContextsNorm: 0.02542962     ValIndCrit: 0.00369608
        -NbInnerStepsNode:    1
        -NbInnerStepsCxt:   10
        -InnerToleranceNode: 4.00e-07
        -InnerToleranceCtx:  2.00e-06
        -DiffNode: 1.87e-07
        -DiffCxt:  6.68e-06
    Outer Step:   550      LossTrajs: 0.00087005     ContextsNorm: 0.02542536     ValIndCrit: 0.00364037
        -NbInnerStepsNode:    4
        -NbInnerStepsCxt:   10
        -InnerToleranceNode: 4.00e-07
        -InnerToleranceCtx:  2.00e-06
        -DiffNode: 3.64e-07
        -DiffCxt:  1.24e-05
    Outer Step:   560      LossTrajs: 0.00082625     ContextsNorm: 0.02524954     ValIndCrit: 0.00373548
        -NbInnerStepsNode:    1
        -NbInnerStepsCxt:   10
        -InnerToleranceNode: 4.00e-07
        -InnerToleranceCtx:  2.00e-06
        -DiffNode: 3.63e-07
        -DiffCxt:  2.56e-06
    Outer Step:   570      LossTrajs: 0.00082670     ContextsNorm: 0.02518558     ValIndCrit: 0.00367188
        -NbInnerStepsNode:    1
        -NbInnerStepsCxt:    7
        -InnerToleranceNode: 4.00e-07
        -InnerToleranceCtx:  2.00e-06
        -DiffNode: 2.54e-07
        -DiffCxt:  1.92e-06
    Outer Step:   580      LossTrajs: 0.00146795     ContextsNorm: 0.02562010     ValIndCrit: 0.00428460
        -NbInnerStepsNode:   10
        -NbInnerStepsCxt:   10
        -InnerToleranceNode: 4.00e-07
        -InnerToleranceCtx:  2.00e-06
        -DiffNode: 7.82e-06
        -DiffCxt:  4.09e-05
    Outer Step:   590      LossTrajs: 0.00081471     ContextsNorm: 0.02496714     ValIndCrit: 0.00361934
        -NbInnerStepsNode:    2
        -NbInnerStepsCxt:   10
        -InnerToleranceNode: 4.00e-07
        -InnerToleranceCtx:  2.00e-06
        -DiffNode: 2.03e-07
        -DiffCxt:  3.32e-06
    Outer Step:   600      LossTrajs: 0.00079536     ContextsNorm: 0.02447749     ValIndCrit: 0.00359147
        -NbInnerStepsNode:    1
        -NbInnerStepsCxt:   10
        -InnerToleranceNode: 4.00e-07
        -InnerToleranceCtx:  2.00e-06
        -DiffNode: 3.36e-07
        -DiffCxt:  2.32e-06
    Outer Step:   610      LossTrajs: 0.00082860     ContextsNorm: 0.02410986     ValIndCrit: 0.00367494
        -NbInnerStepsNode:    4
        -NbInnerStepsCxt:   10
        -InnerToleranceNode: 4.00e-07
        -InnerToleranceCtx:  2.00e-06
        -DiffNode: 2.46e-07
        -DiffCxt:  5.69e-06
    Outer Step:   620      LossTrajs: 0.00080186     ContextsNorm: 0.02402830     ValIndCrit: 0.00366898
        -NbInnerStepsNode:    1
        -NbInnerStepsCxt:    1
        -InnerToleranceNode: 4.00e-07
        -InnerToleranceCtx:  2.00e-06
        -DiffNode: 1.87e-07
        -DiffCxt:  1.28e-06
    Outer Step:   630      LossTrajs: 0.00222751     ContextsNorm: 0.02780781     ValIndCrit: 0.00504505
        -NbInnerStepsNode:   10
        -NbInnerStepsCxt:   10
        -InnerToleranceNode: 4.00e-07
        -InnerToleranceCtx:  2.00e-06
        -DiffNode: 2.13e-05
        -DiffCxt:  5.21e-05
    Outer Step:   640      LossTrajs: 0.00081222     ContextsNorm: 0.02739590     ValIndCrit: 0.00383663
        -NbInnerStepsNode:    1
        -NbInnerStepsCxt:   10
        -InnerToleranceNode: 4.00e-07
        -InnerToleranceCtx:  2.00e-06
        -DiffNode: 3.41e-07
        -DiffCxt:  4.06e-06
    Outer Step:   650      LossTrajs: 0.00078719     ContextsNorm: 0.02714799     ValIndCrit: 0.00380526
        -NbInnerStepsNode:    1
        -NbInnerStepsCxt:    1
        -InnerToleranceNode: 4.00e-07
        -InnerToleranceCtx:  2.00e-06
        -DiffNode: 1.75e-07
        -DiffCxt:  1.19e-06
    Outer Step:   660      LossTrajs: 0.00078260     ContextsNorm: 0.02698789     ValIndCrit: 0.00365883
        -NbInnerStepsNode:    1
        -NbInnerStepsCxt:    1
        -InnerToleranceNode: 4.00e-07
        -InnerToleranceCtx:  2.00e-06
        -DiffNode: 1.41e-07
        -DiffCxt:  1.72e-06
    Outer Step:   670      LossTrajs: 0.00076503     ContextsNorm: 0.02671751     ValIndCrit: 0.00373108
        -NbInnerStepsNode:    1
        -NbInnerStepsCxt:    1
        -InnerToleranceNode: 4.00e-07
        -InnerToleranceCtx:  2.00e-06
        -DiffNode: 8.10e-08
        -DiffCxt:  1.43e-06
    Outer Step:   680      LossTrajs: 0.00078676     ContextsNorm: 0.02669462     ValIndCrit: 0.00372806
        -NbInnerStepsNode:    1
        -NbInnerStepsCxt:    1
        -InnerToleranceNode: 4.00e-07
        -InnerToleranceCtx:  2.00e-06
        -DiffNode: 1.97e-07
        -DiffCxt:  1.54e-06
    Outer Step:   690      LossTrajs: 0.00081850     ContextsNorm: 0.02696980     ValIndCrit: 0.00411583
        -NbInnerStepsNode:   10
        -NbInnerStepsCxt:   10
        -InnerToleranceNode: 4.00e-07
        -InnerToleranceCtx:  2.00e-06
        -DiffNode: 5.57e-07
        -DiffCxt:  1.30e-05
    Outer Step:   700      LossTrajs: 0.00075679     ContextsNorm: 0.02701996     ValIndCrit: 0.00357461
        -NbInnerStepsNode:    1
        -NbInnerStepsCxt:    6
        -InnerToleranceNode: 4.00e-07
        -InnerToleranceCtx:  2.00e-06
        -DiffNode: 1.78e-07
        -DiffCxt:  1.59e-06
    Outer Step:   710      LossTrajs: 0.00071590     ContextsNorm: 0.02674518     ValIndCrit: 0.00370054
        -NbInnerStepsNode:    1
        -NbInnerStepsCxt:   10
        -InnerToleranceNode: 4.00e-07
        -InnerToleranceCtx:  2.00e-06
        -DiffNode: 2.09e-07
        -DiffCxt:  3.26e-06
    Outer Step:   720      LossTrajs: 0.00071850     ContextsNorm: 0.02660137     ValIndCrit: 0.00364936
        -NbInnerStepsNode:    1
        -NbInnerStepsCxt:    7
        -InnerToleranceNode: 4.00e-07
        -InnerToleranceCtx:  2.00e-06
        -DiffNode: 7.28e-08
        -DiffCxt:  1.78e-06
    Outer Step:   730      LossTrajs: 0.00071850     ContextsNorm: 0.02621361     ValIndCrit: 0.00368648
        -NbInnerStepsNode:    1
        -NbInnerStepsCxt:    1
        -InnerToleranceNode: 4.00e-07
        -InnerToleranceCtx:  2.00e-06
        -DiffNode: 2.05e-07
        -DiffCxt:  1.64e-06
    Outer Step:   740      LossTrajs: 0.00071884     ContextsNorm: 0.02581908     ValIndCrit: 0.00370809
        -NbInnerStepsNode:    1
        -NbInnerStepsCxt:    6
        -InnerToleranceNode: 4.00e-07
        -InnerToleranceCtx:  2.00e-06
        -DiffNode: 1.40e-07
        -DiffCxt:  1.69e-06
    Outer Step:   750      LossTrajs: 0.00072449     ContextsNorm: 0.02563505     ValIndCrit: 0.00369869
        -NbInnerStepsNode:    2
        -NbInnerStepsCxt:   10
        -InnerToleranceNode: 4.00e-07
        -InnerToleranceCtx:  2.00e-06
        -DiffNode: 1.44e-07
        -DiffCxt:  3.03e-06
    Outer Step:   760      LossTrajs: 0.00296147     ContextsNorm: 0.02686727     ValIndCrit: 0.00481148
        -NbInnerStepsNode:   10
        -NbInnerStepsCxt:   10
        -InnerToleranceNode: 4.00e-07
        -InnerToleranceCtx:  2.00e-06
        -DiffNode: 1.06e-05
        -DiffCxt:  2.13e-04
    Outer Step:   770      LossTrajs: 0.00072397     ContextsNorm: 0.02646325     ValIndCrit: 0.00359378
        -NbInnerStepsNode:    1
        -NbInnerStepsCxt:   10
        -InnerToleranceNode: 4.00e-07
        -InnerToleranceCtx:  2.00e-06
        -DiffNode: 2.78e-07
        -DiffCxt:  3.86e-06
    Outer Step:   780      LossTrajs: 0.00070481     ContextsNorm: 0.02630822     ValIndCrit: 0.00361540
        -NbInnerStepsNode:    1
        -NbInnerStepsCxt:   10
        -InnerToleranceNode: 4.00e-07
        -InnerToleranceCtx:  2.00e-06
        -DiffNode: 1.65e-07
        -DiffCxt:  1.86e-06
    Outer Step:   790      LossTrajs: 0.00067100     ContextsNorm: 0.02594533     ValIndCrit: 0.00366970
        -NbInnerStepsNode:    1
        -NbInnerStepsCxt:    7
        -InnerToleranceNode: 4.00e-07
        -InnerToleranceCtx:  2.00e-06
        -DiffNode: 9.41e-08
        -DiffCxt:  1.95e-06
    Outer Step:   800      LossTrajs: 0.00065711     ContextsNorm: 0.02604934     ValIndCrit: 0.00362792
        -NbInnerStepsNode:    1
        -NbInnerStepsCxt:    1
        -InnerToleranceNode: 4.00e-07
        -InnerToleranceCtx:  2.00e-06
        -DiffNode: 5.28e-08
        -DiffCxt:  1.94e-06
    Outer Step:   810      LossTrajs: 0.00067015     ContextsNorm: 0.02603714     ValIndCrit: 0.00364983
        -NbInnerStepsNode:    1
        -NbInnerStepsCxt:    1
        -InnerToleranceNode: 4.00e-07
        -InnerToleranceCtx:  2.00e-06
        -DiffNode: 1.18e-07
        -DiffCxt:  1.58e-06
    Outer Step:   820      LossTrajs: 0.00072362     ContextsNorm: 0.02715132     ValIndCrit: 0.00374593
        -NbInnerStepsNode:   10
        -NbInnerStepsCxt:   10
        -InnerToleranceNode: 4.00e-07
        -InnerToleranceCtx:  2.00e-06
        -DiffNode: 5.83e-07
        -DiffCxt:  4.71e-06
    Outer Step:   830      LossTrajs: 0.00064846     ContextsNorm: 0.02651264     ValIndCrit: 0.00366752
        -NbInnerStepsNode:    1
        -NbInnerStepsCxt:    7
        -InnerToleranceNode: 4.00e-07
        -InnerToleranceCtx:  2.00e-06
        -DiffNode: 1.70e-07
        -DiffCxt:  1.96e-06
    Outer Step:   840      LossTrajs: 0.00064068     ContextsNorm: 0.02635991     ValIndCrit: 0.00363969
        -NbInnerStepsNode:    1
        -NbInnerStepsCxt:   10
        -InnerToleranceNode: 4.00e-07
        -InnerToleranceCtx:  2.00e-06
        -DiffNode: 1.08e-07
        -DiffCxt:  4.13e-06
    Outer Step:   850      LossTrajs: 0.00064096     ContextsNorm: 0.02618659     ValIndCrit: 0.00367138
        -NbInnerStepsNode:    1
        -NbInnerStepsCxt:   10
        -InnerToleranceNode: 4.00e-07
        -InnerToleranceCtx:  2.00e-06
        -DiffNode: 3.48e-07
        -DiffCxt:  2.47e-06
    Outer Step:   860      LossTrajs: 0.00095440     ContextsNorm: 0.02920708     ValIndCrit: 0.00380248
        -NbInnerStepsNode:   10
        -NbInnerStepsCxt:   10
        -InnerToleranceNode: 4.00e-07
        -InnerToleranceCtx:  2.00e-06
        -DiffNode: 2.43e-06
        -DiffCxt:  2.64e-05
    Outer Step:   870      LossTrajs: 0.00062252     ContextsNorm: 0.03091548     ValIndCrit: 0.00355095
        -NbInnerStepsNode:   10
        -NbInnerStepsCxt:   10
        -InnerToleranceNode: 4.00e-07
        -InnerToleranceCtx:  2.00e-06
        -DiffNode: 6.86e-07
        -DiffCxt:  1.89e-05
    Outer Step:   880      LossTrajs: 0.00059727     ContextsNorm: 0.03055422     ValIndCrit: 0.00354092
        -NbInnerStepsNode:    1
        -NbInnerStepsCxt:   10
        -InnerToleranceNode: 4.00e-07
        -InnerToleranceCtx:  2.00e-06
        -DiffNode: 3.82e-07
        -DiffCxt:  7.12e-06
    Outer Step:   890      LossTrajs: 0.00062075     ContextsNorm: 0.03026160     ValIndCrit: 0.00359170
        -NbInnerStepsNode:    1
        -NbInnerStepsCxt:    8
        -InnerToleranceNode: 4.00e-07
        -InnerToleranceCtx:  2.00e-06
        -DiffNode: 3.29e-07
        -DiffCxt:  1.48e-06
    Outer Step:   900      LossTrajs: 0.00058723     ContextsNorm: 0.02980020     ValIndCrit: 0.00356337
        -NbInnerStepsNode:    1
        -NbInnerStepsCxt:   10
        -InnerToleranceNode: 4.00e-07
        -InnerToleranceCtx:  2.00e-06
        -DiffNode: 3.65e-07
        -DiffCxt:  2.60e-06
    Outer Step:   910      LossTrajs: 0.00068246     ContextsNorm: 0.03061294     ValIndCrit: 0.00356571
        -NbInnerStepsNode:   10
        -NbInnerStepsCxt:   10
        -InnerToleranceNode: 4.00e-07
        -InnerToleranceCtx:  2.00e-06
        -DiffNode: 4.00e-06
        -DiffCxt:  9.30e-06
    Outer Step:   920      LossTrajs: 0.00054463     ContextsNorm: 0.03061057     ValIndCrit: 0.00349121
        -NbInnerStepsNode:    1
        -NbInnerStepsCxt:    4
        -InnerToleranceNode: 4.00e-07
        -InnerToleranceCtx:  2.00e-06
        -DiffNode: 2.06e-07
        -DiffCxt:  1.63e-06
    Outer Step:   930      LossTrajs: 0.00052963     ContextsNorm: 0.03040111     ValIndCrit: 0.00343291
        -NbInnerStepsNode:    1
        -NbInnerStepsCxt:    1
        -InnerToleranceNode: 4.00e-07
        -InnerToleranceCtx:  2.00e-06
        -DiffNode: 2.45e-07
        -DiffCxt:  1.92e-06
    Outer Step:   940      LossTrajs: 0.00053081     ContextsNorm: 0.03016275     ValIndCrit: 0.00342351
        -NbInnerStepsNode:    1
        -NbInnerStepsCxt:    7
        -InnerToleranceNode: 4.00e-07
        -InnerToleranceCtx:  2.00e-06
        -DiffNode: 2.74e-07
        -DiffCxt:  1.67e-06
    Outer Step:   950      LossTrajs: 0.00051290     ContextsNorm: 0.02978502     ValIndCrit: 0.00336875
        -NbInnerStepsNode:    1
        -NbInnerStepsCxt:    1
        -InnerToleranceNode: 4.00e-07
        -InnerToleranceCtx:  2.00e-06
        -DiffNode: 1.49e-07
        -DiffCxt:  1.59e-06
    Outer Step:   960      LossTrajs: 0.00055713     ContextsNorm: 0.03028944     ValIndCrit: 0.00319526
        -NbInnerStepsNode:    3
        -NbInnerStepsCxt:   10
        -InnerToleranceNode: 4.00e-07
        -InnerToleranceCtx:  2.00e-06
        -DiffNode: 3.62e-07
        -DiffCxt:  4.15e-06
    Outer Step:   970      LossTrajs: 0.00132231     ContextsNorm: 0.03103883     ValIndCrit: 0.00412144
        -NbInnerStepsNode:   10
        -NbInnerStepsCxt:   10
        -InnerToleranceNode: 4.00e-07
        -InnerToleranceCtx:  2.00e-06
        -DiffNode: 1.61e-05
        -DiffCxt:  7.50e-05
    Outer Step:   980      LossTrajs: 0.00046369     ContextsNorm: 0.03110886     ValIndCrit: 0.00317465
        -NbInnerStepsNode:    4
        -NbInnerStepsCxt:   10
        -InnerToleranceNode: 4.00e-07
        -InnerToleranceCtx:  2.00e-06
        -DiffNode: 3.64e-07
        -DiffCxt:  6.03e-06
    Outer Step:   990      LossTrajs: 0.00043723     ContextsNorm: 0.03066904     ValIndCrit: 0.00299751
        -NbInnerStepsNode:    1
        -NbInnerStepsCxt:   10
        -InnerToleranceNode: 4.00e-07
        -InnerToleranceCtx:  2.00e-06
        -DiffNode: 3.10e-07
        -DiffCxt:  9.41e-06
    Outer Step:  1000      LossTrajs: 0.00046799     ContextsNorm: 0.03082067     ValIndCrit: 0.00319289
        -NbInnerStepsNode:    9
        -NbInnerStepsCxt:    8
        -InnerToleranceNode: 4.00e-07
        -InnerToleranceCtx:  2.00e-06
        -DiffNode: 2.80e-07
        -DiffCxt:  1.84e-06
    Outer Step:  1010      LossTrajs: 0.00040053     ContextsNorm: 0.03033126     ValIndCrit: 0.00299187
        -NbInnerStepsNode:    1
        -NbInnerStepsCxt:    6
        -InnerToleranceNode: 4.00e-07
        -InnerToleranceCtx:  2.00e-06
        -DiffNode: 1.89e-07
        -DiffCxt:  1.61e-06
    Outer Step:  1020      LossTrajs: 0.00039653     ContextsNorm: 0.02983313     ValIndCrit: 0.00301381
        -NbInnerStepsNode:    1
        -NbInnerStepsCxt:    1
        -InnerToleranceNode: 4.00e-07
        -InnerToleranceCtx:  2.00e-06
        -DiffNode: 9.79e-08
        -DiffCxt:  1.45e-06
    Outer Step:  1030      LossTrajs: 0.00041861     ContextsNorm: 0.02982405     ValIndCrit: 0.00305128
        -NbInnerStepsNode:    2
        -NbInnerStepsCxt:    1
        -InnerToleranceNode: 4.00e-07
        -InnerToleranceCtx:  2.00e-06
        -DiffNode: 2.44e-07
        -DiffCxt:  1.24e-06
    Outer Step:  1040      LossTrajs: 0.00038489     ContextsNorm: 0.02994451     ValIndCrit: 0.00295845
        -NbInnerStepsNode:    1
        -NbInnerStepsCxt:    1
        -InnerToleranceNode: 4.00e-07
        -InnerToleranceCtx:  2.00e-06
        -DiffNode: 6.62e-08
        -DiffCxt:  1.24e-06
    Outer Step:  1050      LossTrajs: 0.00038308     ContextsNorm: 0.02987977     ValIndCrit: 0.00295734
        -NbInnerStepsNode:    1
        -NbInnerStepsCxt:    4
        -InnerToleranceNode: 4.00e-07
        -InnerToleranceCtx:  2.00e-06
        -DiffNode: 1.34e-07
        -DiffCxt:  1.99e-06
    Outer Step:  1060      LossTrajs: 0.00037176     ContextsNorm: 0.02939872     ValIndCrit: 0.00298809
        -NbInnerStepsNode:    1
        -NbInnerStepsCxt:    1
        -InnerToleranceNode: 4.00e-07
        -InnerToleranceCtx:  2.00e-06
        -DiffNode: 8.54e-08
        -DiffCxt:  1.38e-06
    Outer Step:  1070      LossTrajs: 0.00037892     ContextsNorm: 0.02919825     ValIndCrit: 0.00295080
        -NbInnerStepsNode:    1
        -NbInnerStepsCxt:    1
        -InnerToleranceNode: 4.00e-07
        -InnerToleranceCtx:  2.00e-06
        -DiffNode: 1.41e-07
        -DiffCxt:  1.23e-06
    Outer Step:  1080      LossTrajs: 0.00037350     ContextsNorm: 0.02879217     ValIndCrit: 0.00298235
        -NbInnerStepsNode:    1
        -NbInnerStepsCxt:   10
        -InnerToleranceNode: 4.00e-07
        -InnerToleranceCtx:  2.00e-06
        -DiffNode: 1.36e-07
        -DiffCxt:  1.10e-05
    Outer Step:  1090      LossTrajs: 0.00037040     ContextsNorm: 0.02894733     ValIndCrit: 0.00288905
        -NbInnerStepsNode:    1
        -NbInnerStepsCxt:    4
        -InnerToleranceNode: 4.00e-07
        -InnerToleranceCtx:  2.00e-06
        -DiffNode: 1.36e-07
        -DiffCxt:  1.95e-06
    Outer Step:  1100      LossTrajs: 0.00079023     ContextsNorm: 0.02954151     ValIndCrit: 0.00355716
        -NbInnerStepsNode:   10
        -NbInnerStepsCxt:   10
        -InnerToleranceNode: 4.00e-07
        -InnerToleranceCtx:  2.00e-06
        -DiffNode: 9.62e-06
        -DiffCxt:  7.55e-05
    Outer Step:  1110      LossTrajs: 0.00036178     ContextsNorm: 0.02973315     ValIndCrit: 0.00279091
        -NbInnerStepsNode:    1
        -NbInnerStepsCxt:    1
        -InnerToleranceNode: 4.00e-07
        -InnerToleranceCtx:  2.00e-06
        -DiffNode: 3.03e-07
        -DiffCxt:  1.96e-06
    Outer Step:  1120      LossTrajs: 0.00033738     ContextsNorm: 0.02924278     ValIndCrit: 0.00283458
        -NbInnerStepsNode:    1
        -NbInnerStepsCxt:    1
        -InnerToleranceNode: 4.00e-07
        -InnerToleranceCtx:  2.00e-06
        -DiffNode: 1.75e-07
        -DiffCxt:  1.58e-06
    Outer Step:  1130      LossTrajs: 0.00034164     ContextsNorm: 0.02891349     ValIndCrit: 0.00281441
        -NbInnerStepsNode:    1
        -NbInnerStepsCxt:    1
        -InnerToleranceNode: 4.00e-07
        -InnerToleranceCtx:  2.00e-06
        -DiffNode: 1.13e-07
        -DiffCxt:  9.21e-07
    Outer Step:  1140      LossTrajs: 0.00032883     ContextsNorm: 0.02857061     ValIndCrit: 0.00276865
        -NbInnerStepsNode:    1
        -NbInnerStepsCxt:    1
        -InnerToleranceNode: 4.00e-07
        -InnerToleranceCtx:  2.00e-06
        -DiffNode: 4.95e-08
        -DiffCxt:  1.43e-06
    Outer Step:  1150      LossTrajs: 0.00051307     ContextsNorm: 0.02908320     ValIndCrit: 0.00287161
        -NbInnerStepsNode:   10
        -NbInnerStepsCxt:   10
        -InnerToleranceNode: 4.00e-07
        -InnerToleranceCtx:  2.00e-06
        -DiffNode: 3.04e-06
        -DiffCxt:  5.85e-05
    Outer Step:  1160      LossTrajs: 0.00033324     ContextsNorm: 0.02978951     ValIndCrit: 0.00278557
        -NbInnerStepsNode:    1
        -NbInnerStepsCxt:    1
        -InnerToleranceNode: 4.00e-07
        -InnerToleranceCtx:  2.00e-06
        -DiffNode: 1.99e-07
        -DiffCxt:  1.65e-06
    Outer Step:  1170      LossTrajs: 0.00031939     ContextsNorm: 0.02939981     ValIndCrit: 0.00266508
        -NbInnerStepsNode:    1
        -NbInnerStepsCxt:    1
        -InnerToleranceNode: 4.00e-07
        -InnerToleranceCtx:  2.00e-06
        -DiffNode: 2.28e-07
        -DiffCxt:  1.40e-06
    Outer Step:  1180      LossTrajs: 0.00031280     ContextsNorm: 0.02912152     ValIndCrit: 0.00268315
        -NbInnerStepsNode:    1
        -NbInnerStepsCxt:    1
        -InnerToleranceNode: 4.00e-07
        -InnerToleranceCtx:  2.00e-06
        -DiffNode: 8.69e-08
        -DiffCxt:  1.45e-06
    Outer Step:  1190      LossTrajs: 0.00029955     ContextsNorm: 0.02886260     ValIndCrit: 0.00270298
        -NbInnerStepsNode:    1
        -NbInnerStepsCxt:    1
        -InnerToleranceNode: 4.00e-07
        -InnerToleranceCtx:  2.00e-06
        -DiffNode: 5.51e-08
        -DiffCxt:  1.54e-06
    Outer Step:  1200      LossTrajs: 0.00030868     ContextsNorm: 0.02850241     ValIndCrit: 0.00270889
        -NbInnerStepsNode:    1
        -NbInnerStepsCxt:   10
        -InnerToleranceNode: 4.00e-07
        -InnerToleranceCtx:  2.00e-06
        -DiffNode: 3.92e-07
        -DiffCxt:  5.71e-06
    Outer Step:  1210      LossTrajs: 0.00030471     ContextsNorm: 0.02767305     ValIndCrit: 0.00267280
        -NbInnerStepsNode:    1
        -NbInnerStepsCxt:    4
        -InnerToleranceNode: 4.00e-07
        -InnerToleranceCtx:  2.00e-06
        -DiffNode: 1.07e-07
        -DiffCxt:  1.44e-06
    Outer Step:  1220      LossTrajs: 0.00030146     ContextsNorm: 0.02739554     ValIndCrit: 0.00265850
        -NbInnerStepsNode:    1
        -NbInnerStepsCxt:   10
        -InnerToleranceNode: 4.00e-07
        -InnerToleranceCtx:  2.00e-06
        -DiffNode: 1.59e-07
        -DiffCxt:  3.25e-06
    Outer Step:  1230      LossTrajs: 0.00028978     ContextsNorm: 0.02718777     ValIndCrit: 0.00267300
        -NbInnerStepsNode:    1
        -NbInnerStepsCxt:    1
        -InnerToleranceNode: 4.00e-07
        -InnerToleranceCtx:  2.00e-06
        -DiffNode: 6.15e-08
        -DiffCxt:  1.82e-06
    Outer Step:  1240      LossTrajs: 0.00060687     ContextsNorm: 0.02774534     ValIndCrit: 0.00274513
        -NbInnerStepsNode:   10
        -NbInnerStepsCxt:   10
        -InnerToleranceNode: 4.00e-07
        -InnerToleranceCtx:  2.00e-06
        -DiffNode: 1.60e-06
        -DiffCxt:  3.81e-05
    Outer Step:  1250      LossTrajs: 0.00029157     ContextsNorm: 0.02828101     ValIndCrit: 0.00266446
        -NbInnerStepsNode:    1
        -NbInnerStepsCxt:    1
        -InnerToleranceNode: 4.00e-07
        -InnerToleranceCtx:  2.00e-06
        -DiffNode: 1.93e-07
        -DiffCxt:  1.38e-06
    Outer Step:  1260      LossTrajs: 0.00031570     ContextsNorm: 0.02849239     ValIndCrit: 0.00256394
        -NbInnerStepsNode:    1
        -NbInnerStepsCxt:   10
        -InnerToleranceNode: 4.00e-07
        -InnerToleranceCtx:  2.00e-06
        -DiffNode: 3.36e-07
        -DiffCxt:  5.37e-06
    Outer Step:  1270      LossTrajs: 0.00030151     ContextsNorm: 0.02849559     ValIndCrit: 0.00250635
        -NbInnerStepsNode:    1
        -NbInnerStepsCxt:    5
        -InnerToleranceNode: 4.00e-07
        -InnerToleranceCtx:  2.00e-06
        -DiffNode: 1.89e-07
        -DiffCxt:  1.92e-06
    Outer Step:  1280      LossTrajs: 0.00028569     ContextsNorm: 0.02841318     ValIndCrit: 0.00249504
        -NbInnerStepsNode:    1
        -NbInnerStepsCxt:   10
        -InnerToleranceNode: 4.00e-07
        -InnerToleranceCtx:  2.00e-06
        -DiffNode: 2.28e-07
        -DiffCxt:  6.74e-06
    Outer Step:  1290      LossTrajs: 0.00062411     ContextsNorm: 0.03087619     ValIndCrit: 0.00268228
        -NbInnerStepsNode:   10
        -NbInnerStepsCxt:   10
        -InnerToleranceNode: 4.00e-07
        -InnerToleranceCtx:  2.00e-06
        -DiffNode: 2.13e-06
        -DiffCxt:  1.33e-05
    Outer Step:  1300      LossTrajs: 0.00028475     ContextsNorm: 0.03022952     ValIndCrit: 0.00259958
        -NbInnerStepsNode:    1
        -NbInnerStepsCxt:    5
        -InnerToleranceNode: 4.00e-07
        -InnerToleranceCtx:  2.00e-06
        -DiffNode: 3.13e-07
        -DiffCxt:  1.51e-06
    Outer Step:  1310      LossTrajs: 0.00028101     ContextsNorm: 0.02995191     ValIndCrit: 0.00262446
        -NbInnerStepsNode:    1
        -NbInnerStepsCxt:    5
        -InnerToleranceNode: 4.00e-07
        -InnerToleranceCtx:  2.00e-06
        -DiffNode: 1.35e-07
        -DiffCxt:  1.84e-06
    Outer Step:  1320      LossTrajs: 0.00029726     ContextsNorm: 0.03015425     ValIndCrit: 0.00262567
        -NbInnerStepsNode:    3
        -NbInnerStepsCxt:   10
        -InnerToleranceNode: 4.00e-07
        -InnerToleranceCtx:  2.00e-06
        -DiffNode: 3.35e-07
        -DiffCxt:  2.33e-06
    Outer Step:  1330      LossTrajs: 0.00026869     ContextsNorm: 0.02958528     ValIndCrit: 0.00256656
        -NbInnerStepsNode:    1
        -NbInnerStepsCxt:    8
        -InnerToleranceNode: 4.00e-07
        -InnerToleranceCtx:  2.00e-06
        -DiffNode: 3.14e-07
        -DiffCxt:  1.75e-06
    Outer Step:  1340      LossTrajs: 0.00026991     ContextsNorm: 0.02930141     ValIndCrit: 0.00257939
        -NbInnerStepsNode:    1
        -NbInnerStepsCxt:    7
        -InnerToleranceNode: 4.00e-07
        -InnerToleranceCtx:  2.00e-06
        -DiffNode: 1.45e-07
        -DiffCxt:  1.90e-06
    Outer Step:  1350      LossTrajs: 0.00025698     ContextsNorm: 0.02892406     ValIndCrit: 0.00240871
        -NbInnerStepsNode:    1
        -NbInnerStepsCxt:    4
        -InnerToleranceNode: 4.00e-07
        -InnerToleranceCtx:  2.00e-06
        -DiffNode: 1.95e-07
        -DiffCxt:  1.41e-06
    Outer Step:  1360      LossTrajs: 0.00026429     ContextsNorm: 0.02894887     ValIndCrit: 0.00237733
        -NbInnerStepsNode:    1
        -NbInnerStepsCxt:    1
        -InnerToleranceNode: 4.00e-07
        -InnerToleranceCtx:  2.00e-06
        -DiffNode: 9.72e-08
        -DiffCxt:  1.54e-06
    Outer Step:  1370      LossTrajs: 0.00026407     ContextsNorm: 0.02832585     ValIndCrit: 0.00256644
        -NbInnerStepsNode:    1
        -NbInnerStepsCxt:   10
        -InnerToleranceNode: 4.00e-07
        -InnerToleranceCtx:  2.00e-06
        -DiffNode: 1.55e-07
        -DiffCxt:  2.55e-06
    Outer Step:  1380      LossTrajs: 0.00027811     ContextsNorm: 0.02813713     ValIndCrit: 0.00255741
        -NbInnerStepsNode:    2
        -NbInnerStepsCxt:    1
        -InnerToleranceNode: 4.00e-07
        -InnerToleranceCtx:  2.00e-06
        -DiffNode: 1.25e-07
        -DiffCxt:  1.73e-06
    Outer Step:  1390      LossTrajs: 0.00030545     ContextsNorm: 0.02785617     ValIndCrit: 0.00244321
        -NbInnerStepsNode:    1
        -NbInnerStepsCxt:   10
        -InnerToleranceNode: 4.00e-07
        -InnerToleranceCtx:  2.00e-06
        -DiffNode: 3.15e-07
        -DiffCxt:  5.23e-06
    Outer Step:  1400      LossTrajs: 0.00027445     ContextsNorm: 0.02784711     ValIndCrit: 0.00255813
        -NbInnerStepsNode:    1
        -NbInnerStepsCxt:   10
        -InnerToleranceNode: 4.00e-07
        -InnerToleranceCtx:  2.00e-06
        -DiffNode: 3.00e-07
        -DiffCxt:  1.22e-05
    Outer Step:  1410      LossTrajs: 0.00025129     ContextsNorm: 0.02725542     ValIndCrit: 0.00247859
        -NbInnerStepsNode:    1
        -NbInnerStepsCxt:   10
        -InnerToleranceNode: 4.00e-07
        -InnerToleranceCtx:  2.00e-06
        -DiffNode: 1.08e-07
        -DiffCxt:  4.21e-06
    Outer Step:  1420      LossTrajs: 0.00379073     ContextsNorm: 0.02825065     ValIndCrit: 0.00447256
        -NbInnerStepsNode:   10
        -NbInnerStepsCxt:   10
        -InnerToleranceNode: 4.00e-07
        -InnerToleranceCtx:  2.00e-06
        -DiffNode: 3.38e-05
        -DiffCxt:  1.80e-04
    Outer Step:  1430      LossTrajs: 0.00032373     ContextsNorm: 0.03039163     ValIndCrit: 0.00239766
        -NbInnerStepsNode:    3
        -NbInnerStepsCxt:   10
        -InnerToleranceNode: 4.00e-07
        -InnerToleranceCtx:  2.00e-06
        -DiffNode: 3.48e-07
        -DiffCxt:  2.43e-06
    Outer Step:  1440      LossTrajs: 0.00027739     ContextsNorm: 0.02955603     ValIndCrit: 0.00237916
        -NbInnerStepsNode:    1
        -NbInnerStepsCxt:   10
        -InnerToleranceNode: 4.00e-07
        -InnerToleranceCtx:  2.00e-06
        -DiffNode: 3.16e-07
        -DiffCxt:  7.76e-06
    Outer Step:  1450      LossTrajs: 0.00052038     ContextsNorm: 0.02977668     ValIndCrit: 0.00264513
        -NbInnerStepsNode:   10
        -NbInnerStepsCxt:   10
        -InnerToleranceNode: 4.00e-07
        -InnerToleranceCtx:  2.00e-06
        -DiffNode: 3.13e-06
        -DiffCxt:  2.00e-05
    Outer Step:  1460      LossTrajs: 0.00037445     ContextsNorm: 0.02986212     ValIndCrit: 0.00253187
        -NbInnerStepsNode:   10
        -NbInnerStepsCxt:   10
        -InnerToleranceNode: 4.00e-07
        -InnerToleranceCtx:  2.00e-06
        -DiffNode: 2.29e-06
        -DiffCxt:  8.32e-06
    Outer Step:  1470      LossTrajs: 0.00024737     ContextsNorm: 0.02954458     ValIndCrit: 0.00238986
        -NbInnerStepsNode:    1
        -NbInnerStepsCxt:    6
        -InnerToleranceNode: 4.00e-07
        -InnerToleranceCtx:  2.00e-06
        -DiffNode: 2.40e-07
        -DiffCxt:  1.83e-06
    Outer Step:  1480      LossTrajs: 0.00024327     ContextsNorm: 0.02922716     ValIndCrit: 0.00237027
        -NbInnerStepsNode:    1
        -NbInnerStepsCxt:    1
        -InnerToleranceNode: 4.00e-07
        -InnerToleranceCtx:  2.00e-06
        -DiffNode: 1.87e-07
        -DiffCxt:  1.62e-06
    Outer Step:  1490      LossTrajs: 0.00023055     ContextsNorm: 0.02917045     ValIndCrit: 0.00229780
        -NbInnerStepsNode:    1
        -NbInnerStepsCxt:    2
        -InnerToleranceNode: 4.00e-07
        -InnerToleranceCtx:  2.00e-06
        -DiffNode: 1.56e-07
        -DiffCxt:  1.40e-06
    Outer Step:  1500      LossTrajs: 0.00023251     ContextsNorm: 0.02920289     ValIndCrit: 0.00237710
        -NbInnerStepsNode:    1
        -NbInnerStepsCxt:    9
        -InnerToleranceNode: 4.00e-07
        -InnerToleranceCtx:  2.00e-06
        -DiffNode: 2.52e-07
        -DiffCxt:  1.95e-06
    Outer Step:  1510      LossTrajs: 0.00023462     ContextsNorm: 0.02928510     ValIndCrit: 0.00233284
        -NbInnerStepsNode:    1
        -NbInnerStepsCxt:   10
        -InnerToleranceNode: 4.00e-07
        -InnerToleranceCtx:  2.00e-06
        -DiffNode: 1.53e-07
        -DiffCxt:  4.20e-06
    Outer Step:  1520      LossTrajs: 0.00022605     ContextsNorm: 0.02897234     ValIndCrit: 0.00237298
        -NbInnerStepsNode:    1
        -NbInnerStepsCxt:    4
        -InnerToleranceNode: 4.00e-07
        -InnerToleranceCtx:  2.00e-06
        -DiffNode: 2.15e-07
        -DiffCxt:  1.39e-06
    Outer Step:  1530      LossTrajs: 0.00024476     ContextsNorm: 0.02838970     ValIndCrit: 0.00233725
        -NbInnerStepsNode:    1
        -NbInnerStepsCxt:    1
        -InnerToleranceNode: 4.00e-07
        -InnerToleranceCtx:  2.00e-06
        -DiffNode: 1.52e-07
        -DiffCxt:  1.45e-06
    Outer Step:  1540      LossTrajs: 0.00045108     ContextsNorm: 0.02891825     ValIndCrit: 0.00266859
        -NbInnerStepsNode:   10
        -NbInnerStepsCxt:   10
        -InnerToleranceNode: 4.00e-07
        -InnerToleranceCtx:  2.00e-06
        -DiffNode: 1.49e-06
        -DiffCxt:  1.25e-05
    Outer Step:  1550      LossTrajs: 0.00028979     ContextsNorm: 0.02754302     ValIndCrit: 0.00268425
        -NbInnerStepsNode:    6
        -NbInnerStepsCxt:    9
        -InnerToleranceNode: 4.00e-07
        -InnerToleranceCtx:  2.00e-06
        -DiffNode: 1.69e-07
        -DiffCxt:  1.70e-06
    Outer Step:  1560      LossTrajs: 0.00022715     ContextsNorm: 0.02719281     ValIndCrit: 0.00233382
        -NbInnerStepsNode:    1
        -NbInnerStepsCxt:   10
        -InnerToleranceNode: 4.00e-07
        -InnerToleranceCtx:  2.00e-06
        -DiffNode: 1.41e-07
        -DiffCxt:  2.07e-06
    Outer Step:  1570      LossTrajs: 0.00024067     ContextsNorm: 0.02702471     ValIndCrit: 0.00230138
        -NbInnerStepsNode:    1
        -NbInnerStepsCxt:    4
        -InnerToleranceNode: 4.00e-07
        -InnerToleranceCtx:  2.00e-06
        -DiffNode: 1.56e-07
        -DiffCxt:  1.25e-06
    Outer Step:  1580      LossTrajs: 0.00022013     ContextsNorm: 0.02679817     ValIndCrit: 0.00234116
        -NbInnerStepsNode:    1
        -NbInnerStepsCxt:    3
        -InnerToleranceNode: 4.00e-07
        -InnerToleranceCtx:  2.00e-06
        -DiffNode: 2.28e-07
        -DiffCxt:  1.50e-06
    Outer Step:  1590      LossTrajs: 0.00021446     ContextsNorm: 0.02678206     ValIndCrit: 0.00231715
        -NbInnerStepsNode:    1
        -NbInnerStepsCxt:    1
        -InnerToleranceNode: 4.00e-07
        -InnerToleranceCtx:  2.00e-06
        -DiffNode: 9.96e-08
        -DiffCxt:  1.62e-06
    Outer Step:  1600      LossTrajs: 0.00022001     ContextsNorm: 0.02659989     ValIndCrit: 0.00227397
        -NbInnerStepsNode:    1
        -NbInnerStepsCxt:   10
        -InnerToleranceNode: 4.00e-07
        -InnerToleranceCtx:  2.00e-06
        -DiffNode: 3.21e-07
        -DiffCxt:  2.12e-06
    Outer Step:  1610      LossTrajs: 0.00020813     ContextsNorm: 0.02643711     ValIndCrit: 0.00221780
        -NbInnerStepsNode:    1
        -NbInnerStepsCxt:    9
        -InnerToleranceNode: 4.00e-07
        -InnerToleranceCtx:  2.00e-06
        -DiffNode: 2.66e-07
        -DiffCxt:  1.58e-06
    Outer Step:  1620      LossTrajs: 0.00021228     ContextsNorm: 0.02626443     ValIndCrit: 0.00234565
        -NbInnerStepsNode:    1
        -NbInnerStepsCxt:    1
        -InnerToleranceNode: 4.00e-07
        -InnerToleranceCtx:  2.00e-06
        -DiffNode: 1.15e-07
        -DiffCxt:  1.67e-06
    Outer Step:  1630      LossTrajs: 0.00021548     ContextsNorm: 0.02656445     ValIndCrit: 0.00233619
        -NbInnerStepsNode:    7
        -NbInnerStepsCxt:   10
        -InnerToleranceNode: 4.00e-07
        -InnerToleranceCtx:  2.00e-06
        -DiffNode: 3.95e-07
        -DiffCxt:  8.13e-06
    Outer Step:  1640      LossTrajs: 0.00039609     ContextsNorm: 0.02741371     ValIndCrit: 0.00258288
        -NbInnerStepsNode:   10
        -NbInnerStepsCxt:   10
        -InnerToleranceNode: 4.00e-07
        -InnerToleranceCtx:  2.00e-06
        -DiffNode: 2.36e-06
        -DiffCxt:  9.43e-06
    Outer Step:  1650      LossTrajs: 0.00021117     ContextsNorm: 0.02693060     ValIndCrit: 0.00233943
        -NbInnerStepsNode:    1
        -NbInnerStepsCxt:    1
        -InnerToleranceNode: 4.00e-07
        -InnerToleranceCtx:  2.00e-06
        -DiffNode: 1.23e-07
        -DiffCxt:  1.71e-06
    Outer Step:  1660      LossTrajs: 0.00021534     ContextsNorm: 0.02672379     ValIndCrit: 0.00235025
        -NbInnerStepsNode:    1
        -NbInnerStepsCxt:    3
        -InnerToleranceNode: 4.00e-07
        -InnerToleranceCtx:  2.00e-06
        -DiffNode: 3.67e-07
        -DiffCxt:  1.02e-06
    Outer Step:  1670      LossTrajs: 0.00020761     ContextsNorm: 0.02661692     ValIndCrit: 0.00231067
        -NbInnerStepsNode:    1
        -NbInnerStepsCxt:    5
        -InnerToleranceNode: 4.00e-07
        -InnerToleranceCtx:  2.00e-06
        -DiffNode: 5.43e-08
        -DiffCxt:  1.51e-06
    Outer Step:  1680      LossTrajs: 0.00021065     ContextsNorm: 0.02650560     ValIndCrit: 0.00231433
        -NbInnerStepsNode:    1
        -NbInnerStepsCxt:    3
        -InnerToleranceNode: 4.00e-07
        -InnerToleranceCtx:  2.00e-06
        -DiffNode: 1.37e-07
        -DiffCxt:  1.35e-06
    Outer Step:  1690      LossTrajs: 0.00020167     ContextsNorm: 0.02648509     ValIndCrit: 0.00228290
        -NbInnerStepsNode:    1
        -NbInnerStepsCxt:    1
        -InnerToleranceNode: 4.00e-07
        -InnerToleranceCtx:  2.00e-06
        -DiffNode: 1.58e-07
        -DiffCxt:  1.53e-06
    Outer Step:  1700      LossTrajs: 0.00020957     ContextsNorm: 0.02616552     ValIndCrit: 0.00233095
        -NbInnerStepsNode:    1
        -NbInnerStepsCxt:    7
        -InnerToleranceNode: 4.00e-07
        -InnerToleranceCtx:  2.00e-06
        -DiffNode: 2.09e-07
        -DiffCxt:  1.88e-06
    Outer Step:  1710      LossTrajs: 0.00021293     ContextsNorm: 0.02596208     ValIndCrit: 0.00222842
        -NbInnerStepsNode:    1
        -NbInnerStepsCxt:   10
        -InnerToleranceNode: 4.00e-07
        -InnerToleranceCtx:  2.00e-06
        -DiffNode: 2.60e-07
        -DiffCxt:  2.12e-06
    Outer Step:  1720      LossTrajs: 0.00019655     ContextsNorm: 0.02568488     ValIndCrit: 0.00225770
        -NbInnerStepsNode:    1
        -NbInnerStepsCxt:    5
        -InnerToleranceNode: 4.00e-07
        -InnerToleranceCtx:  2.00e-06
        -DiffNode: 1.19e-07
        -DiffCxt:  1.71e-06
    Outer Step:  1730      LossTrajs: 0.00019969     ContextsNorm: 0.02537552     ValIndCrit: 0.00222615
        -NbInnerStepsNode:    1
        -NbInnerStepsCxt:    1
        -InnerToleranceNode: 4.00e-07
        -InnerToleranceCtx:  2.00e-06
        -DiffNode: 1.33e-07
        -DiffCxt:  1.67e-06
    Outer Step:  1740      LossTrajs: 0.00020276     ContextsNorm: 0.02514282     ValIndCrit: 0.00222854
        -NbInnerStepsNode:    1
        -NbInnerStepsCxt:    2
        -InnerToleranceNode: 4.00e-07
        -InnerToleranceCtx:  2.00e-06
        -DiffNode: 2.15e-07
        -DiffCxt:  1.98e-06
    Outer Step:  1750      LossTrajs: 0.00020341     ContextsNorm: 0.02529122     ValIndCrit: 0.00220278
        -NbInnerStepsNode:    1
        -NbInnerStepsCxt:   10
        -InnerToleranceNode: 4.00e-07
        -InnerToleranceCtx:  2.00e-06
        -DiffNode: 1.62e-07
        -DiffCxt:  1.51e-06
    Outer Step:  1760      LossTrajs: 0.00019164     ContextsNorm: 0.02486152     ValIndCrit: 0.00227164
        -NbInnerStepsNode:    1
        -NbInnerStepsCxt:    3
        -InnerToleranceNode: 4.00e-07
        -InnerToleranceCtx:  2.00e-06
        -DiffNode: 1.17e-07
        -DiffCxt:  1.44e-06
    Outer Step:  1770      LossTrajs: 0.00023230     ContextsNorm: 0.02456130     ValIndCrit: 0.00224668
        -NbInnerStepsNode:    1
        -NbInnerStepsCxt:    5
        -InnerToleranceNode: 4.00e-07
        -InnerToleranceCtx:  2.00e-06
        -DiffNode: 1.98e-07
        -DiffCxt:  1.91e-06
    Outer Step:  1780      LossTrajs: 0.00019811     ContextsNorm: 0.02448674     ValIndCrit: 0.00220972
        -NbInnerStepsNode:    1
        -NbInnerStepsCxt:   10
        -InnerToleranceNode: 4.00e-07
        -InnerToleranceCtx:  2.00e-06
        -DiffNode: 2.07e-07
        -DiffCxt:  3.81e-06
    Outer Step:  1790      LossTrajs: 0.00019446     ContextsNorm: 0.02440600     ValIndCrit: 0.00216737
        -NbInnerStepsNode:    1
        -NbInnerStepsCxt:    6
        -InnerToleranceNode: 4.00e-07
        -InnerToleranceCtx:  2.00e-06
        -DiffNode: 1.81e-07
        -DiffCxt:  1.94e-06
    Outer Step:  1800      LossTrajs: 0.00018552     ContextsNorm: 0.02399038     ValIndCrit: 0.00229245
        -NbInnerStepsNode:    1
        -NbInnerStepsCxt:   10
        -InnerToleranceNode: 4.00e-07
        -InnerToleranceCtx:  2.00e-06
        -DiffNode: 1.24e-07
        -DiffCxt:  3.61e-06
    Outer Step:  1810      LossTrajs: 0.00019105     ContextsNorm: 0.02405704     ValIndCrit: 0.00226800
        -NbInnerStepsNode:    1
        -NbInnerStepsCxt:   10
        -InnerToleranceNode: 4.00e-07
        -InnerToleranceCtx:  2.00e-06
        -DiffNode: 1.92e-07
        -DiffCxt:  4.26e-06
    Outer Step:  1820      LossTrajs: 0.00018202     ContextsNorm: 0.02385932     ValIndCrit: 0.00218437
        -NbInnerStepsNode:    1
        -NbInnerStepsCxt:    1
        -InnerToleranceNode: 4.00e-07
        -InnerToleranceCtx:  2.00e-06
        -DiffNode: 6.46e-08
        -DiffCxt:  1.61e-06
    Outer Step:  1830      LossTrajs: 0.00017454     ContextsNorm: 0.02389509     ValIndCrit: 0.00219452
        -NbInnerStepsNode:    1
        -NbInnerStepsCxt:    4
        -InnerToleranceNode: 4.00e-07
        -InnerToleranceCtx:  2.00e-06
        -DiffNode: 3.42e-08
        -DiffCxt:  1.99e-06
    Outer Step:  1840      LossTrajs: 0.00017583     ContextsNorm: 0.02359378     ValIndCrit: 0.00218136
        -NbInnerStepsNode:    1
        -NbInnerStepsCxt:    1
        -InnerToleranceNode: 4.00e-07
        -InnerToleranceCtx:  2.00e-06
        -DiffNode: 5.49e-08
        -DiffCxt:  1.85e-06
    Outer Step:  1850      LossTrajs: 0.00017308     ContextsNorm: 0.02331712     ValIndCrit: 0.00217358
        -NbInnerStepsNode:    1
        -NbInnerStepsCxt:    4
        -InnerToleranceNode: 4.00e-07
        -InnerToleranceCtx:  2.00e-06
        -DiffNode: 8.61e-08
        -DiffCxt:  1.34e-06
    Outer Step:  1860      LossTrajs: 0.00018050     ContextsNorm: 0.02343473     ValIndCrit: 0.00217463
        -NbInnerStepsNode:    1
        -NbInnerStepsCxt:    1
        -InnerToleranceNode: 4.00e-07
        -InnerToleranceCtx:  2.00e-06
        -DiffNode: 5.49e-08
        -DiffCxt:  1.96e-06
    Outer Step:  1870      LossTrajs: 0.00017486     ContextsNorm: 0.02335391     ValIndCrit: 0.00217492
        -NbInnerStepsNode:    1
        -NbInnerStepsCxt:    2
        -InnerToleranceNode: 4.00e-07
        -InnerToleranceCtx:  2.00e-06
        -DiffNode: 6.70e-08
        -DiffCxt:  1.80e-06
    Outer Step:  1880      LossTrajs: 0.00017708     ContextsNorm: 0.02336355     ValIndCrit: 0.00217134
        -NbInnerStepsNode:    1
        -NbInnerStepsCxt:    5
        -InnerToleranceNode: 4.00e-07
        -InnerToleranceCtx:  2.00e-06
        -DiffNode: 6.50e-08
        -DiffCxt:  1.82e-06
    Outer Step:  1890      LossTrajs: 0.00020059     ContextsNorm: 0.02308478     ValIndCrit: 0.00214885
        -NbInnerStepsNode:    1
        -NbInnerStepsCxt:   10
        -InnerToleranceNode: 4.00e-07
        -InnerToleranceCtx:  2.00e-06
        -DiffNode: 1.57e-07
        -DiffCxt:  4.30e-06
    Outer Step:  1900      LossTrajs: 0.00023477     ContextsNorm: 0.02482022     ValIndCrit: 0.00234541
        -NbInnerStepsNode:   10
        -NbInnerStepsCxt:   10
        -InnerToleranceNode: 4.00e-07
        -InnerToleranceCtx:  2.00e-06
        -DiffNode: 1.69e-06
        -DiffCxt:  3.57e-06
    Outer Step:  1910      LossTrajs: 0.00020489     ContextsNorm: 0.02491631     ValIndCrit: 0.00221921
        -NbInnerStepsNode:    6
        -NbInnerStepsCxt:   10
        -InnerToleranceNode: 4.00e-07
        -InnerToleranceCtx:  2.00e-06
        -DiffNode: 2.32e-07
        -DiffCxt:  2.51e-06
    Outer Step:  1920      LossTrajs: 0.00019831     ContextsNorm: 0.02455942     ValIndCrit: 0.00218605
        -NbInnerStepsNode:    2
        -NbInnerStepsCxt:    3
        -InnerToleranceNode: 4.00e-07
        -InnerToleranceCtx:  2.00e-06
        -DiffNode: 1.89e-07
        -DiffCxt:  1.23e-06
    Outer Step:  1930      LossTrajs: 0.00019554     ContextsNorm: 0.02423727     ValIndCrit: 0.00215786
        -NbInnerStepsNode:    2
        -NbInnerStepsCxt:    6
        -InnerToleranceNode: 4.00e-07
        -InnerToleranceCtx:  2.00e-06
        -DiffNode: 1.58e-07
        -DiffCxt:  1.77e-06
    Outer Step:  1940      LossTrajs: 0.00018153     ContextsNorm: 0.02404466     ValIndCrit: 0.00215184
        -NbInnerStepsNode:    1
        -NbInnerStepsCxt:    3
        -InnerToleranceNode: 4.00e-07
        -InnerToleranceCtx:  2.00e-06
        -DiffNode: 1.54e-07
        -DiffCxt:  1.69e-06
    Outer Step:  1950      LossTrajs: 0.00017676     ContextsNorm: 0.02420387     ValIndCrit: 0.00211751
        -NbInnerStepsNode:    1
        -NbInnerStepsCxt:   10
        -InnerToleranceNode: 4.00e-07
        -InnerToleranceCtx:  2.00e-06
        -DiffNode: 2.40e-07
        -DiffCxt:  2.98e-06
    Outer Step:  1960      LossTrajs: 0.00017665     ContextsNorm: 0.02404510     ValIndCrit: 0.00218716
        -NbInnerStepsNode:    2
        -NbInnerStepsCxt:    1
        -InnerToleranceNode: 4.00e-07
        -InnerToleranceCtx:  2.00e-06
        -DiffNode: 1.76e-07
        -DiffCxt:  1.40e-06
    Outer Step:  1970      LossTrajs: 0.00016824     ContextsNorm: 0.02411138     ValIndCrit: 0.00212270
        -NbInnerStepsNode:    1
        -NbInnerStepsCxt:    1
        -InnerToleranceNode: 4.00e-07
        -InnerToleranceCtx:  2.00e-06
        -DiffNode: 1.01e-07
        -DiffCxt:  1.51e-06
    Outer Step:  1980      LossTrajs: 0.00017289     ContextsNorm: 0.02417284     ValIndCrit: 0.00218352
        -NbInnerStepsNode:    1
        -NbInnerStepsCxt:    1
        -InnerToleranceNode: 4.00e-07
        -InnerToleranceCtx:  2.00e-06
        -DiffNode: 2.62e-07
        -DiffCxt:  1.79e-06
    Outer Step:  1990      LossTrajs: 0.00016440     ContextsNorm: 0.02402283     ValIndCrit: 0.00209484
        -NbInnerStepsNode:    1
        -NbInnerStepsCxt:   10
        -InnerToleranceNode: 4.00e-07
        -InnerToleranceCtx:  2.00e-06
        -DiffNode: 1.22e-07
        -DiffCxt:  2.07e-06
    Outer Step:  1999      LossTrajs: 0.00016354     ContextsNorm: 0.02381321     ValIndCrit: 0.00212935
        -NbInnerStepsNode:    1
        -NbInnerStepsCxt:    9
        -InnerToleranceNode: 4.00e-07
        -InnerToleranceCtx:  2.00e-06
        -DiffNode: 2.17e-07
        -DiffCxt:  1.76e-06

Total gradient descent training time: 7 hours 39 mins 48 secs
Environment weights at the end of the training: [0.11111111 0.11111111 0.11111111 0.11111111 0.11111111 0.11111111
 0.11111111 0.11111111 0.11111111]
WARNING: You did not provide a dataloader id. A new one has been generated: 001235
WARNING: Note that this id used to distuinguish between adaptations to different environments.
WARNING: batch_size must be between 0 and nb_trajs_per_env. Setting batch_size to maximum.
WARNING: No key provided, using time as seed
==  Begining in-domain testing ... ==
    Number of training environments: 9
    Final length of the training trajectories: 20
    Length of the testing trajectories: 20
Test Score (In-Domain): 0.0021293517


############# Inductive Bias Learning for Dynamical Systems #############

Jax version: 0.4.23
Available devices: [cuda(id=0)]
Running this script in ipython (Jupyter) session ? False
=== Parsed arguments to generate data ===
 Split: adapt
 Savepath: ./runs/24032024-163242/adapt/
 Seed: 6078

==  Begining in-domain visualisation ... ==
    Environment id: 4
    Trajectory id: 7
    Visualized dimensions: (0, 1)
    Final length of the training trajectories: 20
    Length of the testing trajectories: 20
Testing finished. Figure saved in: ./runs/24032024-163242/results_in_domain.png
WARNING: batch_size must be between 0 and nb_trajs_per_env. Setting batch_size to maximum.
WARNING: No key provided for the context initialization. Initializing at 0.


=== Beginning adaptation ... ===
    Number of examples in a batch: 1
    Number of train steps per epoch: 1
    Number of training epochs: 2000
    Total number of training steps: 2000
WARNING: No key provided, using time as seed

Compiling function "train_step" for context ...
Shapes of elements in a batch: (4, 1, 20, 7) (20,)
    Epoch:     0     LossContext: 0.16155106
    Epoch:     1     LossContext: 0.15211993
    Epoch:     2     LossContext: 0.14232068
    Epoch:     3     LossContext: 0.13219580
    Epoch:    10     LossContext: 0.06380464
    Epoch:    20     LossContext: 0.01621822
    Epoch:    30     LossContext: 0.00118858
    Epoch:    40     LossContext: 0.00211477
    Epoch:    50     LossContext: 0.00147233
    Epoch:    60     LossContext: 0.00067992
    Epoch:    70     LossContext: 0.00047647
    Epoch:    80     LossContext: 0.00040314
    Epoch:    90     LossContext: 0.00039070
    Epoch:   100     LossContext: 0.00037202
    Epoch:   110     LossContext: 0.00036152
    Epoch:   120     LossContext: 0.00035512
    Epoch:   130     LossContext: 0.00034823
    Epoch:   140     LossContext: 0.00034179
    Epoch:   150     LossContext: 0.00033610
    Epoch:   160     LossContext: 0.00033050
    Epoch:   170     LossContext: 0.00032536
    Epoch:   180     LossContext: 0.00032037
    Epoch:   190     LossContext: 0.00031540
    Epoch:   200     LossContext: 0.00031113
    Epoch:   210     LossContext: 0.00030729
    Epoch:   220     LossContext: 0.00030308
    Epoch:   230     LossContext: 0.00029945
    Epoch:   240     LossContext: 0.00029606
    Epoch:   250     LossContext: 0.00029253
    Epoch:   260     LossContext: 0.00028953
    Epoch:   270     LossContext: 0.00028660
    Epoch:   280     LossContext: 0.00028424
    Epoch:   290     LossContext: 0.00028147
    Epoch:   300     LossContext: 0.00027904
    Epoch:   310     LossContext: 0.00027706
    Epoch:   320     LossContext: 0.00027498
    Epoch:   330     LossContext: 0.00027273
    Epoch:   340     LossContext: 0.00027108
    Epoch:   350     LossContext: 0.00026912
    Epoch:   360     LossContext: 0.00026710
    Epoch:   370     LossContext: 0.00026552
    Epoch:   380     LossContext: 0.00026404
    Epoch:   390     LossContext: 0.00026263
    Epoch:   400     LossContext: 0.00026112
    Epoch:   410     LossContext: 0.00025940
    Epoch:   420     LossContext: 0.00025825
    Epoch:   430     LossContext: 0.00025684
    Epoch:   440     LossContext: 0.00025549
    Epoch:   450     LossContext: 0.00025424
    Epoch:   460     LossContext: 0.00025292
    Epoch:   470     LossContext: 0.00025173
    Epoch:   480     LossContext: 0.00025039
    Epoch:   490     LossContext: 0.00024941
    Epoch:   500     LossContext: 0.00024804
    Epoch:   510     LossContext: 0.00024683
    Epoch:   520     LossContext: 0.00024581
    Epoch:   530     LossContext: 0.00024445
    Epoch:   540     LossContext: 0.00024337
    Epoch:   550     LossContext: 0.00024222
    Epoch:   560     LossContext: 0.00024099
    Epoch:   570     LossContext: 0.00023989
    Epoch:   580     LossContext: 0.00023875
    Epoch:   590     LossContext: 0.00023756
    Epoch:   600     LossContext: 0.00023646
    Epoch:   610     LossContext: 0.00023518
    Epoch:   620     LossContext: 0.00023423
    Epoch:   630     LossContext: 0.00023301
    Epoch:   640     LossContext: 0.00023182
    Epoch:   650     LossContext: 0.00023086
    Epoch:   660     LossContext: 0.00022955
    Epoch:   670     LossContext: 0.00022851
    Epoch:   680     LossContext: 0.00022747
    Epoch:   690     LossContext: 0.00022624
    Epoch:   700     LossContext: 0.00022510
    Epoch:   710     LossContext: 0.00022374
    Epoch:   720     LossContext: 0.00022279
    Epoch:   730     LossContext: 0.00022162
    Epoch:   740     LossContext: 0.00022055
    Epoch:   750     LossContext: 0.00021948
    Epoch:   760     LossContext: 0.00021827
    Epoch:   770     LossContext: 0.00021711
    Epoch:   780     LossContext: 0.00021599
    Epoch:   790     LossContext: 0.00021491
    Epoch:   800     LossContext: 0.00021366
    Epoch:   810     LossContext: 0.00021265
    Epoch:   820     LossContext: 0.00021138
    Epoch:   830     LossContext: 0.00021039
    Epoch:   840     LossContext: 0.00020927
    Epoch:   850     LossContext: 0.00020809
    Epoch:   860     LossContext: 0.00020710
    Epoch:   870     LossContext: 0.00020602
    Epoch:   880     LossContext: 0.00020484
    Epoch:   890     LossContext: 0.00020381
    Epoch:   900     LossContext: 0.00020263
    Epoch:   910     LossContext: 0.00020153
    Epoch:   920     LossContext: 0.00020056
    Epoch:   930     LossContext: 0.00019944
    Epoch:   940     LossContext: 0.00019834
    Epoch:   950     LossContext: 0.00019730
    Epoch:   960     LossContext: 0.00019611
    Epoch:   970     LossContext: 0.00019506
    Epoch:   980     LossContext: 0.00019396
    Epoch:   990     LossContext: 0.00019300
    Epoch:  1000     LossContext: 0.00019213
    Epoch:  1010     LossContext: 0.00019090
    Epoch:  1020     LossContext: 0.00018994
    Epoch:  1030     LossContext: 0.00018892
    Epoch:  1040     LossContext: 0.00018797
    Epoch:  1050     LossContext: 0.00018684
    Epoch:  1060     LossContext: 0.00018583
    Epoch:  1070     LossContext: 0.00018472
    Epoch:  1080     LossContext: 0.00018393
    Epoch:  1090     LossContext: 0.00018290
    Epoch:  1100     LossContext: 0.00018188
    Epoch:  1110     LossContext: 0.00018095
    Epoch:  1120     LossContext: 0.00017992
    Epoch:  1130     LossContext: 0.00017887
    Epoch:  1140     LossContext: 0.00017798
    Epoch:  1150     LossContext: 0.00017701
    Epoch:  1160     LossContext: 0.00017610
    Epoch:  1170     LossContext: 0.00017522
    Epoch:  1180     LossContext: 0.00017433
    Epoch:  1190     LossContext: 0.00017319
    Epoch:  1200     LossContext: 0.00017237
    Epoch:  1210     LossContext: 0.00017155
    Epoch:  1220     LossContext: 0.00017055
    Epoch:  1230     LossContext: 0.00016966
    Epoch:  1240     LossContext: 0.00016876
    Epoch:  1250     LossContext: 0.00016802
    Epoch:  1260     LossContext: 0.00016712
    Epoch:  1270     LossContext: 0.00016620
    Epoch:  1280     LossContext: 0.00016541
    Epoch:  1290     LossContext: 0.00016457
    Epoch:  1300     LossContext: 0.00016367
    Epoch:  1310     LossContext: 0.00016293
    Epoch:  1320     LossContext: 0.00016215
    Epoch:  1330     LossContext: 0.00016131
    Epoch:  1340     LossContext: 0.00016049
    Epoch:  1350     LossContext: 0.00015964
    Epoch:  1360     LossContext: 0.00015892
    Epoch:  1370     LossContext: 0.00015807
    Epoch:  1380     LossContext: 0.00015733
    Epoch:  1390     LossContext: 0.00015660
    Epoch:  1400     LossContext: 0.00015588
    Epoch:  1410     LossContext: 0.00015509
    Epoch:  1420     LossContext: 0.00015437
    Epoch:  1430     LossContext: 0.00015366
    Epoch:  1440     LossContext: 0.00015301
    Epoch:  1450     LossContext: 0.00015232
    Epoch:  1460     LossContext: 0.00015160
    Epoch:  1470     LossContext: 0.00015091
    Epoch:  1480     LossContext: 0.00015020
    Epoch:  1490     LossContext: 0.00014951
    Epoch:  1500     LossContext: 0.00014881
    Epoch:  1510     LossContext: 0.00014822
    Epoch:  1520     LossContext: 0.00014765
    Epoch:  1530     LossContext: 0.00014696
    Epoch:  1540     LossContext: 0.00014639
    Epoch:  1550     LossContext: 0.00014576
    Epoch:  1560     LossContext: 0.00014505
    Epoch:  1570     LossContext: 0.00014451
    Epoch:  1580     LossContext: 0.00014394
    Epoch:  1590     LossContext: 0.00014323
    Epoch:  1600     LossContext: 0.00014270
    Epoch:  1610     LossContext: 0.00014215
    Epoch:  1620     LossContext: 0.00014159
    Epoch:  1630     LossContext: 0.00014100
    Epoch:  1640     LossContext: 0.00014055
    Epoch:  1650     LossContext: 0.00013994
    Epoch:  1660     LossContext: 0.00013943
    Epoch:  1670     LossContext: 0.00013891
    Epoch:  1680     LossContext: 0.00013837
    Epoch:  1690     LossContext: 0.00013790
    Epoch:  1700     LossContext: 0.00013740
    Epoch:  1710     LossContext: 0.00013688
    Epoch:  1720     LossContext: 0.00013639
    Epoch:  1730     LossContext: 0.00013588
    Epoch:  1740     LossContext: 0.00013538
    Epoch:  1750     LossContext: 0.00013492
    Epoch:  1760     LossContext: 0.00013451
    Epoch:  1770     LossContext: 0.00013410
    Epoch:  1780     LossContext: 0.00013363
    Epoch:  1790     LossContext: 0.00013315
    Epoch:  1800     LossContext: 0.00013270
    Epoch:  1810     LossContext: 0.00013228
    Epoch:  1820     LossContext: 0.00013189
    Epoch:  1830     LossContext: 0.00013146
    Epoch:  1840     LossContext: 0.00013105
    Epoch:  1850     LossContext: 0.00013071
    Epoch:  1860     LossContext: 0.00013027
    Epoch:  1870     LossContext: 0.00012990
    Epoch:  1880     LossContext: 0.00012960
    Epoch:  1890     LossContext: 0.00012913
    Epoch:  1900     LossContext: 0.00012879
    Epoch:  1910     LossContext: 0.00012846
    Epoch:  1920     LossContext: 0.00012804
    Epoch:  1930     LossContext: 0.00012770
    Epoch:  1940     LossContext: 0.00012735
    Epoch:  1950     LossContext: 0.00012707
    Epoch:  1960     LossContext: 0.00012667
    Epoch:  1970     LossContext: 0.00012632
    Epoch:  1980     LossContext: 0.00012602
    Epoch:  1990     LossContext: 0.00012568
    Epoch:  1999     LossContext: 0.00012542

Total gradient descent adaptation time: 0 hours 1 mins 40 secs
Environment weights at the end of the adaptation: [0.25 0.25 0.25 0.25]

Saving adaptation parameters into ./runs/24032024-163242/adapt/ folder with id 170846 ...

==  Begining out-of-distribution testing ... ==
    Number of training environments: 9
    Number of adaptation environments: 4
    Final length of the training trajectories: 20
    Length of the testing trajectories: 20
Test Score (OOD): 9.2398186e-05

==  Begining out-of-distribution visualisation ... ==
    Environment id: 0
    Trajectory id: 0
    Visualized dimensions: (0, 1)
    Final length of the training trajectories: 20
    Length of the testing trajectories: 20
Testing finished. Figure saved in: ./runs/24032024-163242/adapt/results_ood.png

Full evaluation of the model on many random seeds


############# Inductive Bias Learning for Dynamical Systems #############

Jax version: 0.4.23
Available devices: [cuda(id=0)]

############# Inductive Bias Learning for Dynamical Systems #############

Jax version: 0.4.23
Available devices: [cuda(id=0)]

############# Inductive Bias Learning for Dynamical Systems #############

Jax version: 0.4.23
Available devices: [cuda(id=0)]

############# Inductive Bias Learning for Dynamical Systems #############

Jax version: 0.4.23
Available devices: [cuda(id=0)]

############# Inductive Bias Learning for Dynamical Systems #############

Jax version: 0.4.23
Available devices: [cuda(id=0)]

############# Inductive Bias Learning for Dynamical Systems #############

Jax version: 0.4.23
Available devices: [cuda(id=0)]

############# Inductive Bias Learning for Dynamical Systems #############

Jax version: 0.4.23
Available devices: [cuda(id=0)]

############# Inductive Bias Learning for Dynamical Systems #############

Jax version: 0.4.23
Available devices: [cuda(id=0)]

############# Inductive Bias Learning for Dynamical Systems #############

Jax version: 0.4.23
Available devices: [cuda(id=0)]

############# Inductive Bias Learning for Dynamical Systems #############

Jax version: 0.4.23
Available devices: [cuda(id=0)]

############# Inductive Bias Learning for Dynamical Systems #############

Jax version: 0.4.23
Available devices: [cuda(id=0)]

############# Inductive Bias Learning for Dynamical Systems #############

Jax version: 0.4.23
Available devices: [cuda(id=0)]

############# Inductive Bias Learning for Dynamical Systems #############

Jax version: 0.4.23
Available devices: [cuda(id=0)]

############# Inductive Bias Learning for Dynamical Systems #############

Jax version: 0.4.23
Available devices: [cuda(id=0)]

############# Inductive Bias Learning for Dynamical Systems #############

Jax version: 0.4.23
Available devices: [cuda(id=0)]

############# Inductive Bias Learning for Dynamical Systems #############

Jax version: 0.4.23
Available devices: [cuda(id=0)]

############# Inductive Bias Learning for Dynamical Systems #############

Jax version: 0.4.23
Available devices: [cuda(id=0)]

############# Inductive Bias Learning for Dynamical Systems #############

Jax version: 0.4.23
Available devices: [cuda(id=0)]

############# Inductive Bias Learning for Dynamical Systems #############

Jax version: 0.4.23
Available devices: [cuda(id=0)]

############# Inductive Bias Learning for Dynamical Systems #############

Jax version: 0.4.23
Available devices: [cuda(id=0)]

############# Inductive Bias Learning for Dynamical Systems #############

Jax version: 0.4.23
Available devices: [cuda(id=0)]

############# Inductive Bias Learning for Dynamical Systems #############

Jax version: 0.4.23
Available devices: [cuda(id=0)]

############# Inductive Bias Learning for Dynamical Systems #############

Jax version: 0.4.23
Available devices: [cuda(id=0)]

############# Inductive Bias Learning for Dynamical Systems #############

Jax version: 0.4.23
Available devices: [cuda(id=0)]

############# Inductive Bias Learning for Dynamical Systems #############

Jax version: 0.4.23
Available devices: [cuda(id=0)]

############# Inductive Bias Learning for Dynamical Systems #############

Jax version: 0.4.23
Available devices: [cuda(id=0)]

############# Inductive Bias Learning for Dynamical Systems #############

Jax version: 0.4.23
Available devices: [cuda(id=0)]

############# Inductive Bias Learning for Dynamical Systems #############

Jax version: 0.4.23
Available devices: [cuda(id=0)]

############# Inductive Bias Learning for Dynamical Systems #############

Jax version: 0.4.23
Available devices: [cuda(id=0)]

############# Inductive Bias Learning for Dynamical Systems #############

Jax version: 0.4.23
Available devices: [cuda(id=0)]

############# Inductive Bias Learning for Dynamical Systems #############

Jax version: 0.4.23
Available devices: [cuda(id=0)]

############# Inductive Bias Learning for Dynamical Systems #############

Jax version: 0.4.23
Available devices: [cuda(id=0)]

############# Inductive Bias Learning for Dynamical Systems #############

Jax version: 0.4.23
Available devices: [cuda(id=0)]

############# Inductive Bias Learning for Dynamical Systems #############

Jax version: 0.4.23
Available devices: [cuda(id=0)]

############# Inductive Bias Learning for Dynamical Systems #############

Jax version: 0.4.23
Available devices: [cuda(id=0)]

############# Inductive Bias Learning for Dynamical Systems #############

Jax version: 0.4.23
Available devices: [cuda(id=0)]

############# Inductive Bias Learning for Dynamical Systems #############

Jax version: 0.4.23
Available devices: [cuda(id=0)]

############# Inductive Bias Learning for Dynamical Systems #############

Jax version: 0.4.23
Available devices: [cuda(id=0)]

############# Inductive Bias Learning for Dynamical Systems #############

Jax version: 0.4.23
Available devices: [cuda(id=0)]

############# Inductive Bias Learning for Dynamical Systems #############

Jax version: 0.4.23
Available devices: [cuda(id=0)]


Mean and std of the scores across various datasets

          seed  ind_crit  ood_crit
count 2.00e+01  2.00e+01  2.00e+01
mean  4.87e+03  2.13e-03  9.24e-05
std   2.93e+03  0.00e+00  0.00e+00
