
############# Inductive Bias Learning for Dynamical Systems #############

Jax version: 0.4.23
Available devices: [cuda(id=0)]
Running this script in ipython (Jupyter) session ? False
=== Parsed arguments to generate data ===
 Split: train
 Savepath: ./09042024-152116/
 Seed: 2026


############# Inductive Bias Learning for Dynamical Systems #############

Jax version: 0.4.23
Available devices: [cuda(id=0)]
Running this script in ipython (Jupyter) session ? False
=== Parsed arguments to generate data ===
 Split: test
 Savepath: ./09042024-152116/
 Seed: 4052


############# Inductive Bias Learning for Dynamical Systems #############

Jax version: 0.4.23
Available devices: [cuda(id=0)]
Run folder created successfuly: ./09042024-152116/
Completed copied scripts 
WARNING: You did not provide a dataloader id. A new one has been generated: 152120
WARNING: Note that this id used to distuinguish between adaptations to different environments.
WARNING: batch_size must be between 0 and nb_trajs_per_env. Setting batch_size to maximum.
WARNING: You did not provide a dataloader id. A new one has been generated: 152120
WARNING: Note that this id used to distuinguish between adaptations to different environments.
WARNING: batch_size must be between 0 and nb_trajs_per_env. Setting batch_size to maximum.


Total number of parameters in the model: 308240 


WARNING: No key provided for the context initialization. Initializing at 0.
WARNING: No key provided, using time as seed


=== Beginning training with proximal alternating minimization ... ===
    Number of examples in a batch: 4
    Maximum number of steps per inner minimization: 25
    Maximum number of outer minimizations: 1500
    Maximum total number of training steps: 37500

Compiling function "train_step" for neural ode ...
Shapes of elements in a batch: (9, 4, 20, 2) (20,)

Compiling function "train_step" for context ...
Shapes of elements in a batch: (9, 4, 20, 2) (20,)
    Outer Step:     0      LossTrajs: 1.81636751     ContextsNorm: 0.00000000     ValIndCrit: 1.70389903
        Saving best model so far ...
        -NbInnerStepsNode:    1
        -NbInnerStepsCxt:    1
        -InnerToleranceNode: 1.00e-09
        -InnerToleranceCtx:  1.00e-08
        -DiffNode: 1.71e-06
        -DiffCxt:  inf
    Outer Step:     1      LossTrajs: 1.53356862     ContextsNorm: 0.00133134     ValIndCrit: 1.43725932
        Saving best model so far ...
        -NbInnerStepsNode:   25
        -NbInnerStepsCxt:   25
        -InnerToleranceNode: 1.00e-09
        -InnerToleranceCtx:  1.00e-08
        -DiffNode: 1.67e-06
        -DiffCxt:  5.62e-04
    Outer Step:     2      LossTrajs: 1.23032498     ContextsNorm: 0.00392259     ValIndCrit: 1.14924717
        Saving best model so far ...
        -NbInnerStepsNode:   25
        -NbInnerStepsCxt:   25
        -InnerToleranceNode: 1.00e-09
        -InnerToleranceCtx:  1.00e-08
        -DiffNode: 1.11e-05
        -DiffCxt:  7.08e-04
    Outer Step:     3      LossTrajs: 0.81609696     ContextsNorm: 0.00775006     ValIndCrit: 0.75058144
        Saving best model so far ...
        -NbInnerStepsNode:   25
        -NbInnerStepsCxt:   25
        -InnerToleranceNode: 1.00e-09
        -InnerToleranceCtx:  1.00e-08
        -DiffNode: 3.19e-05
        -DiffCxt:  3.82e-04
