
############# Inductive Bias Learning for Dynamical Systems #############

Jax version: 0.4.19
Available devices: [cuda(id=0)]
No training. Loading data and results from: ./runs/09032024-155347/
WARNING: You did not provide a dataloader id. A new one has been generated: 115409
WARNING: Note that this id used to distuinguish between adaptations to different environments.
WARNING: batch_size must be between 0 and nb_trajs_per_env. Setting batch_size to maximum.
WARNING: You did not provide a dataloader id. A new one has been generated: 115409
WARNING: Note that this id used to distuinguish between adaptations to different environments.
WARNING: batch_size must be between 0 and nb_trajs_per_env. Setting batch_size to maximum.


Total number of parameters in the model: 399300 


WARNING: No key provided for the context initialization. Initializing at 0.

No training, loading model and results from ./runs/09032024-155347/ folder ...

WARNING: You did not provide a dataloader id. A new one has been generated: 115411
WARNING: Note that this id used to distuinguish between adaptations to different environments.
WARNING: batch_size must be between 0 and nb_trajs_per_env. Setting batch_size to maximum.
WARNING: No key provided, using time as seed
==  Begining in-domain testing ... ==
    Number of training environments: 9
    Final length of the training trajectories: 20
    Length of the testing trajectories: 20
Test Score (In-Domain): 1.116892e-05


############# Inductive Bias Learning for Dynamical Systems #############

Jax version: 0.4.19
Available devices: [cuda(id=0)]
Running this script in ipython (Jupyter) session ? False
=== Parsed arguments to generate data ===
 Split: adapt
 Savepath: ./runs/09032024-155347/adapt/
 Seed: 6078

==  Begining in-domain visualisation ... ==
    Environment id: 3
    Trajectory id: 22
    Visualized dimensions: (0, 1)
    Final length of the training trajectories: 20
    Length of the testing trajectories: 20
Testing finished. Figure saved in: ./runs/09032024-155347/results_in_domain.png
WARNING: batch_size must be between 0 and nb_trajs_per_env. Setting batch_size to maximum.
WARNING: No key provided for the context initialization. Initializing at 0.


=== Beginning adaptation ... ===
    Number of examples in a batch: 1
    Number of train steps per epoch: 1
    Number of training epochs: 10000
    Total number of training steps: 10000
WARNING: No key provided, using time as seed

Compiling function "train_step" for context ...
Shapes of elements in a batch: (1, 1, 20, 2) (20,)
    Epoch:     0     LossContext: 0.04791380
    Epoch:     1     LossContext: 0.02596320
    Epoch:     2     LossContext: 0.00698481
    Epoch:     3     LossContext: 0.00027079
    Epoch:    10     LossContext: 0.00178999
    Epoch:    20     LossContext: 0.00131441
    Epoch:    30     LossContext: 0.00091956
    Epoch:    40     LossContext: 0.00027861
    Epoch:    50     LossContext: 0.00002751
    Epoch:    60     LossContext: 0.00005355
    Epoch:    70     LossContext: 0.00002324
    Epoch:    80     LossContext: 0.00002077
    Epoch:    90     LossContext: 0.00001740
    Epoch:   100     LossContext: 0.00001726
    Epoch:   110     LossContext: 0.00001647
    Epoch:   120     LossContext: 0.00001648
    Epoch:   130     LossContext: 0.00001640
    Epoch:   140     LossContext: 0.00001633
    Epoch:   150     LossContext: 0.00001629
    Epoch:   160     LossContext: 0.00001626
    Epoch:   170     LossContext: 0.00001622
    Epoch:   180     LossContext: 0.00001618
    Epoch:   190     LossContext: 0.00001614
    Epoch:   200     LossContext: 0.00001610
    Epoch:   210     LossContext: 0.00001606
    Epoch:   220     LossContext: 0.00001602
    Epoch:   230     LossContext: 0.00001598
    Epoch:   240     LossContext: 0.00001593
    Epoch:   250     LossContext: 0.00001589
    Epoch:   260     LossContext: 0.00001585
    Epoch:   270     LossContext: 0.00001580
    Epoch:   280     LossContext: 0.00001576
    Epoch:   290     LossContext: 0.00001572
    Epoch:   300     LossContext: 0.00001567
    Epoch:   310     LossContext: 0.00001563
    Epoch:   320     LossContext: 0.00001558
    Epoch:   330     LossContext: 0.00001554
    Epoch:   340     LossContext: 0.00001549
    Epoch:   350     LossContext: 0.00001545
    Epoch:   360     LossContext: 0.00001540
    Epoch:   370     LossContext: 0.00001535
    Epoch:   380     LossContext: 0.00001531
    Epoch:   390     LossContext: 0.00001526
    Epoch:   400     LossContext: 0.00001522
    Epoch:   410     LossContext: 0.00001517
    Epoch:   420     LossContext: 0.00001513
    Epoch:   430     LossContext: 0.00001508
    Epoch:   440     LossContext: 0.00001503
    Epoch:   450     LossContext: 0.00001499
    Epoch:   460     LossContext: 0.00001494
    Epoch:   470     LossContext: 0.00001490
    Epoch:   480     LossContext: 0.00001485
    Epoch:   490     LossContext: 0.00001480
    Epoch:   500     LossContext: 0.00001476
    Epoch:   510     LossContext: 0.00001471
    Epoch:   520     LossContext: 0.00001466
    Epoch:   530     LossContext: 0.00001462
    Epoch:   540     LossContext: 0.00001457
    Epoch:   550     LossContext: 0.00001453
    Epoch:   560     LossContext: 0.00001448
    Epoch:   570     LossContext: 0.00001444
    Epoch:   580     LossContext: 0.00001439
    Epoch:   590     LossContext: 0.00001435
    Epoch:   600     LossContext: 0.00001430
    Epoch:   610     LossContext: 0.00001426
    Epoch:   620     LossContext: 0.00001421
    Epoch:   630     LossContext: 0.00001417
    Epoch:   640     LossContext: 0.00001412
    Epoch:   650     LossContext: 0.00001408
    Epoch:   660     LossContext: 0.00001403
    Epoch:   670     LossContext: 0.00001399
    Epoch:   680     LossContext: 0.00001395
    Epoch:   690     LossContext: 0.00001390
    Epoch:   700     LossContext: 0.00001386
    Epoch:   710     LossContext: 0.00001382
    Epoch:   720     LossContext: 0.00001377
    Epoch:   730     LossContext: 0.00001373
    Epoch:   740     LossContext: 0.00001369
    Epoch:   750     LossContext: 0.00001365
    Epoch:   760     LossContext: 0.00001361
    Epoch:   770     LossContext: 0.00001356
    Epoch:   780     LossContext: 0.00001352
    Epoch:   790     LossContext: 0.00001348
    Epoch:   800     LossContext: 0.00001344
    Epoch:   810     LossContext: 0.00001340
    Epoch:   820     LossContext: 0.00001337
    Epoch:   830     LossContext: 0.00001333
    Epoch:   840     LossContext: 0.00001329
    Epoch:   850     LossContext: 0.00001325
    Epoch:   860     LossContext: 0.00001321
    Epoch:   870     LossContext: 0.00001318
    Epoch:   880     LossContext: 0.00001314
    Epoch:   890     LossContext: 0.00001310
    Epoch:   900     LossContext: 0.00001307
    Epoch:   910     LossContext: 0.00001303
    Epoch:   920     LossContext: 0.00001299
    Epoch:   930     LossContext: 0.00001296
    Epoch:   940     LossContext: 0.00001292
    Epoch:   950     LossContext: 0.00001288
    Epoch:   960     LossContext: 0.00001285
    Epoch:   970     LossContext: 0.00001281
    Epoch:   980     LossContext: 0.00001278
    Epoch:   990     LossContext: 0.00001274
    Epoch:  1000     LossContext: 0.00001270
    Epoch:  1010     LossContext: 0.00001267
    Epoch:  1020     LossContext: 0.00001263
    Epoch:  1030     LossContext: 0.00001260
    Epoch:  1040     LossContext: 0.00001256
    Epoch:  1050     LossContext: 0.00001253
    Epoch:  1060     LossContext: 0.00001250
    Epoch:  1070     LossContext: 0.00001246
    Epoch:  1080     LossContext: 0.00001243
    Epoch:  1090     LossContext: 0.00001239
    Epoch:  1100     LossContext: 0.00001236
    Epoch:  1110     LossContext: 0.00001233
    Epoch:  1120     LossContext: 0.00001230
    Epoch:  1130     LossContext: 0.00001226
    Epoch:  1140     LossContext: 0.00001223
    Epoch:  1150     LossContext: 0.00001220
    Epoch:  1160     LossContext: 0.00001217
    Epoch:  1170     LossContext: 0.00001213
    Epoch:  1180     LossContext: 0.00001210
    Epoch:  1190     LossContext: 0.00001207
    Epoch:  1200     LossContext: 0.00001204
    Epoch:  1210     LossContext: 0.00001201
    Epoch:  1220     LossContext: 0.00001198
    Epoch:  1230     LossContext: 0.00001195
    Epoch:  1240     LossContext: 0.00001193
    Epoch:  1250     LossContext: 0.00001190
    Epoch:  1260     LossContext: 0.00001187
    Epoch:  1270     LossContext: 0.00001184
    Epoch:  1280     LossContext: 0.00001181
    Epoch:  1290     LossContext: 0.00001180
    Epoch:  1300     LossContext: 0.00001178
    Epoch:  1310     LossContext: 0.00001177
    Epoch:  1320     LossContext: 0.00001175
    Epoch:  1330     LossContext: 0.00001174
    Epoch:  1340     LossContext: 0.00001173
    Epoch:  1350     LossContext: 0.00001171
    Epoch:  1360     LossContext: 0.00001170
    Epoch:  1370     LossContext: 0.00001169
    Epoch:  1380     LossContext: 0.00001167
    Epoch:  1390     LossContext: 0.00001166
    Epoch:  1400     LossContext: 0.00001165
    Epoch:  1410     LossContext: 0.00001163
    Epoch:  1420     LossContext: 0.00001162
    Epoch:  1430     LossContext: 0.00001161
    Epoch:  1440     LossContext: 0.00001159
    Epoch:  1450     LossContext: 0.00001158
    Epoch:  1460     LossContext: 0.00001157
    Epoch:  1470     LossContext: 0.00001155
    Epoch:  1480     LossContext: 0.00001154
    Epoch:  1490     LossContext: 0.00001153
    Epoch:  1500     LossContext: 0.00001152
    Epoch:  1510     LossContext: 0.00001150
    Epoch:  1520     LossContext: 0.00001149
    Epoch:  1530     LossContext: 0.00001148
    Epoch:  1540     LossContext: 0.00001146
    Epoch:  1550     LossContext: 0.00001145
    Epoch:  1560     LossContext: 0.00001144
    Epoch:  1570     LossContext: 0.00001142
    Epoch:  1580     LossContext: 0.00001141
    Epoch:  1590     LossContext: 0.00001140
    Epoch:  1600     LossContext: 0.00001138
    Epoch:  1610     LossContext: 0.00001137
    Epoch:  1620     LossContext: 0.00001136
    Epoch:  1630     LossContext: 0.00001134
    Epoch:  1640     LossContext: 0.00001133
    Epoch:  1650     LossContext: 0.00001132
    Epoch:  1660     LossContext: 0.00001131
    Epoch:  1670     LossContext: 0.00001129
    Epoch:  1680     LossContext: 0.00001128
    Epoch:  1690     LossContext: 0.00001127
    Epoch:  1700     LossContext: 0.00001125
    Epoch:  1710     LossContext: 0.00001124
    Epoch:  1720     LossContext: 0.00001123
    Epoch:  1730     LossContext: 0.00001122
    Epoch:  1740     LossContext: 0.00001120
    Epoch:  1750     LossContext: 0.00001119
    Epoch:  1760     LossContext: 0.00001118
    Epoch:  1770     LossContext: 0.00001116
    Epoch:  1780     LossContext: 0.00001115
    Epoch:  1790     LossContext: 0.00001114
    Epoch:  1800     LossContext: 0.00001113
    Epoch:  1810     LossContext: 0.00001111
    Epoch:  1820     LossContext: 0.00001110
    Epoch:  1830     LossContext: 0.00001109
    Epoch:  1840     LossContext: 0.00001108
    Epoch:  1850     LossContext: 0.00001107
    Epoch:  1860     LossContext: 0.00001105
    Epoch:  1870     LossContext: 0.00001104
    Epoch:  1880     LossContext: 0.00001103
    Epoch:  1890     LossContext: 0.00001102
    Epoch:  1900     LossContext: 0.00001101
    Epoch:  1910     LossContext: 0.00001099
    Epoch:  1920     LossContext: 0.00001098
    Epoch:  1930     LossContext: 0.00001097
    Epoch:  1940     LossContext: 0.00001096
    Epoch:  1950     LossContext: 0.00001095
    Epoch:  1960     LossContext: 0.00001094
    Epoch:  1970     LossContext: 0.00001092
    Epoch:  1980     LossContext: 0.00001091
    Epoch:  1990     LossContext: 0.00001090
    Epoch:  2000     LossContext: 0.00001089
    Epoch:  2010     LossContext: 0.00001088
    Epoch:  2020     LossContext: 0.00001087
    Epoch:  2030     LossContext: 0.00001086
    Epoch:  2040     LossContext: 0.00001085
    Epoch:  2050     LossContext: 0.00001084
    Epoch:  2060     LossContext: 0.00001083
    Epoch:  2070     LossContext: 0.00001081
    Epoch:  2080     LossContext: 0.00001080
    Epoch:  2090     LossContext: 0.00001079
    Epoch:  2100     LossContext: 0.00001078
    Epoch:  2110     LossContext: 0.00001077
    Epoch:  2120     LossContext: 0.00001076
    Epoch:  2130     LossContext: 0.00001075
    Epoch:  2140     LossContext: 0.00001074
    Epoch:  2150     LossContext: 0.00001073
    Epoch:  2160     LossContext: 0.00001072
    Epoch:  2170     LossContext: 0.00001071
    Epoch:  2180     LossContext: 0.00001070
    Epoch:  2190     LossContext: 0.00001069
    Epoch:  2200     LossContext: 0.00001068
    Epoch:  2210     LossContext: 0.00001067
    Epoch:  2220     LossContext: 0.00001066
    Epoch:  2230     LossContext: 0.00001065
    Epoch:  2240     LossContext: 0.00001064
    Epoch:  2250     LossContext: 0.00001063
    Epoch:  2260     LossContext: 0.00001062
    Epoch:  2270     LossContext: 0.00001061
    Epoch:  2280     LossContext: 0.00001060
    Epoch:  2290     LossContext: 0.00001059
    Epoch:  2300     LossContext: 0.00001058
    Epoch:  2310     LossContext: 0.00001057
    Epoch:  2320     LossContext: 0.00001056
    Epoch:  2330     LossContext: 0.00001055
    Epoch:  2340     LossContext: 0.00001054
    Epoch:  2350     LossContext: 0.00001053
    Epoch:  2360     LossContext: 0.00001052
    Epoch:  2370     LossContext: 0.00001052
    Epoch:  2380     LossContext: 0.00001051
    Epoch:  2390     LossContext: 0.00001050
    Epoch:  2400     LossContext: 0.00001049
    Epoch:  2410     LossContext: 0.00001048
    Epoch:  2420     LossContext: 0.00001047
    Epoch:  2430     LossContext: 0.00001046
    Epoch:  2440     LossContext: 0.00001045
    Epoch:  2450     LossContext: 0.00001044
    Epoch:  2460     LossContext: 0.00001043
    Epoch:  2470     LossContext: 0.00001042
    Epoch:  2480     LossContext: 0.00001041
    Epoch:  2490     LossContext: 0.00001040
    Epoch:  2500     LossContext: 0.00001039
    Epoch:  2510     LossContext: 0.00001038
    Epoch:  2520     LossContext: 0.00001037
    Epoch:  2530     LossContext: 0.00001036
    Epoch:  2540     LossContext: 0.00001036
    Epoch:  2550     LossContext: 0.00001035
    Epoch:  2560     LossContext: 0.00001034
    Epoch:  2570     LossContext: 0.00001033
    Epoch:  2580     LossContext: 0.00001033
    Epoch:  2590     LossContext: 0.00001032
    Epoch:  2600     LossContext: 0.00001032
    Epoch:  2610     LossContext: 0.00001031
    Epoch:  2620     LossContext: 0.00001031
    Epoch:  2630     LossContext: 0.00001031
    Epoch:  2640     LossContext: 0.00001030
    Epoch:  2650     LossContext: 0.00001030
    Epoch:  2660     LossContext: 0.00001029
    Epoch:  2670     LossContext: 0.00001029
    Epoch:  2680     LossContext: 0.00001028
    Epoch:  2690     LossContext: 0.00001028
    Epoch:  2700     LossContext: 0.00001027
    Epoch:  2710     LossContext: 0.00001027
    Epoch:  2720     LossContext: 0.00001027
    Epoch:  2730     LossContext: 0.00001026
    Epoch:  2740     LossContext: 0.00001026
    Epoch:  2750     LossContext: 0.00001025
    Epoch:  2760     LossContext: 0.00001025
    Epoch:  2770     LossContext: 0.00001024
    Epoch:  2780     LossContext: 0.00001024
    Epoch:  2790     LossContext: 0.00001023
    Epoch:  2800     LossContext: 0.00001023
    Epoch:  2810     LossContext: 0.00001023
    Epoch:  2820     LossContext: 0.00001022
    Epoch:  2830     LossContext: 0.00001022
    Epoch:  2840     LossContext: 0.00001021
    Epoch:  2850     LossContext: 0.00001021
    Epoch:  2860     LossContext: 0.00001020
    Epoch:  2870     LossContext: 0.00001020
    Epoch:  2880     LossContext: 0.00001019
    Epoch:  2890     LossContext: 0.00001019
    Epoch:  2900     LossContext: 0.00001019
    Epoch:  2910     LossContext: 0.00001018
    Epoch:  2920     LossContext: 0.00001018
    Epoch:  2930     LossContext: 0.00001017
    Epoch:  2940     LossContext: 0.00001017
    Epoch:  2950     LossContext: 0.00001016
    Epoch:  2960     LossContext: 0.00001016
    Epoch:  2970     LossContext: 0.00001015
    Epoch:  2980     LossContext: 0.00001015
    Epoch:  2990     LossContext: 0.00001015
    Epoch:  3000     LossContext: 0.00001014
    Epoch:  3010     LossContext: 0.00001014
    Epoch:  3020     LossContext: 0.00001013
    Epoch:  3030     LossContext: 0.00001013
    Epoch:  3040     LossContext: 0.00001012
    Epoch:  3050     LossContext: 0.00001012
    Epoch:  3060     LossContext: 0.00001012
    Epoch:  3070     LossContext: 0.00001011
    Epoch:  3080     LossContext: 0.00001011
    Epoch:  3090     LossContext: 0.00001010
    Epoch:  3100     LossContext: 0.00001010
    Epoch:  3110     LossContext: 0.00001009
    Epoch:  3120     LossContext: 0.00001009
    Epoch:  3130     LossContext: 0.00001009
    Epoch:  3140     LossContext: 0.00001008
    Epoch:  3150     LossContext: 0.00001008
    Epoch:  3160     LossContext: 0.00001007
    Epoch:  3170     LossContext: 0.00001007
    Epoch:  3180     LossContext: 0.00001007
    Epoch:  3190     LossContext: 0.00001006
    Epoch:  3200     LossContext: 0.00001006
    Epoch:  3210     LossContext: 0.00001005
    Epoch:  3220     LossContext: 0.00001005
    Epoch:  3230     LossContext: 0.00001005
    Epoch:  3240     LossContext: 0.00001004
    Epoch:  3250     LossContext: 0.00001004
    Epoch:  3260     LossContext: 0.00001003
    Epoch:  3270     LossContext: 0.00001003
    Epoch:  3280     LossContext: 0.00001003
    Epoch:  3290     LossContext: 0.00001002
    Epoch:  3300     LossContext: 0.00001002
    Epoch:  3310     LossContext: 0.00001001
    Epoch:  3320     LossContext: 0.00001001
    Epoch:  3330     LossContext: 0.00001001
    Epoch:  3340     LossContext: 0.00001000
    Epoch:  3350     LossContext: 0.00001000
    Epoch:  3360     LossContext: 0.00000999
    Epoch:  3370     LossContext: 0.00000999
    Epoch:  3380     LossContext: 0.00000999
    Epoch:  3390     LossContext: 0.00000998
    Epoch:  3400     LossContext: 0.00000998
    Epoch:  3410     LossContext: 0.00000997
    Epoch:  3420     LossContext: 0.00000997
    Epoch:  3430     LossContext: 0.00000997
    Epoch:  3440     LossContext: 0.00000996
    Epoch:  3450     LossContext: 0.00000996
    Epoch:  3460     LossContext: 0.00000995
    Epoch:  3470     LossContext: 0.00000995
    Epoch:  3480     LossContext: 0.00000994
    Epoch:  3490     LossContext: 0.00000994
    Epoch:  3500     LossContext: 0.00000994
    Epoch:  3510     LossContext: 0.00000993
    Epoch:  3520     LossContext: 0.00000993
    Epoch:  3530     LossContext: 0.00000992
    Epoch:  3540     LossContext: 0.00000992
    Epoch:  3550     LossContext: 0.00000992
    Epoch:  3560     LossContext: 0.00000991
    Epoch:  3570     LossContext: 0.00000991
    Epoch:  3580     LossContext: 0.00000990
    Epoch:  3590     LossContext: 0.00000990
    Epoch:  3600     LossContext: 0.00000990
    Epoch:  3610     LossContext: 0.00000989
    Epoch:  3620     LossContext: 0.00000989
    Epoch:  3630     LossContext: 0.00000988
    Epoch:  3640     LossContext: 0.00000988
    Epoch:  3650     LossContext: 0.00000988
    Epoch:  3660     LossContext: 0.00000987
    Epoch:  3670     LossContext: 0.00000987
    Epoch:  3680     LossContext: 0.00000986
    Epoch:  3690     LossContext: 0.00000986
    Epoch:  3700     LossContext: 0.00000986
    Epoch:  3710     LossContext: 0.00000985
    Epoch:  3720     LossContext: 0.00000985
    Epoch:  3730     LossContext: 0.00000984
    Epoch:  3740     LossContext: 0.00000984
    Epoch:  3750     LossContext: 0.00000984
    Epoch:  3760     LossContext: 0.00000983
    Epoch:  3770     LossContext: 0.00000983
    Epoch:  3780     LossContext: 0.00000982
    Epoch:  3790     LossContext: 0.00000982
    Epoch:  3800     LossContext: 0.00000982
    Epoch:  3810     LossContext: 0.00000981
    Epoch:  3820     LossContext: 0.00000981
    Epoch:  3830     LossContext: 0.00000980
    Epoch:  3840     LossContext: 0.00000980
    Epoch:  3850     LossContext: 0.00000980
    Epoch:  3860     LossContext: 0.00000979
    Epoch:  3870     LossContext: 0.00000979
    Epoch:  3880     LossContext: 0.00000978
    Epoch:  3890     LossContext: 0.00000978
    Epoch:  3900     LossContext: 0.00000978
    Epoch:  3910     LossContext: 0.00000977
    Epoch:  3920     LossContext: 0.00000977
    Epoch:  3930     LossContext: 0.00000976
    Epoch:  3940     LossContext: 0.00000976
    Epoch:  3950     LossContext: 0.00000976
    Epoch:  3960     LossContext: 0.00000975
    Epoch:  3970     LossContext: 0.00000975
    Epoch:  3980     LossContext: 0.00000974
    Epoch:  3990     LossContext: 0.00000974
    Epoch:  4000     LossContext: 0.00000974
    Epoch:  4010     LossContext: 0.00000973
    Epoch:  4020     LossContext: 0.00000973
    Epoch:  4030     LossContext: 0.00000972
    Epoch:  4040     LossContext: 0.00000972
    Epoch:  4050     LossContext: 0.00000971
    Epoch:  4060     LossContext: 0.00000971
    Epoch:  4070     LossContext: 0.00000971
    Epoch:  4080     LossContext: 0.00000970
    Epoch:  4090     LossContext: 0.00000970
    Epoch:  4100     LossContext: 0.00000969
    Epoch:  4110     LossContext: 0.00000969
    Epoch:  4120     LossContext: 0.00000969
    Epoch:  4130     LossContext: 0.00000968
    Epoch:  4140     LossContext: 0.00000968
    Epoch:  4150     LossContext: 0.00000967
    Epoch:  4160     LossContext: 0.00000967
    Epoch:  4170     LossContext: 0.00000967
    Epoch:  4180     LossContext: 0.00000966
    Epoch:  4190     LossContext: 0.00000966
    Epoch:  4200     LossContext: 0.00000965
    Epoch:  4210     LossContext: 0.00000965
    Epoch:  4220     LossContext: 0.00000965
    Epoch:  4230     LossContext: 0.00000964
    Epoch:  4240     LossContext: 0.00000964
    Epoch:  4250     LossContext: 0.00000964
    Epoch:  4260     LossContext: 0.00000963
    Epoch:  4270     LossContext: 0.00000963
    Epoch:  4280     LossContext: 0.00000962
    Epoch:  4290     LossContext: 0.00000962
    Epoch:  4300     LossContext: 0.00000962
    Epoch:  4310     LossContext: 0.00000961
    Epoch:  4320     LossContext: 0.00000961
    Epoch:  4330     LossContext: 0.00000960
    Epoch:  4340     LossContext: 0.00000960
    Epoch:  4350     LossContext: 0.00000960
    Epoch:  4360     LossContext: 0.00000959
    Epoch:  4370     LossContext: 0.00000959
    Epoch:  4380     LossContext: 0.00000958
    Epoch:  4390     LossContext: 0.00000958
    Epoch:  4400     LossContext: 0.00000958
    Epoch:  4410     LossContext: 0.00000957
    Epoch:  4420     LossContext: 0.00000957
    Epoch:  4430     LossContext: 0.00000956
    Epoch:  4440     LossContext: 0.00000956
    Epoch:  4450     LossContext: 0.00000956
    Epoch:  4460     LossContext: 0.00000955
    Epoch:  4470     LossContext: 0.00000955
    Epoch:  4480     LossContext: 0.00000955
    Epoch:  4490     LossContext: 0.00000954
    Epoch:  4500     LossContext: 0.00000954
    Epoch:  4510     LossContext: 0.00000953
    Epoch:  4520     LossContext: 0.00000953
    Epoch:  4530     LossContext: 0.00000953
    Epoch:  4540     LossContext: 0.00000952
    Epoch:  4550     LossContext: 0.00000952
    Epoch:  4560     LossContext: 0.00000951
    Epoch:  4570     LossContext: 0.00000951
    Epoch:  4580     LossContext: 0.00000951
    Epoch:  4590     LossContext: 0.00000950
    Epoch:  4600     LossContext: 0.00000950
    Epoch:  4610     LossContext: 0.00000949
    Epoch:  4620     LossContext: 0.00000949
    Epoch:  4630     LossContext: 0.00000949
    Epoch:  4640     LossContext: 0.00000948
    Epoch:  4650     LossContext: 0.00000948
    Epoch:  4660     LossContext: 0.00000948
    Epoch:  4670     LossContext: 0.00000947
    Epoch:  4680     LossContext: 0.00000947
    Epoch:  4690     LossContext: 0.00000946
    Epoch:  4700     LossContext: 0.00000946
    Epoch:  4710     LossContext: 0.00000946
    Epoch:  4720     LossContext: 0.00000945
    Epoch:  4730     LossContext: 0.00000945
    Epoch:  4740     LossContext: 0.00000945
    Epoch:  4750     LossContext: 0.00000944
    Epoch:  4760     LossContext: 0.00000944
    Epoch:  4770     LossContext: 0.00000943
    Epoch:  4780     LossContext: 0.00000943
    Epoch:  4790     LossContext: 0.00000943
    Epoch:  4800     LossContext: 0.00000942
    Epoch:  4810     LossContext: 0.00000942
    Epoch:  4820     LossContext: 0.00000942
    Epoch:  4830     LossContext: 0.00000941
    Epoch:  4840     LossContext: 0.00000941
    Epoch:  4850     LossContext: 0.00000941
    Epoch:  4860     LossContext: 0.00000940
    Epoch:  4870     LossContext: 0.00000940
    Epoch:  4880     LossContext: 0.00000939
    Epoch:  4890     LossContext: 0.00000939
    Epoch:  4900     LossContext: 0.00000939
    Epoch:  4910     LossContext: 0.00000938
    Epoch:  4920     LossContext: 0.00000938
    Epoch:  4930     LossContext: 0.00000938
    Epoch:  4940     LossContext: 0.00000937
    Epoch:  4950     LossContext: 0.00000937
    Epoch:  4960     LossContext: 0.00000937
    Epoch:  4970     LossContext: 0.00000936
    Epoch:  4980     LossContext: 0.00000936
    Epoch:  4990     LossContext: 0.00000935
    Epoch:  5000     LossContext: 0.00000935
    Epoch:  5010     LossContext: 0.00000935
    Epoch:  5020     LossContext: 0.00000934
    Epoch:  5030     LossContext: 0.00000934
    Epoch:  5040     LossContext: 0.00000934
    Epoch:  5050     LossContext: 0.00000933
    Epoch:  5060     LossContext: 0.00000933
    Epoch:  5070     LossContext: 0.00000933
    Epoch:  5080     LossContext: 0.00000932
    Epoch:  5090     LossContext: 0.00000932
    Epoch:  5100     LossContext: 0.00000932
    Epoch:  5110     LossContext: 0.00000931
    Epoch:  5120     LossContext: 0.00000931
    Epoch:  5130     LossContext: 0.00000931
    Epoch:  5140     LossContext: 0.00000931
    Epoch:  5150     LossContext: 0.00000930
    Epoch:  5160     LossContext: 0.00000930
    Epoch:  5170     LossContext: 0.00000930
    Epoch:  5180     LossContext: 0.00000929
    Epoch:  5190     LossContext: 0.00000930
    Epoch:  5200     LossContext: 0.00000929
    Epoch:  5210     LossContext: 0.00000932
    Epoch:  5220     LossContext: 0.00000928
    Epoch:  5230     LossContext: 0.00000929
    Epoch:  5240     LossContext: 0.00000950
    Epoch:  5250     LossContext: 0.00000929
    Epoch:  5260     LossContext: 0.00000955
    Epoch:  5270     LossContext: 0.00000927
    Epoch:  5280     LossContext: 0.00000965
    Epoch:  5290     LossContext: 0.00000926
    Epoch:  5300     LossContext: 0.00000962
    Epoch:  5310     LossContext: 0.00000925
    Epoch:  5320     LossContext: 0.00000962
    Epoch:  5330     LossContext: 0.00000924
    Epoch:  5340     LossContext: 0.00000959
    Epoch:  5350     LossContext: 0.00000924
    Epoch:  5360     LossContext: 0.00000958
    Epoch:  5370     LossContext: 0.00000924
    Epoch:  5380     LossContext: 0.00000957
    Epoch:  5390     LossContext: 0.00000923
    Epoch:  5400     LossContext: 0.00000949
    Epoch:  5410     LossContext: 0.00000931
    Epoch:  5420     LossContext: 0.00000954
    Epoch:  5430     LossContext: 0.00000922
    Epoch:  5440     LossContext: 0.00000950
    Epoch:  5450     LossContext: 0.00000926
    Epoch:  5460     LossContext: 0.00000946
    Epoch:  5470     LossContext: 0.00000930
    Epoch:  5480     LossContext: 0.00000937
    Epoch:  5490     LossContext: 0.00000942
    Epoch:  5500     LossContext: 0.00000932
    Epoch:  5510     LossContext: 0.00000948
    Epoch:  5520     LossContext: 0.00000929
    Epoch:  5530     LossContext: 0.00000949
    Epoch:  5540     LossContext: 0.00000924
    Epoch:  5550     LossContext: 0.00000960
    Epoch:  5560     LossContext: 0.00000921
    Epoch:  5570     LossContext: 0.00000957
    Epoch:  5580     LossContext: 0.00000918
    Epoch:  5590     LossContext: 0.00000961
    Epoch:  5600     LossContext: 0.00000915
    Epoch:  5610     LossContext: 0.00000956
    Epoch:  5620     LossContext: 0.00000915
    Epoch:  5630     LossContext: 0.00000952
    Epoch:  5640     LossContext: 0.00000918
    Epoch:  5650     LossContext: 0.00000948
    Epoch:  5660     LossContext: 0.00000918
    Epoch:  5670     LossContext: 0.00000940
    Epoch:  5680     LossContext: 0.00000934
    Epoch:  5690     LossContext: 0.00000935
    Epoch:  5700     LossContext: 0.00000930
    Epoch:  5710     LossContext: 0.00000924
    Epoch:  5720     LossContext: 0.00000962
    Epoch:  5730     LossContext: 0.00000921
    Epoch:  5740     LossContext: 0.00000940
    Epoch:  5750     LossContext: 0.00000912
    Epoch:  5760     LossContext: 0.00000978
    Epoch:  5770     LossContext: 0.00000910
    Epoch:  5780     LossContext: 0.00000946
    Epoch:  5790     LossContext: 0.00000913
    Epoch:  5800     LossContext: 0.00000967
    Epoch:  5810     LossContext: 0.00000910
    Epoch:  5820     LossContext: 0.00000948
    Epoch:  5830     LossContext: 0.00000908
    Epoch:  5840     LossContext: 0.00000963
    Epoch:  5850     LossContext: 0.00000911
    Epoch:  5860     LossContext: 0.00000949
    Epoch:  5870     LossContext: 0.00000907
    Epoch:  5880     LossContext: 0.00000954
    Epoch:  5890     LossContext: 0.00000917
    Epoch:  5900     LossContext: 0.00000942
    Epoch:  5910     LossContext: 0.00000910
    Epoch:  5920     LossContext: 0.00000929
    Epoch:  5930     LossContext: 0.00000967
    Epoch:  5940     LossContext: 0.00000937
    Epoch:  5950     LossContext: 0.00000912
    Epoch:  5960     LossContext: 0.00000936
    Epoch:  5970     LossContext: 0.00000935
    Epoch:  5980     LossContext: 0.00000924
    Epoch:  5990     LossContext: 0.00000941
    Epoch:  6000     LossContext: 0.00000906
    Epoch:  6010     LossContext: 0.00000977
    Epoch:  6020     LossContext: 0.00000906
    Epoch:  6030     LossContext: 0.00000958
    Epoch:  6040     LossContext: 0.00000903
    Epoch:  6050     LossContext: 0.00000950
    Epoch:  6060     LossContext: 0.00000923
    Epoch:  6070     LossContext: 0.00000933
    Epoch:  6080     LossContext: 0.00000942
    Epoch:  6090     LossContext: 0.00000909
    Epoch:  6100     LossContext: 0.00000987
    Epoch:  6110     LossContext: 0.00000901
    Epoch:  6120     LossContext: 0.00000966
    Epoch:  6130     LossContext: 0.00000900
    Epoch:  6140     LossContext: 0.00000953
    Epoch:  6150     LossContext: 0.00000932
    Epoch:  6160     LossContext: 0.00000945
    Epoch:  6170     LossContext: 0.00000921
    Epoch:  6180     LossContext: 0.00000920
    Epoch:  6190     LossContext: 0.00000967
    Epoch:  6200     LossContext: 0.00000900
    Epoch:  6210     LossContext: 0.00000975
    Epoch:  6220     LossContext: 0.00000903
    Epoch:  6230     LossContext: 0.00000949
    Epoch:  6240     LossContext: 0.00000922
    Epoch:  6250     LossContext: 0.00000906
    Epoch:  6260     LossContext: 0.00001003
    Epoch:  6270     LossContext: 0.00000897
    Epoch:  6280     LossContext: 0.00000959
    Epoch:  6290     LossContext: 0.00000897
    Epoch:  6300     LossContext: 0.00000971
    Epoch:  6310     LossContext: 0.00000908
    Epoch:  6320     LossContext: 0.00000957
    Epoch:  6330     LossContext: 0.00000898
    Epoch:  6340     LossContext: 0.00000933
    Epoch:  6350     LossContext: 0.00000958
    Epoch:  6360     LossContext: 0.00000938
    Epoch:  6370     LossContext: 0.00000917
    Epoch:  6380     LossContext: 0.00000920
    Epoch:  6390     LossContext: 0.00000956
    Epoch:  6400     LossContext: 0.00000905
    Epoch:  6410     LossContext: 0.00000971
    Epoch:  6420     LossContext: 0.00000895
    Epoch:  6430     LossContext: 0.00000949
    Epoch:  6440     LossContext: 0.00000907
    Epoch:  6450     LossContext: 0.00000919
    Epoch:  6460     LossContext: 0.00001003
    Epoch:  6470     LossContext: 0.00000916
    Epoch:  6480     LossContext: 0.00000928
    Epoch:  6490     LossContext: 0.00000906
    Epoch:  6500     LossContext: 0.00000961
    Epoch:  6510     LossContext: 0.00000892
    Epoch:  6520     LossContext: 0.00000960
    Epoch:  6530     LossContext: 0.00000935
    Epoch:  6540     LossContext: 0.00000938
    Epoch:  6550     LossContext: 0.00000920
    Epoch:  6560     LossContext: 0.00000898
    Epoch:  6570     LossContext: 0.00000969
    Epoch:  6580     LossContext: 0.00000920
    Epoch:  6590     LossContext: 0.00000947
    Epoch:  6600     LossContext: 0.00000906
    Epoch:  6610     LossContext: 0.00000910
    Epoch:  6620     LossContext: 0.00000921
    Epoch:  6630     LossContext: 0.00000928
    Epoch:  6640     LossContext: 0.00000912
    Epoch:  6650     LossContext: 0.00000918
    Epoch:  6660     LossContext: 0.00000916
    Epoch:  6670     LossContext: 0.00001008
    Epoch:  6680     LossContext: 0.00000890
    Epoch:  6690     LossContext: 0.00000920
    Epoch:  6700     LossContext: 0.00000899
    Epoch:  6710     LossContext: 0.00000897
    Epoch:  6720     LossContext: 0.00000942
    Epoch:  6730     LossContext: 0.00000972
    Epoch:  6740     LossContext: 0.00000928
    Epoch:  6750     LossContext: 0.00000911
    Epoch:  6760     LossContext: 0.00000897
    Epoch:  6770     LossContext: 0.00000994
    Epoch:  6780     LossContext: 0.00000897
    Epoch:  6790     LossContext: 0.00000936
    Epoch:  6800     LossContext: 0.00000890
    Epoch:  6810     LossContext: 0.00000971
    Epoch:  6820     LossContext: 0.00000885
    Epoch:  6830     LossContext: 0.00000948
    Epoch:  6840     LossContext: 0.00000889
    Epoch:  6850     LossContext: 0.00000925
    Epoch:  6860     LossContext: 0.00000947
    Epoch:  6870     LossContext: 0.00000894
    Epoch:  6880     LossContext: 0.00000952
    Epoch:  6890     LossContext: 0.00000896
    Epoch:  6900     LossContext: 0.00000931
    Epoch:  6910     LossContext: 0.00000937
    Epoch:  6920     LossContext: 0.00000904
    Epoch:  6930     LossContext: 0.00000967
    Epoch:  6940     LossContext: 0.00000892
    Epoch:  6950     LossContext: 0.00000890
    Epoch:  6960     LossContext: 0.00000916
    Epoch:  6970     LossContext: 0.00000928
    Epoch:  6980     LossContext: 0.00000899
    Epoch:  6990     LossContext: 0.00000900
    Epoch:  7000     LossContext: 0.00000911
    Epoch:  7010     LossContext: 0.00001137
    Epoch:  7020     LossContext: 0.00000958
    Epoch:  7030     LossContext: 0.00000896
    Epoch:  7040     LossContext: 0.00000906
    Epoch:  7050     LossContext: 0.00000891
    Epoch:  7060     LossContext: 0.00000891
    Epoch:  7070     LossContext: 0.00000929
    Epoch:  7080     LossContext: 0.00000891
    Epoch:  7090     LossContext: 0.00000900
    Epoch:  7100     LossContext: 0.00000979
    Epoch:  7110     LossContext: 0.00000914
    Epoch:  7120     LossContext: 0.00000941
    Epoch:  7130     LossContext: 0.00000891
    Epoch:  7140     LossContext: 0.00000890
    Epoch:  7150     LossContext: 0.00001009
    Epoch:  7160     LossContext: 0.00000894
    Epoch:  7170     LossContext: 0.00000916
    Epoch:  7180     LossContext: 0.00000888
    Epoch:  7190     LossContext: 0.00000965
    Epoch:  7200     LossContext: 0.00000880
    Epoch:  7210     LossContext: 0.00000936
    Epoch:  7220     LossContext: 0.00000884
    Epoch:  7230     LossContext: 0.00000933
    Epoch:  7240     LossContext: 0.00000907
    Epoch:  7250     LossContext: 0.00000919
    Epoch:  7260     LossContext: 0.00000916
    Epoch:  7270     LossContext: 0.00000899
    Epoch:  7280     LossContext: 0.00000930
    Epoch:  7290     LossContext: 0.00000892
    Epoch:  7300     LossContext: 0.00000920
    Epoch:  7310     LossContext: 0.00000933
    Epoch:  7320     LossContext: 0.00000882
    Epoch:  7330     LossContext: 0.00000883
    Epoch:  7340     LossContext: 0.00000910
    Epoch:  7350     LossContext: 0.00001137
    Epoch:  7360     LossContext: 0.00000943
    Epoch:  7370     LossContext: 0.00000889
    Epoch:  7380     LossContext: 0.00000897
    Epoch:  7390     LossContext: 0.00000881
    Epoch:  7400     LossContext: 0.00000904
    Epoch:  7410     LossContext: 0.00000925
    Epoch:  7420     LossContext: 0.00000896
    Epoch:  7430     LossContext: 0.00000955
    Epoch:  7440     LossContext: 0.00000883
    Epoch:  7450     LossContext: 0.00000920
    Epoch:  7460     LossContext: 0.00000880
    Epoch:  7470     LossContext: 0.00000879
    Epoch:  7480     LossContext: 0.00000906
    Epoch:  7490     LossContext: 0.00001055
    Epoch:  7500     LossContext: 0.00000907
    Epoch:  7510     LossContext: 0.00000908
    Epoch:  7520     LossContext: 0.00000897
    Epoch:  7530     LossContext: 0.00000926
    Epoch:  7540     LossContext: 0.00000879
    Epoch:  7550     LossContext: 0.00000883
    Epoch:  7560     LossContext: 0.00001032
    Epoch:  7570     LossContext: 0.00000882
    Epoch:  7580     LossContext: 0.00000889
    Epoch:  7590     LossContext: 0.00000902
    Epoch:  7600     LossContext: 0.00000895
    Epoch:  7610     LossContext: 0.00000887
    Epoch:  7620     LossContext: 0.00000911
    Epoch:  7630     LossContext: 0.00000895
    Epoch:  7640     LossContext: 0.00000873
    Epoch:  7650     LossContext: 0.00000903
    Epoch:  7660     LossContext: 0.00000983
    Epoch:  7670     LossContext: 0.00000901
    Epoch:  7680     LossContext: 0.00000935
    Epoch:  7690     LossContext: 0.00000893
    Epoch:  7700     LossContext: 0.00000883
    Epoch:  7710     LossContext: 0.00000974
    Epoch:  7720     LossContext: 0.00000874
    Epoch:  7730     LossContext: 0.00000920
    Epoch:  7740     LossContext: 0.00000873
    Epoch:  7750     LossContext: 0.00000878
    Epoch:  7760     LossContext: 0.00000984
    Epoch:  7770     LossContext: 0.00000880
    Epoch:  7780     LossContext: 0.00000916
    Epoch:  7790     LossContext: 0.00000883
    Epoch:  7800     LossContext: 0.00000927
    Epoch:  7810     LossContext: 0.00000870
    Epoch:  7820     LossContext: 0.00000929
    Epoch:  7830     LossContext: 0.00000879
    Epoch:  7840     LossContext: 0.00000922
    Epoch:  7850     LossContext: 0.00000925
    Epoch:  7860     LossContext: 0.00000904
    Epoch:  7870     LossContext: 0.00000911
    Epoch:  7880     LossContext: 0.00000875
    Epoch:  7890     LossContext: 0.00000943
    Epoch:  7900     LossContext: 0.00000878
    Epoch:  7910     LossContext: 0.00000929
    Epoch:  7920     LossContext: 0.00000893
    Epoch:  7930     LossContext: 0.00000898
    Epoch:  7940     LossContext: 0.00000929
    Epoch:  7950     LossContext: 0.00000868
    Epoch:  7960     LossContext: 0.00000944
    Epoch:  7970     LossContext: 0.00000881
    Epoch:  7980     LossContext: 0.00000921
    Epoch:  7990     LossContext: 0.00000896
    Epoch:  8000     LossContext: 0.00000872
    Epoch:  8010     LossContext: 0.00001010
    Epoch:  8020     LossContext: 0.00000876
    Epoch:  8030     LossContext: 0.00000892
    Epoch:  8040     LossContext: 0.00000891
    Epoch:  8050     LossContext: 0.00000902
    Epoch:  8060     LossContext: 0.00000867
    Epoch:  8070     LossContext: 0.00000934
    Epoch:  8080     LossContext: 0.00000929
    Epoch:  8090     LossContext: 0.00000932
    Epoch:  8100     LossContext: 0.00000882
    Epoch:  8110     LossContext: 0.00000873
    Epoch:  8120     LossContext: 0.00000915
    Epoch:  8130     LossContext: 0.00000905
    Epoch:  8140     LossContext: 0.00000883
    Epoch:  8150     LossContext: 0.00000883
    Epoch:  8160     LossContext: 0.00000998
    Epoch:  8170     LossContext: 0.00000866
    Epoch:  8180     LossContext: 0.00000902
    Epoch:  8190     LossContext: 0.00000873
    Epoch:  8200     LossContext: 0.00000939
    Epoch:  8210     LossContext: 0.00000867
    Epoch:  8220     LossContext: 0.00000925
    Epoch:  8230     LossContext: 0.00000868
    Epoch:  8240     LossContext: 0.00000928
    Epoch:  8250     LossContext: 0.00000896
    Epoch:  8260     LossContext: 0.00000918
    Epoch:  8270     LossContext: 0.00000873
    Epoch:  8280     LossContext: 0.00000900
    Epoch:  8290     LossContext: 0.00000900
    Epoch:  8300     LossContext: 0.00000877
    Epoch:  8310     LossContext: 0.00000973
    Epoch:  8320     LossContext: 0.00000868
    Epoch:  8330     LossContext: 0.00000906
    Epoch:  8340     LossContext: 0.00000880
    Epoch:  8350     LossContext: 0.00000892
    Epoch:  8360     LossContext: 0.00000902
    Epoch:  8370     LossContext: 0.00000880
    Epoch:  8380     LossContext: 0.00000901
    Epoch:  8390     LossContext: 0.00000998
    Epoch:  8400     LossContext: 0.00000907
    Epoch:  8410     LossContext: 0.00000862
    Epoch:  8420     LossContext: 0.00000910
    Epoch:  8430     LossContext: 0.00000868
    Epoch:  8440     LossContext: 0.00000904
    Epoch:  8450     LossContext: 0.00000922
    Epoch:  8460     LossContext: 0.00000896
    Epoch:  8470     LossContext: 0.00000897
    Epoch:  8480     LossContext: 0.00000880
    Epoch:  8490     LossContext: 0.00000927
    Epoch:  8500     LossContext: 0.00000862
    Epoch:  8510     LossContext: 0.00000942
    Epoch:  8520     LossContext: 0.00000871
    Epoch:  8530     LossContext: 0.00000903
    Epoch:  8540     LossContext: 0.00000906
    Epoch:  8550     LossContext: 0.00000861
    Epoch:  8560     LossContext: 0.00000892
    Epoch:  8570     LossContext: 0.00000892
    Epoch:  8580     LossContext: 0.00001036
    Epoch:  8590     LossContext: 0.00000895
    Epoch:  8600     LossContext: 0.00000872
    Epoch:  8610     LossContext: 0.00000888
    Epoch:  8620     LossContext: 0.00000880
    Epoch:  8630     LossContext: 0.00000861
    Epoch:  8640     LossContext: 0.00000914
    Epoch:  8650     LossContext: 0.00000945
    Epoch:  8660     LossContext: 0.00000903
    Epoch:  8670     LossContext: 0.00000885
    Epoch:  8680     LossContext: 0.00000876
    Epoch:  8690     LossContext: 0.00000960
    Epoch:  8700     LossContext: 0.00000862
    Epoch:  8710     LossContext: 0.00000908
    Epoch:  8720     LossContext: 0.00000859
    Epoch:  8730     LossContext: 0.00000905
    Epoch:  8740     LossContext: 0.00000938
    Epoch:  8750     LossContext: 0.00000887
    Epoch:  8760     LossContext: 0.00000902
    Epoch:  8770     LossContext: 0.00000877
    Epoch:  8780     LossContext: 0.00000880
    Epoch:  8790     LossContext: 0.00000942
    Epoch:  8800     LossContext: 0.00000874
    Epoch:  8810     LossContext: 0.00000891
    Epoch:  8820     LossContext: 0.00000894
    Epoch:  8830     LossContext: 0.00000863
    Epoch:  8840     LossContext: 0.00000860
    Epoch:  8850     LossContext: 0.00000965
    Epoch:  8860     LossContext: 0.00000895
    Epoch:  8870     LossContext: 0.00000882
    Epoch:  8880     LossContext: 0.00000896
    Epoch:  8890     LossContext: 0.00000863
    Epoch:  8900     LossContext: 0.00000884
    Epoch:  8910     LossContext: 0.00000856
    Epoch:  8920     LossContext: 0.00000888
    Epoch:  8930     LossContext: 0.00000925
    Epoch:  8940     LossContext: 0.00000860
    Epoch:  8950     LossContext: 0.00000894
    Epoch:  8960     LossContext: 0.00000904
    Epoch:  8970     LossContext: 0.00000861
    Epoch:  8980     LossContext: 0.00000896
    Epoch:  8990     LossContext: 0.00000971
    Epoch:  9000     LossContext: 0.00000871
    Epoch:  9010     LossContext: 0.00000920
    Epoch:  9020     LossContext: 0.00000875
    Epoch:  9030     LossContext: 0.00000867
    Epoch:  9040     LossContext: 0.00000955
    Epoch:  9050     LossContext: 0.00000867
    Epoch:  9060     LossContext: 0.00000911
    Epoch:  9070     LossContext: 0.00000859
    Epoch:  9080     LossContext: 0.00000918
    Epoch:  9090     LossContext: 0.00000855
    Epoch:  9100     LossContext: 0.00000929
    Epoch:  9110     LossContext: 0.00000864
    Epoch:  9120     LossContext: 0.00000906
    Epoch:  9130     LossContext: 0.00000873
    Epoch:  9140     LossContext: 0.00000879
    Epoch:  9150     LossContext: 0.00000956
    Epoch:  9160     LossContext: 0.00000876
    Epoch:  9170     LossContext: 0.00000886
    Epoch:  9180     LossContext: 0.00000871
    Epoch:  9190     LossContext: 0.00000944
    Epoch:  9200     LossContext: 0.00000870
    Epoch:  9210     LossContext: 0.00000880
    Epoch:  9220     LossContext: 0.00000894
    Epoch:  9230     LossContext: 0.00000856
    Epoch:  9240     LossContext: 0.00000891
    Epoch:  9250     LossContext: 0.00000906
    Epoch:  9260     LossContext: 0.00001024
    Epoch:  9270     LossContext: 0.00000912
    Epoch:  9280     LossContext: 0.00000868
    Epoch:  9290     LossContext: 0.00000894
    Epoch:  9300     LossContext: 0.00000873
    Epoch:  9310     LossContext: 0.00000863
    Epoch:  9320     LossContext: 0.00000925
    Epoch:  9330     LossContext: 0.00000859
    Epoch:  9340     LossContext: 0.00000890
    Epoch:  9350     LossContext: 0.00000906
    Epoch:  9360     LossContext: 0.00000870
    Epoch:  9370     LossContext: 0.00000901
    Epoch:  9380     LossContext: 0.00000937
    Epoch:  9390     LossContext: 0.00000883
    Epoch:  9400     LossContext: 0.00000872
    Epoch:  9410     LossContext: 0.00000862
    Epoch:  9420     LossContext: 0.00000974
    Epoch:  9430     LossContext: 0.00000863
    Epoch:  9440     LossContext: 0.00000885
    Epoch:  9450     LossContext: 0.00000865
    Epoch:  9460     LossContext: 0.00000937
    Epoch:  9470     LossContext: 0.00000858
    Epoch:  9480     LossContext: 0.00000903
    Epoch:  9490     LossContext: 0.00000855
    Epoch:  9500     LossContext: 0.00000896
    Epoch:  9510     LossContext: 0.00000919
    Epoch:  9520     LossContext: 0.00000872
    Epoch:  9530     LossContext: 0.00000918
    Epoch:  9540     LossContext: 0.00000859
    Epoch:  9550     LossContext: 0.00000858
    Epoch:  9560     LossContext: 0.00000896
    Epoch:  9570     LossContext: 0.00000947
    Epoch:  9580     LossContext: 0.00000865
    Epoch:  9590     LossContext: 0.00000919
    Epoch:  9600     LossContext: 0.00000894
    Epoch:  9610     LossContext: 0.00000869
    Epoch:  9620     LossContext: 0.00000918
    Epoch:  9630     LossContext: 0.00000885
    Epoch:  9640     LossContext: 0.00000871
    Epoch:  9650     LossContext: 0.00000947
    Epoch:  9660     LossContext: 0.00000853
    Epoch:  9670     LossContext: 0.00000907
    Epoch:  9680     LossContext: 0.00000855
    Epoch:  9690     LossContext: 0.00000856
    Epoch:  9700     LossContext: 0.00000915
    Epoch:  9710     LossContext: 0.00000936
    Epoch:  9720     LossContext: 0.00000881
    Epoch:  9730     LossContext: 0.00000873
    Epoch:  9740     LossContext: 0.00000861
    Epoch:  9750     LossContext: 0.00000868
    Epoch:  9760     LossContext: 0.00001056
    Epoch:  9770     LossContext: 0.00000897
    Epoch:  9780     LossContext: 0.00000856
    Epoch:  9790     LossContext: 0.00000890
    Epoch:  9800     LossContext: 0.00000852
    Epoch:  9810     LossContext: 0.00000863
    Epoch:  9820     LossContext: 0.00000904
    Epoch:  9830     LossContext: 0.00000879
    Epoch:  9840     LossContext: 0.00000867
    Epoch:  9850     LossContext: 0.00000851
    Epoch:  9860     LossContext: 0.00000998
    Epoch:  9870     LossContext: 0.00000854
    Epoch:  9880     LossContext: 0.00000868
    Epoch:  9890     LossContext: 0.00000881
    Epoch:  9900     LossContext: 0.00000861
    Epoch:  9910     LossContext: 0.00000864
    Epoch:  9920     LossContext: 0.00000850
    Epoch:  9930     LossContext: 0.00000858
    Epoch:  9940     LossContext: 0.00000940
    Epoch:  9950     LossContext: 0.00000869
    Epoch:  9960     LossContext: 0.00000904
    Epoch:  9970     LossContext: 0.00000853
    Epoch:  9980     LossContext: 0.00000909
    Epoch:  9990     LossContext: 0.00000848
    Epoch:  9999     LossContext: 0.00000914

Total gradient descent adaptation time: 0 hours 19 mins 26 secs
Environment weights at the end of the adaptation: [1.]

Saving adaptation parameters into ./runs/09032024-155347/adapt/ folder with id 170846 ...

==  Begining out-of-distribution testing ... ==
    Number of training environments: 9
    Number of adaptation environments: 1
    Final length of the training trajectories: 20
    Length of the testing trajectories: 20
Test Score (OOD): 1.668663e-06

==  Begining out-of-distribution visualisation ... ==
    Environment id: 0
    Trajectory id: 0
    Visualized dimensions: (0, 1)
    Final length of the training trajectories: 20
    Length of the testing trajectories: 20
Testing finished. Figure saved in: ./runs/09032024-155347/adapt/results_ood.png

Full evaluation of the model on 10 random seeds


############# Inductive Bias Learning for Dynamical Systems #############

Jax version: 0.4.19
Available devices: [cuda(id=0)]

############# Inductive Bias Learning for Dynamical Systems #############

Jax version: 0.4.19
Available devices: [cuda(id=0)]

############# Inductive Bias Learning for Dynamical Systems #############

Jax version: 0.4.19
Available devices: [cuda(id=0)]

############# Inductive Bias Learning for Dynamical Systems #############

Jax version: 0.4.19
Available devices: [cuda(id=0)]

############# Inductive Bias Learning for Dynamical Systems #############

Jax version: 0.4.19
Available devices: [cuda(id=0)]

############# Inductive Bias Learning for Dynamical Systems #############

Jax version: 0.4.19
Available devices: [cuda(id=0)]

############# Inductive Bias Learning for Dynamical Systems #############

Jax version: 0.4.19
Available devices: [cuda(id=0)]

############# Inductive Bias Learning for Dynamical Systems #############

Jax version: 0.4.19
Available devices: [cuda(id=0)]

############# Inductive Bias Learning for Dynamical Systems #############

Jax version: 0.4.19
Available devices: [cuda(id=0)]

############# Inductive Bias Learning for Dynamical Systems #############

Jax version: 0.4.19
Available devices: [cuda(id=0)]

############# Inductive Bias Learning for Dynamical Systems #############

Jax version: 0.4.19
Available devices: [cuda(id=0)]

############# Inductive Bias Learning for Dynamical Systems #############

Jax version: 0.4.19
Available devices: [cuda(id=0)]

############# Inductive Bias Learning for Dynamical Systems #############

Jax version: 0.4.19
Available devices: [cuda(id=0)]

############# Inductive Bias Learning for Dynamical Systems #############

Jax version: 0.4.19
Available devices: [cuda(id=0)]

############# Inductive Bias Learning for Dynamical Systems #############

Jax version: 0.4.19
Available devices: [cuda(id=0)]

############# Inductive Bias Learning for Dynamical Systems #############

Jax version: 0.4.19
Available devices: [cuda(id=0)]

############# Inductive Bias Learning for Dynamical Systems #############

Jax version: 0.4.19
Available devices: [cuda(id=0)]

############# Inductive Bias Learning for Dynamical Systems #############

Jax version: 0.4.19
Available devices: [cuda(id=0)]

############# Inductive Bias Learning for Dynamical Systems #############

Jax version: 0.4.19
Available devices: [cuda(id=0)]

############# Inductive Bias Learning for Dynamical Systems #############

Jax version: 0.4.19
Available devices: [cuda(id=0)]

############# Inductive Bias Learning for Dynamical Systems #############

Jax version: 0.4.19
Available devices: [cuda(id=0)]

############# Inductive Bias Learning for Dynamical Systems #############

Jax version: 0.4.19
Available devices: [cuda(id=0)]

############# Inductive Bias Learning for Dynamical Systems #############

Jax version: 0.4.19
Available devices: [cuda(id=0)]

############# Inductive Bias Learning for Dynamical Systems #############

Jax version: 0.4.19
Available devices: [cuda(id=0)]

############# Inductive Bias Learning for Dynamical Systems #############

Jax version: 0.4.19
Available devices: [cuda(id=0)]

############# Inductive Bias Learning for Dynamical Systems #############

Jax version: 0.4.19
Available devices: [cuda(id=0)]

############# Inductive Bias Learning for Dynamical Systems #############

Jax version: 0.4.19
Available devices: [cuda(id=0)]

############# Inductive Bias Learning for Dynamical Systems #############

Jax version: 0.4.19
Available devices: [cuda(id=0)]

############# Inductive Bias Learning for Dynamical Systems #############

Jax version: 0.4.19
Available devices: [cuda(id=0)]

############# Inductive Bias Learning for Dynamical Systems #############

Jax version: 0.4.19
Available devices: [cuda(id=0)]

############# Inductive Bias Learning for Dynamical Systems #############

Jax version: 0.4.19
Available devices: [cuda(id=0)]

############# Inductive Bias Learning for Dynamical Systems #############

Jax version: 0.4.19
Available devices: [cuda(id=0)]

############# Inductive Bias Learning for Dynamical Systems #############

Jax version: 0.4.19
Available devices: [cuda(id=0)]

############# Inductive Bias Learning for Dynamical Systems #############

Jax version: 0.4.19
Available devices: [cuda(id=0)]

############# Inductive Bias Learning for Dynamical Systems #############

Jax version: 0.4.19
Available devices: [cuda(id=0)]

############# Inductive Bias Learning for Dynamical Systems #############

Jax version: 0.4.19
Available devices: [cuda(id=0)]

############# Inductive Bias Learning for Dynamical Systems #############

Jax version: 0.4.19
Available devices: [cuda(id=0)]

############# Inductive Bias Learning for Dynamical Systems #############

Jax version: 0.4.19
Available devices: [cuda(id=0)]

############# Inductive Bias Learning for Dynamical Systems #############

Jax version: 0.4.19
Available devices: [cuda(id=0)]

############# Inductive Bias Learning for Dynamical Systems #############

Jax version: 0.4.19
Available devices: [cuda(id=0)]


Mean and std of the scores across various datasets

